{"/home/jobaa/Desktop/Misrify Project/Graduation-Project/server/controllers/auth.controllers.js": {"path":"/home/jobaa/Desktop/Misrify Project/Graduation-Project/server/controllers/auth.controllers.js","statementMap":{"0":{"start":{"line":13,"column":0},"end":{"line":13,"column":16}},"1":{"start":{"line":15,"column":22},"end":{"line":49,"column":1}},"2":{"start":{"line":16,"column":68},"end":{"line":16,"column":76}},"3":{"start":{"line":18,"column":24},"end":{"line":18,"column":53}},"4":{"start":{"line":20,"column":4},"end":{"line":22,"column":5}},"5":{"start":{"line":21,"column":8},"end":{"line":21,"column":60}},"6":{"start":{"line":24,"column":17},"end":{"line":24,"column":82}},"7":{"start":{"line":26,"column":4},"end":{"line":28,"column":5}},"8":{"start":{"line":27,"column":8},"end":{"line":27,"column":26}},"9":{"start":{"line":30,"column":31},"end":{"line":30,"column":44}},"10":{"start":{"line":32,"column":4},"end":{"line":32,"column":19}},"11":{"start":{"line":33,"column":4},"end":{"line":33,"column":31}},"12":{"start":{"line":35,"column":4},"end":{"line":35,"column":51}},"13":{"start":{"line":37,"column":42},"end":{"line":37,"column":65}},"14":{"start":{"line":39,"column":4},"end":{"line":39,"column":52}},"15":{"start":{"line":41,"column":4},"end":{"line":41,"column":56}},"16":{"start":{"line":43,"column":4},"end":{"line":43,"column":22}},"17":{"start":{"line":45,"column":4},"end":{"line":45,"column":30}},"18":{"start":{"line":46,"column":4},"end":{"line":46,"column":25}},"19":{"start":{"line":48,"column":4},"end":{"line":48,"column":87}},"20":{"start":{"line":51,"column":27},"end":{"line":78,"column":1}},"21":{"start":{"line":52,"column":27},"end":{"line":52,"column":35}},"22":{"start":{"line":54,"column":17},"end":{"line":54,"column":66}},"23":{"start":{"line":56,"column":4},"end":{"line":58,"column":5}},"24":{"start":{"line":57,"column":8},"end":{"line":57,"column":61}},"25":{"start":{"line":60,"column":4},"end":{"line":62,"column":5}},"26":{"start":{"line":61,"column":8},"end":{"line":61,"column":53}},"27":{"start":{"line":64,"column":4},"end":{"line":66,"column":5}},"28":{"start":{"line":65,"column":8},"end":{"line":65,"column":53}},"29":{"start":{"line":68,"column":4},"end":{"line":68,"column":20}},"30":{"start":{"line":69,"column":4},"end":{"line":69,"column":26}},"31":{"start":{"line":71,"column":4},"end":{"line":71,"column":27}},"32":{"start":{"line":73,"column":4},"end":{"line":73,"column":22}},"33":{"start":{"line":75,"column":4},"end":{"line":75,"column":50}},"34":{"start":{"line":77,"column":4},"end":{"line":77,"column":89}},"35":{"start":{"line":80,"column":21},"end":{"line":110,"column":1}},"36":{"start":{"line":81,"column":32},"end":{"line":81,"column":40}},"37":{"start":{"line":83,"column":17},"end":{"line":83,"column":46}},"38":{"start":{"line":85,"column":4},"end":{"line":87,"column":5}},"39":{"start":{"line":86,"column":8},"end":{"line":86,"column":81}},"40":{"start":{"line":89,"column":4},"end":{"line":89,"column":50}},"41":{"start":{"line":91,"column":4},"end":{"line":93,"column":5}},"42":{"start":{"line":92,"column":8},"end":{"line":92,"column":59}},"43":{"start":{"line":95,"column":28},"end":{"line":95,"column":64}},"44":{"start":{"line":97,"column":4},"end":{"line":99,"column":5}},"45":{"start":{"line":98,"column":8},"end":{"line":98,"column":81}},"46":{"start":{"line":101,"column":42},"end":{"line":101,"column":65}},"47":{"start":{"line":103,"column":4},"end":{"line":103,"column":52}},"48":{"start":{"line":105,"column":4},"end":{"line":105,"column":56}},"49":{"start":{"line":107,"column":4},"end":{"line":107,"column":29}},"50":{"start":{"line":109,"column":4},"end":{"line":109,"column":89}},"51":{"start":{"line":112,"column":30},"end":{"line":131,"column":1}},"52":{"start":{"line":113,"column":22},"end":{"line":113,"column":30}},"53":{"start":{"line":115,"column":17},"end":{"line":115,"column":46}},"54":{"start":{"line":117,"column":4},"end":{"line":119,"column":5}},"55":{"start":{"line":118,"column":8},"end":{"line":118,"column":56}},"56":{"start":{"line":121,"column":57},"end":{"line":121,"column":83}},"57":{"start":{"line":123,"column":4},"end":{"line":123,"column":45}},"58":{"start":{"line":124,"column":4},"end":{"line":124,"column":57}},"59":{"start":{"line":126,"column":4},"end":{"line":126,"column":22}},"60":{"start":{"line":128,"column":4},"end":{"line":128,"column":53}},"61":{"start":{"line":130,"column":4},"end":{"line":130,"column":114}},"62":{"start":{"line":133,"column":29},"end":{"line":160,"column":1}},"63":{"start":{"line":134,"column":53},"end":{"line":134,"column":61}},"64":{"start":{"line":136,"column":17},"end":{"line":136,"column":46}},"65":{"start":{"line":138,"column":4},"end":{"line":140,"column":5}},"66":{"start":{"line":139,"column":8},"end":{"line":139,"column":61}},"67":{"start":{"line":142,"column":4},"end":{"line":144,"column":5}},"68":{"start":{"line":143,"column":8},"end":{"line":143,"column":53}},"69":{"start":{"line":146,"column":4},"end":{"line":148,"column":5}},"70":{"start":{"line":147,"column":8},"end":{"line":147,"column":53}},"71":{"start":{"line":150,"column":4},"end":{"line":150,"column":32}},"72":{"start":{"line":152,"column":4},"end":{"line":152,"column":33}},"73":{"start":{"line":153,"column":4},"end":{"line":153,"column":39}},"74":{"start":{"line":155,"column":4},"end":{"line":155,"column":22}},"75":{"start":{"line":157,"column":4},"end":{"line":157,"column":29}},"76":{"start":{"line":159,"column":4},"end":{"line":159,"column":89}},"77":{"start":{"line":162,"column":22},"end":{"line":177,"column":1}},"78":{"start":{"line":164,"column":25},"end":{"line":164,"column":49}},"79":{"start":{"line":166,"column":4},"end":{"line":170,"column":5}},"80":{"start":{"line":167,"column":29},"end":{"line":167,"column":84}},"81":{"start":{"line":169,"column":8},"end":{"line":169,"column":63}},"82":{"start":{"line":172,"column":4},"end":{"line":172,"column":35}},"83":{"start":{"line":174,"column":4},"end":{"line":174,"column":36}},"84":{"start":{"line":176,"column":4},"end":{"line":176,"column":87}},"85":{"start":{"line":179,"column":35},"end":{"line":205,"column":1}},"86":{"start":{"line":181,"column":25},"end":{"line":181,"column":49}},"87":{"start":{"line":183,"column":4},"end":{"line":185,"column":5}},"88":{"start":{"line":184,"column":8},"end":{"line":184,"column":54}},"89":{"start":{"line":187,"column":25},"end":{"line":187,"column":80}},"90":{"start":{"line":189,"column":24},"end":{"line":189,"column":78}},"91":{"start":{"line":191,"column":4},"end":{"line":193,"column":5}},"92":{"start":{"line":192,"column":8},"end":{"line":192,"column":77}},"93":{"start":{"line":195,"column":27},"end":{"line":195,"column":114}},"94":{"start":{"line":197,"column":4},"end":{"line":202,"column":6}},"95":{"start":{"line":204,"column":4},"end":{"line":204,"column":85}},"96":{"start":{"line":207,"column":25},"end":{"line":209,"column":1}},"97":{"start":{"line":208,"column":4},"end":{"line":208,"column":85}}},"fnMap":{"0":{"name":"(anonymous_0)","decl":{"start":{"line":15,"column":22},"end":{"line":15,"column":23}},"loc":{"start":{"line":15,"column":48},"end":{"line":49,"column":1}},"line":15},"1":{"name":"(anonymous_1)","decl":{"start":{"line":51,"column":27},"end":{"line":51,"column":28}},"loc":{"start":{"line":51,"column":53},"end":{"line":78,"column":1}},"line":51},"2":{"name":"(anonymous_2)","decl":{"start":{"line":80,"column":21},"end":{"line":80,"column":22}},"loc":{"start":{"line":80,"column":47},"end":{"line":110,"column":1}},"line":80},"3":{"name":"(anonymous_3)","decl":{"start":{"line":112,"column":30},"end":{"line":112,"column":31}},"loc":{"start":{"line":112,"column":56},"end":{"line":131,"column":1}},"line":112},"4":{"name":"(anonymous_4)","decl":{"start":{"line":133,"column":29},"end":{"line":133,"column":30}},"loc":{"start":{"line":133,"column":55},"end":{"line":160,"column":1}},"line":133},"5":{"name":"(anonymous_5)","decl":{"start":{"line":162,"column":22},"end":{"line":162,"column":23}},"loc":{"start":{"line":162,"column":42},"end":{"line":177,"column":1}},"line":162},"6":{"name":"(anonymous_6)","decl":{"start":{"line":179,"column":35},"end":{"line":179,"column":36}},"loc":{"start":{"line":179,"column":61},"end":{"line":205,"column":1}},"line":179},"7":{"name":"(anonymous_7)","decl":{"start":{"line":207,"column":25},"end":{"line":207,"column":26}},"loc":{"start":{"line":207,"column":45},"end":{"line":209,"column":1}},"line":207}},"branchMap":{"0":{"loc":{"start":{"line":20,"column":4},"end":{"line":22,"column":5}},"type":"if","locations":[{"start":{"line":20,"column":4},"end":{"line":22,"column":5}},{"start":{},"end":{}}],"line":20},"1":{"loc":{"start":{"line":26,"column":4},"end":{"line":28,"column":5}},"type":"if","locations":[{"start":{"line":26,"column":4},"end":{"line":28,"column":5}},{"start":{},"end":{}}],"line":26},"2":{"loc":{"start":{"line":56,"column":4},"end":{"line":58,"column":5}},"type":"if","locations":[{"start":{"line":56,"column":4},"end":{"line":58,"column":5}},{"start":{},"end":{}}],"line":56},"3":{"loc":{"start":{"line":60,"column":4},"end":{"line":62,"column":5}},"type":"if","locations":[{"start":{"line":60,"column":4},"end":{"line":62,"column":5}},{"start":{},"end":{}}],"line":60},"4":{"loc":{"start":{"line":64,"column":4},"end":{"line":66,"column":5}},"type":"if","locations":[{"start":{"line":64,"column":4},"end":{"line":66,"column":5}},{"start":{},"end":{}}],"line":64},"5":{"loc":{"start":{"line":85,"column":4},"end":{"line":87,"column":5}},"type":"if","locations":[{"start":{"line":85,"column":4},"end":{"line":87,"column":5}},{"start":{},"end":{}}],"line":85},"6":{"loc":{"start":{"line":91,"column":4},"end":{"line":93,"column":5}},"type":"if","locations":[{"start":{"line":91,"column":4},"end":{"line":93,"column":5}},{"start":{},"end":{}}],"line":91},"7":{"loc":{"start":{"line":97,"column":4},"end":{"line":99,"column":5}},"type":"if","locations":[{"start":{"line":97,"column":4},"end":{"line":99,"column":5}},{"start":{},"end":{}}],"line":97},"8":{"loc":{"start":{"line":117,"column":4},"end":{"line":119,"column":5}},"type":"if","locations":[{"start":{"line":117,"column":4},"end":{"line":119,"column":5}},{"start":{},"end":{}}],"line":117},"9":{"loc":{"start":{"line":138,"column":4},"end":{"line":140,"column":5}},"type":"if","locations":[{"start":{"line":138,"column":4},"end":{"line":140,"column":5}},{"start":{},"end":{}}],"line":138},"10":{"loc":{"start":{"line":142,"column":4},"end":{"line":144,"column":5}},"type":"if","locations":[{"start":{"line":142,"column":4},"end":{"line":144,"column":5}},{"start":{},"end":{}}],"line":142},"11":{"loc":{"start":{"line":146,"column":4},"end":{"line":148,"column":5}},"type":"if","locations":[{"start":{"line":146,"column":4},"end":{"line":148,"column":5}},{"start":{},"end":{}}],"line":146},"12":{"loc":{"start":{"line":166,"column":4},"end":{"line":170,"column":5}},"type":"if","locations":[{"start":{"line":166,"column":4},"end":{"line":170,"column":5}},{"start":{},"end":{}}],"line":166},"13":{"loc":{"start":{"line":183,"column":4},"end":{"line":185,"column":5}},"type":"if","locations":[{"start":{"line":183,"column":4},"end":{"line":185,"column":5}},{"start":{},"end":{}}],"line":183},"14":{"loc":{"start":{"line":191,"column":4},"end":{"line":193,"column":5}},"type":"if","locations":[{"start":{"line":191,"column":4},"end":{"line":193,"column":5}},{"start":{},"end":{}}],"line":191}},"s":{"0":1,"1":1,"2":0,"3":0,"4":0,"5":0,"6":0,"7":0,"8":0,"9":0,"10":0,"11":0,"12":0,"13":0,"14":0,"15":0,"16":0,"17":0,"18":0,"19":0,"20":1,"21":0,"22":0,"23":0,"24":0,"25":0,"26":0,"27":0,"28":0,"29":0,"30":0,"31":0,"32":0,"33":0,"34":0,"35":1,"36":4,"37":4,"38":4,"39":1,"40":3,"41":3,"42":1,"43":2,"44":2,"45":1,"46":1,"47":1,"48":1,"49":1,"50":1,"51":1,"52":0,"53":0,"54":0,"55":0,"56":0,"57":0,"58":0,"59":0,"60":0,"61":0,"62":1,"63":0,"64":0,"65":0,"66":0,"67":0,"68":0,"69":0,"70":0,"71":0,"72":0,"73":0,"74":0,"75":0,"76":0,"77":1,"78":0,"79":0,"80":0,"81":0,"82":0,"83":0,"84":0,"85":1,"86":0,"87":0,"88":0,"89":0,"90":0,"91":0,"92":0,"93":0,"94":0,"95":0,"96":1,"97":0},"f":{"0":0,"1":0,"2":4,"3":0,"4":0,"5":0,"6":0,"7":0},"b":{"0":[0,0],"1":[0,0],"2":[0,0],"3":[0,0],"4":[0,0],"5":[1,3],"6":[1,2],"7":[1,1],"8":[0,0],"9":[0,0],"10":[0,0],"11":[0,0],"12":[0,0],"13":[0,0],"14":[0,0]},"_coverageSchema":"1a1c01bbd47fc00a2c39e90264f33305004495a9","hash":"bdae0e158d915182704956dc24d5a10b8a5564db"}
,"/home/jobaa/Desktop/Misrify Project/Graduation-Project/server/controllers/checkout.controllers.js": {"path":"/home/jobaa/Desktop/Misrify Project/Graduation-Project/server/controllers/checkout.controllers.js","statementMap":{"0":{"start":{"line":15,"column":26},"end":{"line":23,"column":1}},"1":{"start":{"line":16,"column":20},"end":{"line":16,"column":61}},"2":{"start":{"line":18,"column":4},"end":{"line":20,"column":5}},"3":{"start":{"line":19,"column":8},"end":{"line":19,"column":72}},"4":{"start":{"line":22,"column":4},"end":{"line":22,"column":62}},"5":{"start":{"line":25,"column":39},"end":{"line":68,"column":1}},"6":{"start":{"line":27,"column":23},"end":{"line":27,"column":31}},"7":{"start":{"line":29,"column":4},"end":{"line":31,"column":5}},"8":{"start":{"line":30,"column":8},"end":{"line":30,"column":65}},"9":{"start":{"line":33,"column":17},"end":{"line":33,"column":50}},"10":{"start":{"line":35,"column":4},"end":{"line":37,"column":5}},"11":{"start":{"line":36,"column":8},"end":{"line":36,"column":59}},"12":{"start":{"line":39,"column":21},"end":{"line":39,"column":46}},"13":{"start":{"line":41,"column":4},"end":{"line":41,"column":26}},"14":{"start":{"line":42,"column":4},"end":{"line":42,"column":22}},"15":{"start":{"line":44,"column":19},"end":{"line":50,"column":6}},"16":{"start":{"line":52,"column":4},"end":{"line":52,"column":24}},"17":{"start":{"line":54,"column":4},"end":{"line":60,"column":6}},"18":{"start":{"line":62,"column":4},"end":{"line":66,"column":6}},"19":{"start":{"line":70,"column":25},"end":{"line":85,"column":1}},"20":{"start":{"line":71,"column":19},"end":{"line":78,"column":10}},"21":{"start":{"line":80,"column":4},"end":{"line":82,"column":5}},"22":{"start":{"line":81,"column":8},"end":{"line":81,"column":71}},"23":{"start":{"line":84,"column":4},"end":{"line":84,"column":60}},"24":{"start":{"line":87,"column":28},"end":{"line":108,"column":1}},"25":{"start":{"line":88,"column":15},"end":{"line":88,"column":28}},"26":{"start":{"line":90,"column":4},"end":{"line":92,"column":5}},"27":{"start":{"line":91,"column":8},"end":{"line":91,"column":67}},"28":{"start":{"line":94,"column":18},"end":{"line":101,"column":10}},"29":{"start":{"line":103,"column":4},"end":{"line":105,"column":5}},"30":{"start":{"line":104,"column":8},"end":{"line":104,"column":57}},"31":{"start":{"line":107,"column":4},"end":{"line":107,"column":53}},"32":{"start":{"line":110,"column":26},"end":{"line":214,"column":1}},"33":{"start":{"line":117,"column":8},"end":{"line":117,"column":16}},"34":{"start":{"line":118,"column":0},"end":{"line":120,"column":1}},"35":{"start":{"line":119,"column":2},"end":{"line":119,"column":65}},"36":{"start":{"line":121,"column":0},"end":{"line":123,"column":1}},"37":{"start":{"line":122,"column":2},"end":{"line":122,"column":64}},"38":{"start":{"line":124,"column":26},"end":{"line":124,"column":28}},"39":{"start":{"line":125,"column":21},"end":{"line":125,"column":22}},"40":{"start":{"line":127,"column":4},"end":{"line":153,"column":1}},"41":{"start":{"line":128,"column":18},"end":{"line":128,"column":54}},"42":{"start":{"line":130,"column":2},"end":{"line":132,"column":3}},"43":{"start":{"line":131,"column":4},"end":{"line":131,"column":59}},"44":{"start":{"line":134,"column":2},"end":{"line":136,"column":3}},"45":{"start":{"line":135,"column":4},"end":{"line":135,"column":67}},"46":{"start":{"line":138,"column":2},"end":{"line":140,"column":3}},"47":{"start":{"line":139,"column":4},"end":{"line":139,"column":77}},"48":{"start":{"line":143,"column":20},"end":{"line":149,"column":4}},"49":{"start":{"line":151,"column":2},"end":{"line":151,"column":36}},"50":{"start":{"line":152,"column":2},"end":{"line":152,"column":46}},"51":{"start":{"line":156,"column":21},"end":{"line":156,"column":31}},"52":{"start":{"line":157,"column":23},"end":{"line":157,"column":27}},"53":{"start":{"line":159,"column":0},"end":{"line":168,"column":1}},"54":{"start":{"line":160,"column":19},"end":{"line":160,"column":73}},"55":{"start":{"line":161,"column":2},"end":{"line":163,"column":3}},"56":{"start":{"line":162,"column":4},"end":{"line":162,"column":65}},"57":{"start":{"line":164,"column":2},"end":{"line":164,"column":58}},"58":{"start":{"line":165,"column":2},"end":{"line":165,"column":31}},"59":{"start":{"line":166,"column":2},"end":{"line":166,"column":28}},"60":{"start":{"line":167,"column":2},"end":{"line":167,"column":24}},"61":{"start":{"line":171,"column":22},"end":{"line":171,"column":77}},"62":{"start":{"line":174,"column":18},"end":{"line":183,"column":6}},"63":{"start":{"line":186,"column":4},"end":{"line":190,"column":6}},"64":{"start":{"line":193,"column":27},"end":{"line":200,"column":44}},"65":{"start":{"line":202,"column":4},"end":{"line":208,"column":6}},"66":{"start":{"line":210,"column":4},"end":{"line":213,"column":7}},"67":{"start":{"line":216,"column":27},"end":{"line":470,"column":1}},"68":{"start":{"line":217,"column":20},"end":{"line":217,"column":33}},"69":{"start":{"line":218,"column":88},"end":{"line":218,"column":96}},"70":{"start":{"line":220,"column":18},"end":{"line":220,"column":47}},"71":{"start":{"line":222,"column":4},"end":{"line":224,"column":5}},"72":{"start":{"line":223,"column":8},"end":{"line":223,"column":58}},"73":{"start":{"line":227,"column":4},"end":{"line":229,"column":5}},"74":{"start":{"line":228,"column":8},"end":{"line":228,"column":76}},"75":{"start":{"line":232,"column":4},"end":{"line":234,"column":5}},"76":{"start":{"line":233,"column":8},"end":{"line":233,"column":76}},"77":{"start":{"line":237,"column":4},"end":{"line":237,"column":69}},"78":{"start":{"line":238,"column":4},"end":{"line":238,"column":66}},"79":{"start":{"line":241,"column":4},"end":{"line":262,"column":5}},"80":{"start":{"line":243,"column":23},"end":{"line":243,"column":65}},"81":{"start":{"line":245,"column":8},"end":{"line":247,"column":9}},"82":{"start":{"line":246,"column":12},"end":{"line":246,"column":66}},"83":{"start":{"line":250,"column":8},"end":{"line":252,"column":9}},"84":{"start":{"line":251,"column":12},"end":{"line":251,"column":72}},"85":{"start":{"line":255,"column":28},"end":{"line":255,"column":38}},"86":{"start":{"line":256,"column":8},"end":{"line":258,"column":9}},"87":{"start":{"line":257,"column":12},"end":{"line":257,"column":70}},"88":{"start":{"line":261,"column":8},"end":{"line":261,"column":34}},"89":{"start":{"line":265,"column":4},"end":{"line":378,"column":5}},"90":{"start":{"line":266,"column":8},"end":{"line":377,"column":9}},"91":{"start":{"line":267,"column":76},"end":{"line":267,"column":85}},"92":{"start":{"line":269,"column":12},"end":{"line":376,"column":13}},"93":{"start":{"line":272,"column":20},"end":{"line":274,"column":21}},"94":{"start":{"line":273,"column":24},"end":{"line":273,"column":106}},"95":{"start":{"line":277,"column":39},"end":{"line":277,"column":72}},"96":{"start":{"line":278,"column":20},"end":{"line":280,"column":21}},"97":{"start":{"line":279,"column":24},"end":{"line":279,"column":97}},"98":{"start":{"line":283,"column":20},"end":{"line":285,"column":21}},"99":{"start":{"line":284,"column":24},"end":{"line":284,"column":100}},"100":{"start":{"line":288,"column":41},"end":{"line":294,"column":22}},"101":{"start":{"line":297,"column":20},"end":{"line":297,"column":60}},"102":{"start":{"line":298,"column":20},"end":{"line":298,"column":26}},"103":{"start":{"line":302,"column":20},"end":{"line":304,"column":21}},"104":{"start":{"line":303,"column":24},"end":{"line":303,"column":102}},"105":{"start":{"line":307,"column":38},"end":{"line":307,"column":75}},"106":{"start":{"line":308,"column":20},"end":{"line":310,"column":21}},"107":{"start":{"line":309,"column":24},"end":{"line":309,"column":102}},"108":{"start":{"line":313,"column":52},"end":{"line":315,"column":21}},"109":{"start":{"line":314,"column":32},"end":{"line":314,"column":63}},"110":{"start":{"line":317,"column":20},"end":{"line":319,"column":21}},"111":{"start":{"line":318,"column":24},"end":{"line":318,"column":99}},"112":{"start":{"line":322,"column":36},"end":{"line":322,"column":77}},"113":{"start":{"line":323,"column":20},"end":{"line":325,"column":21}},"114":{"start":{"line":324,"column":24},"end":{"line":324,"column":103}},"115":{"start":{"line":328,"column":20},"end":{"line":334,"column":21}},"116":{"start":{"line":329,"column":24},"end":{"line":331,"column":25}},"117":{"start":{"line":330,"column":28},"end":{"line":330,"column":101}},"118":{"start":{"line":332,"column":24},"end":{"line":332,"column":54}},"119":{"start":{"line":333,"column":24},"end":{"line":333,"column":67}},"120":{"start":{"line":337,"column":20},"end":{"line":339,"column":21}},"121":{"start":{"line":338,"column":24},"end":{"line":338,"column":48}},"122":{"start":{"line":342,"column":20},"end":{"line":344,"column":21}},"123":{"start":{"line":343,"column":24},"end":{"line":343,"column":46}},"124":{"start":{"line":347,"column":20},"end":{"line":347,"column":43}},"125":{"start":{"line":348,"column":20},"end":{"line":348,"column":26}},"126":{"start":{"line":352,"column":20},"end":{"line":354,"column":21}},"127":{"start":{"line":353,"column":24},"end":{"line":353,"column":102}},"128":{"start":{"line":357,"column":47},"end":{"line":359,"column":21}},"129":{"start":{"line":358,"column":32},"end":{"line":358,"column":63}},"130":{"start":{"line":361,"column":20},"end":{"line":363,"column":21}},"131":{"start":{"line":362,"column":24},"end":{"line":362,"column":99}},"132":{"start":{"line":366,"column":20},"end":{"line":368,"column":22}},"133":{"start":{"line":367,"column":32},"end":{"line":367,"column":63}},"134":{"start":{"line":371,"column":20},"end":{"line":371,"column":67}},"135":{"start":{"line":372,"column":20},"end":{"line":372,"column":26}},"136":{"start":{"line":375,"column":20},"end":{"line":375,"column":86}},"137":{"start":{"line":381,"column":4},"end":{"line":430,"column":5}},"138":{"start":{"line":382,"column":8},"end":{"line":429,"column":9}},"139":{"start":{"line":383,"column":59},"end":{"line":383,"column":63}},"140":{"start":{"line":386,"column":30},"end":{"line":386,"column":67}},"141":{"start":{"line":388,"column":12},"end":{"line":390,"column":13}},"142":{"start":{"line":389,"column":16},"end":{"line":389,"column":94}},"143":{"start":{"line":393,"column":44},"end":{"line":395,"column":13}},"144":{"start":{"line":394,"column":24},"end":{"line":394,"column":55}},"145":{"start":{"line":397,"column":12},"end":{"line":399,"column":13}},"146":{"start":{"line":398,"column":16},"end":{"line":398,"column":91}},"147":{"start":{"line":402,"column":28},"end":{"line":402,"column":69}},"148":{"start":{"line":404,"column":12},"end":{"line":406,"column":13}},"149":{"start":{"line":405,"column":16},"end":{"line":405,"column":95}},"150":{"start":{"line":409,"column":12},"end":{"line":415,"column":13}},"151":{"start":{"line":410,"column":16},"end":{"line":412,"column":17}},"152":{"start":{"line":411,"column":20},"end":{"line":411,"column":93}},"153":{"start":{"line":413,"column":16},"end":{"line":413,"column":46}},"154":{"start":{"line":414,"column":16},"end":{"line":414,"column":59}},"155":{"start":{"line":418,"column":12},"end":{"line":420,"column":13}},"156":{"start":{"line":419,"column":16},"end":{"line":419,"column":40}},"157":{"start":{"line":423,"column":12},"end":{"line":425,"column":13}},"158":{"start":{"line":424,"column":16},"end":{"line":424,"column":38}},"159":{"start":{"line":428,"column":12},"end":{"line":428,"column":35}},"160":{"start":{"line":433,"column":30},"end":{"line":435,"column":6}},"161":{"start":{"line":437,"column":21},"end":{"line":437,"column":81}},"162":{"start":{"line":437,"column":61},"end":{"line":437,"column":77}},"163":{"start":{"line":440,"column":4},"end":{"line":448,"column":5}},"164":{"start":{"line":441,"column":25},"end":{"line":441,"column":60}},"165":{"start":{"line":442,"column":8},"end":{"line":447,"column":9}},"166":{"start":{"line":444,"column":12},"end":{"line":444,"column":68}},"167":{"start":{"line":445,"column":12},"end":{"line":445,"column":38}},"168":{"start":{"line":446,"column":12},"end":{"line":446,"column":33}},"169":{"start":{"line":451,"column":4},"end":{"line":451,"column":34}},"170":{"start":{"line":454,"column":4},"end":{"line":454,"column":23}},"171":{"start":{"line":457,"column":25},"end":{"line":464,"column":45}},"172":{"start":{"line":466,"column":4},"end":{"line":469,"column":7}},"173":{"start":{"line":472,"column":27},"end":{"line":505,"column":1}},"174":{"start":{"line":473,"column":19},"end":{"line":473,"column":29}},"175":{"start":{"line":475,"column":4},"end":{"line":477,"column":5}},"176":{"start":{"line":476,"column":8},"end":{"line":476,"column":63}},"177":{"start":{"line":479,"column":18},"end":{"line":479,"column":42}},"178":{"start":{"line":481,"column":4},"end":{"line":483,"column":5}},"179":{"start":{"line":482,"column":8},"end":{"line":482,"column":58}},"180":{"start":{"line":486,"column":4},"end":{"line":488,"column":5}},"181":{"start":{"line":487,"column":8},"end":{"line":487,"column":78}},"182":{"start":{"line":490,"column":4},"end":{"line":492,"column":5}},"183":{"start":{"line":491,"column":8},"end":{"line":491,"column":78}},"184":{"start":{"line":499,"column":4},"end":{"line":499,"column":38}},"185":{"start":{"line":501,"column":4},"end":{"line":504,"column":7}},"186":{"start":{"line":507,"column":33},"end":{"line":651,"column":1}},"187":{"start":{"line":510,"column":19},"end":{"line":510,"column":31}},"188":{"start":{"line":511,"column":24},"end":{"line":511,"column":32}},"189":{"start":{"line":513,"column":4},"end":{"line":513,"column":83}},"190":{"start":{"line":516,"column":18},"end":{"line":516,"column":70}},"191":{"start":{"line":517,"column":4},"end":{"line":519,"column":5}},"192":{"start":{"line":518,"column":8},"end":{"line":518,"column":57}},"193":{"start":{"line":522,"column":4},"end":{"line":524,"column":5}},"194":{"start":{"line":523,"column":8},"end":{"line":523,"column":57}},"195":{"start":{"line":527,"column":4},"end":{"line":532,"column":5}},"196":{"start":{"line":528,"column":8},"end":{"line":531,"column":11}},"197":{"start":{"line":536,"column":4},"end":{"line":547,"column":5}},"198":{"start":{"line":537,"column":8},"end":{"line":539,"column":11}},"199":{"start":{"line":541,"column":8},"end":{"line":541,"column":93}},"200":{"start":{"line":542,"column":8},"end":{"line":546,"column":11}},"201":{"start":{"line":549,"column":22},"end":{"line":549,"column":45}},"202":{"start":{"line":553,"column":4},"end":{"line":574,"column":5}},"203":{"start":{"line":554,"column":27},"end":{"line":558,"column":11}},"204":{"start":{"line":554,"column":57},"end":{"line":558,"column":9}},"205":{"start":{"line":560,"column":8},"end":{"line":566,"column":11}},"206":{"start":{"line":568,"column":8},"end":{"line":568,"column":93}},"207":{"start":{"line":569,"column":8},"end":{"line":573,"column":11}},"208":{"start":{"line":576,"column":26},"end":{"line":576,"column":47}},"209":{"start":{"line":580,"column":4},"end":{"line":618,"column":5}},"210":{"start":{"line":582,"column":26},"end":{"line":582,"column":66}},"211":{"start":{"line":583,"column":26},"end":{"line":583,"column":90}},"212":{"start":{"line":584,"column":25},"end":{"line":584,"column":104}},"213":{"start":{"line":585,"column":22},"end":{"line":585,"column":53}},"214":{"start":{"line":587,"column":8},"end":{"line":610,"column":11}},"215":{"start":{"line":612,"column":8},"end":{"line":612,"column":92}},"216":{"start":{"line":613,"column":8},"end":{"line":617,"column":11}},"217":{"start":{"line":620,"column":25},"end":{"line":620,"column":54}},"218":{"start":{"line":623,"column":20},"end":{"line":633,"column":6}},"219":{"start":{"line":635,"column":4},"end":{"line":635,"column":25}},"220":{"start":{"line":638,"column":22},"end":{"line":638,"column":122}},"221":{"start":{"line":641,"column":4},"end":{"line":650,"column":7}},"222":{"start":{"line":653,"column":37},"end":{"line":696,"column":1}},"223":{"start":{"line":655,"column":17},"end":{"line":655,"column":61}},"224":{"start":{"line":656,"column":47},"end":{"line":656,"column":51}},"225":{"start":{"line":659,"column":26},"end":{"line":659,"column":74}},"226":{"start":{"line":660,"column":22},"end":{"line":660,"column":95}},"227":{"start":{"line":661,"column":26},"end":{"line":661,"column":78}},"228":{"start":{"line":663,"column":4},"end":{"line":665,"column":5}},"229":{"start":{"line":664,"column":8},"end":{"line":664,"column":66}},"230":{"start":{"line":668,"column":20},"end":{"line":668,"column":92}},"231":{"start":{"line":670,"column":4},"end":{"line":672,"column":5}},"232":{"start":{"line":671,"column":8},"end":{"line":671,"column":60}},"233":{"start":{"line":675,"column":4},"end":{"line":675,"column":54}},"234":{"start":{"line":676,"column":4},"end":{"line":676,"column":57}},"235":{"start":{"line":677,"column":4},"end":{"line":677,"column":25}},"236":{"start":{"line":680,"column":4},"end":{"line":695,"column":5}},"237":{"start":{"line":681,"column":28},"end":{"line":681,"column":63}},"238":{"start":{"line":682,"column":8},"end":{"line":689,"column":9}},"239":{"start":{"line":683,"column":12},"end":{"line":683,"column":40}},"240":{"start":{"line":684,"column":12},"end":{"line":684,"column":37}},"241":{"start":{"line":685,"column":12},"end":{"line":688,"column":15}},"242":{"start":{"line":691,"column":8},"end":{"line":694,"column":11}}},"fnMap":{"0":{"name":"(anonymous_0)","decl":{"start":{"line":15,"column":26},"end":{"line":15,"column":27}},"loc":{"start":{"line":15,"column":52},"end":{"line":23,"column":1}},"line":15},"1":{"name":"(anonymous_1)","decl":{"start":{"line":25,"column":39},"end":{"line":25,"column":40}},"loc":{"start":{"line":25,"column":65},"end":{"line":68,"column":1}},"line":25},"2":{"name":"(anonymous_2)","decl":{"start":{"line":70,"column":25},"end":{"line":70,"column":26}},"loc":{"start":{"line":70,"column":51},"end":{"line":85,"column":1}},"line":70},"3":{"name":"(anonymous_3)","decl":{"start":{"line":87,"column":28},"end":{"line":87,"column":29}},"loc":{"start":{"line":87,"column":54},"end":{"line":108,"column":1}},"line":87},"4":{"name":"(anonymous_4)","decl":{"start":{"line":110,"column":26},"end":{"line":110,"column":27}},"loc":{"start":{"line":110,"column":52},"end":{"line":214,"column":1}},"line":110},"5":{"name":"(anonymous_5)","decl":{"start":{"line":216,"column":27},"end":{"line":216,"column":28}},"loc":{"start":{"line":216,"column":53},"end":{"line":470,"column":1}},"line":216},"6":{"name":"(anonymous_6)","decl":{"start":{"line":314,"column":24},"end":{"line":314,"column":25}},"loc":{"start":{"line":314,"column":32},"end":{"line":314,"column":63}},"line":314},"7":{"name":"(anonymous_7)","decl":{"start":{"line":358,"column":24},"end":{"line":358,"column":25}},"loc":{"start":{"line":358,"column":32},"end":{"line":358,"column":63}},"line":358},"8":{"name":"(anonymous_8)","decl":{"start":{"line":367,"column":24},"end":{"line":367,"column":25}},"loc":{"start":{"line":367,"column":32},"end":{"line":367,"column":63}},"line":367},"9":{"name":"(anonymous_9)","decl":{"start":{"line":394,"column":16},"end":{"line":394,"column":17}},"loc":{"start":{"line":394,"column":24},"end":{"line":394,"column":55}},"line":394},"10":{"name":"(anonymous_10)","decl":{"start":{"line":437,"column":46},"end":{"line":437,"column":47}},"loc":{"start":{"line":437,"column":61},"end":{"line":437,"column":77}},"line":437},"11":{"name":"(anonymous_11)","decl":{"start":{"line":472,"column":27},"end":{"line":472,"column":28}},"loc":{"start":{"line":472,"column":53},"end":{"line":505,"column":1}},"line":472},"12":{"name":"(anonymous_12)","decl":{"start":{"line":507,"column":33},"end":{"line":507,"column":34}},"loc":{"start":{"line":507,"column":59},"end":{"line":651,"column":1}},"line":507},"13":{"name":"(anonymous_13)","decl":{"start":{"line":554,"column":48},"end":{"line":554,"column":49}},"loc":{"start":{"line":554,"column":57},"end":{"line":558,"column":9}},"line":554},"14":{"name":"(anonymous_14)","decl":{"start":{"line":653,"column":37},"end":{"line":653,"column":38}},"loc":{"start":{"line":653,"column":63},"end":{"line":696,"column":1}},"line":653}},"branchMap":{"0":{"loc":{"start":{"line":18,"column":4},"end":{"line":20,"column":5}},"type":"if","locations":[{"start":{"line":18,"column":4},"end":{"line":20,"column":5}},{"start":{},"end":{}}],"line":18},"1":{"loc":{"start":{"line":18,"column":8},"end":{"line":18,"column":40}},"type":"binary-expr","locations":[{"start":{"line":18,"column":8},"end":{"line":18,"column":16}},{"start":{"line":18,"column":20},"end":{"line":18,"column":40}}],"line":18},"2":{"loc":{"start":{"line":29,"column":4},"end":{"line":31,"column":5}},"type":"if","locations":[{"start":{"line":29,"column":4},"end":{"line":31,"column":5}},{"start":{},"end":{}}],"line":29},"3":{"loc":{"start":{"line":35,"column":4},"end":{"line":37,"column":5}},"type":"if","locations":[{"start":{"line":35,"column":4},"end":{"line":37,"column":5}},{"start":{},"end":{}}],"line":35},"4":{"loc":{"start":{"line":80,"column":4},"end":{"line":82,"column":5}},"type":"if","locations":[{"start":{"line":80,"column":4},"end":{"line":82,"column":5}},{"start":{},"end":{}}],"line":80},"5":{"loc":{"start":{"line":80,"column":8},"end":{"line":80,"column":38}},"type":"binary-expr","locations":[{"start":{"line":80,"column":8},"end":{"line":80,"column":15}},{"start":{"line":80,"column":19},"end":{"line":80,"column":38}}],"line":80},"6":{"loc":{"start":{"line":90,"column":4},"end":{"line":92,"column":5}},"type":"if","locations":[{"start":{"line":90,"column":4},"end":{"line":92,"column":5}},{"start":{},"end":{}}],"line":90},"7":{"loc":{"start":{"line":103,"column":4},"end":{"line":105,"column":5}},"type":"if","locations":[{"start":{"line":103,"column":4},"end":{"line":105,"column":5}},{"start":{},"end":{}}],"line":103},"8":{"loc":{"start":{"line":118,"column":0},"end":{"line":120,"column":1}},"type":"if","locations":[{"start":{"line":118,"column":0},"end":{"line":120,"column":1}},{"start":{},"end":{}}],"line":118},"9":{"loc":{"start":{"line":118,"column":4},"end":{"line":118,"column":53}},"type":"binary-expr","locations":[{"start":{"line":118,"column":4},"end":{"line":118,"column":20}},{"start":{"line":118,"column":24},"end":{"line":118,"column":53}}],"line":118},"10":{"loc":{"start":{"line":121,"column":0},"end":{"line":123,"column":1}},"type":"if","locations":[{"start":{"line":121,"column":0},"end":{"line":123,"column":1}},{"start":{},"end":{}}],"line":121},"11":{"loc":{"start":{"line":121,"column":4},"end":{"line":121,"column":51}},"type":"binary-expr","locations":[{"start":{"line":121,"column":4},"end":{"line":121,"column":19}},{"start":{"line":121,"column":23},"end":{"line":121,"column":51}}],"line":121},"12":{"loc":{"start":{"line":130,"column":2},"end":{"line":132,"column":3}},"type":"if","locations":[{"start":{"line":130,"column":2},"end":{"line":132,"column":3}},{"start":{},"end":{}}],"line":130},"13":{"loc":{"start":{"line":134,"column":2},"end":{"line":136,"column":3}},"type":"if","locations":[{"start":{"line":134,"column":2},"end":{"line":136,"column":3}},{"start":{},"end":{}}],"line":134},"14":{"loc":{"start":{"line":138,"column":2},"end":{"line":140,"column":3}},"type":"if","locations":[{"start":{"line":138,"column":2},"end":{"line":140,"column":3}},{"start":{},"end":{}}],"line":138},"15":{"loc":{"start":{"line":159,"column":0},"end":{"line":168,"column":1}},"type":"if","locations":[{"start":{"line":159,"column":0},"end":{"line":168,"column":1}},{"start":{},"end":{}}],"line":159},"16":{"loc":{"start":{"line":161,"column":2},"end":{"line":163,"column":3}},"type":"if","locations":[{"start":{"line":161,"column":2},"end":{"line":163,"column":3}},{"start":{},"end":{}}],"line":161},"17":{"loc":{"start":{"line":178,"column":24},"end":{"line":178,"column":52}},"type":"binary-expr","locations":[{"start":{"line":178,"column":24},"end":{"line":178,"column":38}},{"start":{"line":178,"column":42},"end":{"line":178,"column":52}}],"line":178},"18":{"loc":{"start":{"line":222,"column":4},"end":{"line":224,"column":5}},"type":"if","locations":[{"start":{"line":222,"column":4},"end":{"line":224,"column":5}},{"start":{},"end":{}}],"line":222},"19":{"loc":{"start":{"line":227,"column":4},"end":{"line":229,"column":5}},"type":"if","locations":[{"start":{"line":227,"column":4},"end":{"line":229,"column":5}},{"start":{},"end":{}}],"line":227},"20":{"loc":{"start":{"line":232,"column":4},"end":{"line":234,"column":5}},"type":"if","locations":[{"start":{"line":232,"column":4},"end":{"line":234,"column":5}},{"start":{},"end":{}}],"line":232},"21":{"loc":{"start":{"line":237,"column":28},"end":{"line":237,"column":68}},"type":"binary-expr","locations":[{"start":{"line":237,"column":28},"end":{"line":237,"column":43}},{"start":{"line":237,"column":47},"end":{"line":237,"column":68}}],"line":237},"22":{"loc":{"start":{"line":238,"column":27},"end":{"line":238,"column":65}},"type":"binary-expr","locations":[{"start":{"line":238,"column":27},"end":{"line":238,"column":41}},{"start":{"line":238,"column":45},"end":{"line":238,"column":65}}],"line":238},"23":{"loc":{"start":{"line":241,"column":4},"end":{"line":262,"column":5}},"type":"if","locations":[{"start":{"line":241,"column":4},"end":{"line":262,"column":5}},{"start":{},"end":{}}],"line":241},"24":{"loc":{"start":{"line":245,"column":8},"end":{"line":247,"column":9}},"type":"if","locations":[{"start":{"line":245,"column":8},"end":{"line":247,"column":9}},{"start":{},"end":{}}],"line":245},"25":{"loc":{"start":{"line":250,"column":8},"end":{"line":252,"column":9}},"type":"if","locations":[{"start":{"line":250,"column":8},"end":{"line":252,"column":9}},{"start":{},"end":{}}],"line":250},"26":{"loc":{"start":{"line":256,"column":8},"end":{"line":258,"column":9}},"type":"if","locations":[{"start":{"line":256,"column":8},"end":{"line":258,"column":9}},{"start":{},"end":{}}],"line":256},"27":{"loc":{"start":{"line":256,"column":12},"end":{"line":256,"column":82}},"type":"binary-expr","locations":[{"start":{"line":256,"column":12},"end":{"line":256,"column":33}},{"start":{"line":256,"column":37},"end":{"line":256,"column":82}}],"line":256},"28":{"loc":{"start":{"line":265,"column":4},"end":{"line":378,"column":5}},"type":"if","locations":[{"start":{"line":265,"column":4},"end":{"line":378,"column":5}},{"start":{},"end":{}}],"line":265},"29":{"loc":{"start":{"line":265,"column":8},"end":{"line":265,"column":51}},"type":"binary-expr","locations":[{"start":{"line":265,"column":8},"end":{"line":265,"column":22}},{"start":{"line":265,"column":26},"end":{"line":265,"column":51}}],"line":265},"30":{"loc":{"start":{"line":269,"column":12},"end":{"line":376,"column":13}},"type":"switch","locations":[{"start":{"line":270,"column":16},"end":{"line":298,"column":26}},{"start":{"line":300,"column":16},"end":{"line":348,"column":26}},{"start":{"line":350,"column":16},"end":{"line":372,"column":26}},{"start":{"line":374,"column":16},"end":{"line":375,"column":86}}],"line":269},"31":{"loc":{"start":{"line":272,"column":20},"end":{"line":274,"column":21}},"type":"if","locations":[{"start":{"line":272,"column":20},"end":{"line":274,"column":21}},{"start":{},"end":{}}],"line":272},"32":{"loc":{"start":{"line":272,"column":24},"end":{"line":272,"column":47}},"type":"binary-expr","locations":[{"start":{"line":272,"column":24},"end":{"line":272,"column":34}},{"start":{"line":272,"column":38},"end":{"line":272,"column":47}}],"line":272},"33":{"loc":{"start":{"line":278,"column":20},"end":{"line":280,"column":21}},"type":"if","locations":[{"start":{"line":278,"column":20},"end":{"line":280,"column":21}},{"start":{},"end":{}}],"line":278},"34":{"loc":{"start":{"line":283,"column":20},"end":{"line":285,"column":21}},"type":"if","locations":[{"start":{"line":283,"column":20},"end":{"line":285,"column":21}},{"start":{},"end":{}}],"line":283},"35":{"loc":{"start":{"line":292,"column":31},"end":{"line":292,"column":49}},"type":"binary-expr","locations":[{"start":{"line":292,"column":31},"end":{"line":292,"column":36}},{"start":{"line":292,"column":40},"end":{"line":292,"column":49}}],"line":292},"36":{"loc":{"start":{"line":293,"column":30},"end":{"line":293,"column":47}},"type":"binary-expr","locations":[{"start":{"line":293,"column":30},"end":{"line":293,"column":34}},{"start":{"line":293,"column":38},"end":{"line":293,"column":47}}],"line":293},"37":{"loc":{"start":{"line":302,"column":20},"end":{"line":304,"column":21}},"type":"if","locations":[{"start":{"line":302,"column":20},"end":{"line":304,"column":21}},{"start":{},"end":{}}],"line":302},"38":{"loc":{"start":{"line":308,"column":20},"end":{"line":310,"column":21}},"type":"if","locations":[{"start":{"line":308,"column":20},"end":{"line":310,"column":21}},{"start":{},"end":{}}],"line":308},"39":{"loc":{"start":{"line":317,"column":20},"end":{"line":319,"column":21}},"type":"if","locations":[{"start":{"line":317,"column":20},"end":{"line":319,"column":21}},{"start":{},"end":{}}],"line":317},"40":{"loc":{"start":{"line":323,"column":20},"end":{"line":325,"column":21}},"type":"if","locations":[{"start":{"line":323,"column":20},"end":{"line":325,"column":21}},{"start":{},"end":{}}],"line":323},"41":{"loc":{"start":{"line":328,"column":20},"end":{"line":334,"column":21}},"type":"if","locations":[{"start":{"line":328,"column":20},"end":{"line":334,"column":21}},{"start":{},"end":{}}],"line":328},"42":{"loc":{"start":{"line":329,"column":24},"end":{"line":331,"column":25}},"type":"if","locations":[{"start":{"line":329,"column":24},"end":{"line":331,"column":25}},{"start":{},"end":{}}],"line":329},"43":{"loc":{"start":{"line":337,"column":20},"end":{"line":339,"column":21}},"type":"if","locations":[{"start":{"line":337,"column":20},"end":{"line":339,"column":21}},{"start":{},"end":{}}],"line":337},"44":{"loc":{"start":{"line":342,"column":20},"end":{"line":344,"column":21}},"type":"if","locations":[{"start":{"line":342,"column":20},"end":{"line":344,"column":21}},{"start":{},"end":{}}],"line":342},"45":{"loc":{"start":{"line":352,"column":20},"end":{"line":354,"column":21}},"type":"if","locations":[{"start":{"line":352,"column":20},"end":{"line":354,"column":21}},{"start":{},"end":{}}],"line":352},"46":{"loc":{"start":{"line":361,"column":20},"end":{"line":363,"column":21}},"type":"if","locations":[{"start":{"line":361,"column":20},"end":{"line":363,"column":21}},{"start":{},"end":{}}],"line":361},"47":{"loc":{"start":{"line":381,"column":4},"end":{"line":430,"column":5}},"type":"if","locations":[{"start":{"line":381,"column":4},"end":{"line":430,"column":5}},{"start":{},"end":{}}],"line":381},"48":{"loc":{"start":{"line":381,"column":8},"end":{"line":381,"column":43}},"type":"binary-expr","locations":[{"start":{"line":381,"column":8},"end":{"line":381,"column":18}},{"start":{"line":381,"column":22},"end":{"line":381,"column":43}}],"line":381},"49":{"loc":{"start":{"line":388,"column":12},"end":{"line":390,"column":13}},"type":"if","locations":[{"start":{"line":388,"column":12},"end":{"line":390,"column":13}},{"start":{},"end":{}}],"line":388},"50":{"loc":{"start":{"line":397,"column":12},"end":{"line":399,"column":13}},"type":"if","locations":[{"start":{"line":397,"column":12},"end":{"line":399,"column":13}},{"start":{},"end":{}}],"line":397},"51":{"loc":{"start":{"line":404,"column":12},"end":{"line":406,"column":13}},"type":"if","locations":[{"start":{"line":404,"column":12},"end":{"line":406,"column":13}},{"start":{},"end":{}}],"line":404},"52":{"loc":{"start":{"line":409,"column":12},"end":{"line":415,"column":13}},"type":"if","locations":[{"start":{"line":409,"column":12},"end":{"line":415,"column":13}},{"start":{},"end":{}}],"line":409},"53":{"loc":{"start":{"line":410,"column":16},"end":{"line":412,"column":17}},"type":"if","locations":[{"start":{"line":410,"column":16},"end":{"line":412,"column":17}},{"start":{},"end":{}}],"line":410},"54":{"loc":{"start":{"line":418,"column":12},"end":{"line":420,"column":13}},"type":"if","locations":[{"start":{"line":418,"column":12},"end":{"line":420,"column":13}},{"start":{},"end":{}}],"line":418},"55":{"loc":{"start":{"line":423,"column":12},"end":{"line":425,"column":13}},"type":"if","locations":[{"start":{"line":423,"column":12},"end":{"line":425,"column":13}},{"start":{},"end":{}}],"line":423},"56":{"loc":{"start":{"line":440,"column":4},"end":{"line":448,"column":5}},"type":"if","locations":[{"start":{"line":440,"column":4},"end":{"line":448,"column":5}},{"start":{},"end":{}}],"line":440},"57":{"loc":{"start":{"line":442,"column":8},"end":{"line":447,"column":9}},"type":"if","locations":[{"start":{"line":442,"column":8},"end":{"line":447,"column":9}},{"start":{},"end":{}}],"line":442},"58":{"loc":{"start":{"line":442,"column":12},"end":{"line":442,"column":41}},"type":"binary-expr","locations":[{"start":{"line":442,"column":12},"end":{"line":442,"column":20}},{"start":{"line":442,"column":24},"end":{"line":442,"column":41}}],"line":442},"59":{"loc":{"start":{"line":475,"column":4},"end":{"line":477,"column":5}},"type":"if","locations":[{"start":{"line":475,"column":4},"end":{"line":477,"column":5}},{"start":{},"end":{}}],"line":475},"60":{"loc":{"start":{"line":481,"column":4},"end":{"line":483,"column":5}},"type":"if","locations":[{"start":{"line":481,"column":4},"end":{"line":483,"column":5}},{"start":{},"end":{}}],"line":481},"61":{"loc":{"start":{"line":486,"column":4},"end":{"line":488,"column":5}},"type":"if","locations":[{"start":{"line":486,"column":4},"end":{"line":488,"column":5}},{"start":{},"end":{}}],"line":486},"62":{"loc":{"start":{"line":486,"column":8},"end":{"line":486,"column":86}},"type":"binary-expr","locations":[{"start":{"line":486,"column":8},"end":{"line":486,"column":57}},{"start":{"line":486,"column":61},"end":{"line":486,"column":86}}],"line":486},"63":{"loc":{"start":{"line":490,"column":4},"end":{"line":492,"column":5}},"type":"if","locations":[{"start":{"line":490,"column":4},"end":{"line":492,"column":5}},{"start":{},"end":{}}],"line":490},"64":{"loc":{"start":{"line":517,"column":4},"end":{"line":519,"column":5}},"type":"if","locations":[{"start":{"line":517,"column":4},"end":{"line":519,"column":5}},{"start":{},"end":{}}],"line":517},"65":{"loc":{"start":{"line":522,"column":4},"end":{"line":524,"column":5}},"type":"if","locations":[{"start":{"line":522,"column":4},"end":{"line":524,"column":5}},{"start":{},"end":{}}],"line":522},"66":{"loc":{"start":{"line":527,"column":4},"end":{"line":532,"column":5}},"type":"if","locations":[{"start":{"line":527,"column":4},"end":{"line":532,"column":5}},{"start":{},"end":{}}],"line":527},"67":{"loc":{"start":{"line":541,"column":54},"end":{"line":541,"column":91}},"type":"binary-expr","locations":[{"start":{"line":541,"column":54},"end":{"line":541,"column":74}},{"start":{"line":541,"column":78},"end":{"line":541,"column":91}}],"line":541},"68":{"loc":{"start":{"line":545,"column":19},"end":{"line":545,"column":56}},"type":"binary-expr","locations":[{"start":{"line":545,"column":19},"end":{"line":545,"column":39}},{"start":{"line":545,"column":43},"end":{"line":545,"column":56}}],"line":545},"69":{"loc":{"start":{"line":555,"column":18},"end":{"line":555,"column":49}},"type":"binary-expr","locations":[{"start":{"line":555,"column":18},"end":{"line":555,"column":36}},{"start":{"line":555,"column":40},"end":{"line":555,"column":49}}],"line":555},"70":{"loc":{"start":{"line":568,"column":54},"end":{"line":568,"column":91}},"type":"binary-expr","locations":[{"start":{"line":568,"column":54},"end":{"line":568,"column":74}},{"start":{"line":568,"column":78},"end":{"line":568,"column":91}}],"line":568},"71":{"loc":{"start":{"line":572,"column":19},"end":{"line":572,"column":56}},"type":"binary-expr","locations":[{"start":{"line":572,"column":19},"end":{"line":572,"column":39}},{"start":{"line":572,"column":43},"end":{"line":572,"column":56}}],"line":572},"72":{"loc":{"start":{"line":582,"column":26},"end":{"line":582,"column":66}},"type":"binary-expr","locations":[{"start":{"line":582,"column":26},"end":{"line":582,"column":40}},{"start":{"line":582,"column":44},"end":{"line":582,"column":66}}],"line":582},"73":{"loc":{"start":{"line":583,"column":26},"end":{"line":583,"column":90}},"type":"binary-expr","locations":[{"start":{"line":583,"column":26},"end":{"line":583,"column":44}},{"start":{"line":583,"column":48},"end":{"line":583,"column":76}},{"start":{"line":583,"column":80},"end":{"line":583,"column":90}}],"line":583},"74":{"loc":{"start":{"line":584,"column":25},"end":{"line":584,"column":104}},"type":"binary-expr","locations":[{"start":{"line":584,"column":25},"end":{"line":584,"column":42}},{"start":{"line":584,"column":46},"end":{"line":584,"column":90}},{"start":{"line":584,"column":94},"end":{"line":584,"column":104}}],"line":584},"75":{"loc":{"start":{"line":585,"column":22},"end":{"line":585,"column":53}},"type":"binary-expr","locations":[{"start":{"line":585,"column":22},"end":{"line":585,"column":36}},{"start":{"line":585,"column":40},"end":{"line":585,"column":53}}],"line":585},"76":{"loc":{"start":{"line":600,"column":33},"end":{"line":600,"column":61}},"type":"binary-expr","locations":[{"start":{"line":600,"column":33},"end":{"line":600,"column":53}},{"start":{"line":600,"column":57},"end":{"line":600,"column":61}}],"line":600},"77":{"loc":{"start":{"line":612,"column":53},"end":{"line":612,"column":90}},"type":"binary-expr","locations":[{"start":{"line":612,"column":53},"end":{"line":612,"column":73}},{"start":{"line":612,"column":77},"end":{"line":612,"column":90}}],"line":612},"78":{"loc":{"start":{"line":616,"column":19},"end":{"line":616,"column":56}},"type":"binary-expr","locations":[{"start":{"line":616,"column":19},"end":{"line":616,"column":39}},{"start":{"line":616,"column":43},"end":{"line":616,"column":56}}],"line":616},"79":{"loc":{"start":{"line":655,"column":17},"end":{"line":655,"column":61}},"type":"cond-expr","locations":[{"start":{"line":655,"column":41},"end":{"line":655,"column":49}},{"start":{"line":655,"column":52},"end":{"line":655,"column":61}}],"line":655},"80":{"loc":{"start":{"line":659,"column":26},"end":{"line":659,"column":74}},"type":"binary-expr","locations":[{"start":{"line":659,"column":26},"end":{"line":659,"column":31}},{"start":{"line":659,"column":35},"end":{"line":659,"column":48}},{"start":{"line":659,"column":52},"end":{"line":659,"column":74}}],"line":659},"81":{"loc":{"start":{"line":660,"column":22},"end":{"line":660,"column":95}},"type":"binary-expr","locations":[{"start":{"line":660,"column":22},"end":{"line":660,"column":40}},{"start":{"line":660,"column":44},"end":{"line":660,"column":70}},{"start":{"line":660,"column":74},"end":{"line":660,"column":95}}],"line":660},"82":{"loc":{"start":{"line":661,"column":26},"end":{"line":661,"column":78}},"type":"binary-expr","locations":[{"start":{"line":661,"column":26},"end":{"line":661,"column":40}},{"start":{"line":661,"column":44},"end":{"line":661,"column":55}},{"start":{"line":661,"column":59},"end":{"line":661,"column":78}}],"line":661},"83":{"loc":{"start":{"line":663,"column":4},"end":{"line":665,"column":5}},"type":"if","locations":[{"start":{"line":663,"column":4},"end":{"line":665,"column":5}},{"start":{},"end":{}}],"line":663},"84":{"loc":{"start":{"line":670,"column":4},"end":{"line":672,"column":5}},"type":"if","locations":[{"start":{"line":670,"column":4},"end":{"line":672,"column":5}},{"start":{},"end":{}}],"line":670},"85":{"loc":{"start":{"line":675,"column":21},"end":{"line":675,"column":53}},"type":"cond-expr","locations":[{"start":{"line":675,"column":33},"end":{"line":675,"column":42}},{"start":{"line":675,"column":45},"end":{"line":675,"column":53}}],"line":675},"86":{"loc":{"start":{"line":680,"column":4},"end":{"line":695,"column":5}},"type":"if","locations":[{"start":{"line":680,"column":4},"end":{"line":695,"column":5}},{"start":{"line":690,"column":11},"end":{"line":695,"column":5}}],"line":680},"87":{"loc":{"start":{"line":682,"column":8},"end":{"line":689,"column":9}},"type":"if","locations":[{"start":{"line":682,"column":8},"end":{"line":689,"column":9}},{"start":{},"end":{}}],"line":682}},"s":{"0":1,"1":0,"2":0,"3":0,"4":0,"5":1,"6":0,"7":0,"8":0,"9":0,"10":0,"11":0,"12":0,"13":0,"14":0,"15":0,"16":0,"17":0,"18":0,"19":1,"20":0,"21":0,"22":0,"23":0,"24":1,"25":0,"26":0,"27":0,"28":0,"29":0,"30":0,"31":0,"32":1,"33":6,"34":6,"35":1,"36":5,"37":1,"38":4,"39":4,"40":4,"41":4,"42":4,"43":1,"44":3,"45":1,"46":2,"47":0,"48":2,"49":2,"50":2,"51":2,"52":2,"53":2,"54":2,"55":2,"56":1,"57":1,"58":1,"59":1,"60":1,"61":1,"62":1,"63":1,"64":1,"65":1,"66":1,"67":1,"68":0,"69":0,"70":0,"71":0,"72":0,"73":0,"74":0,"75":0,"76":0,"77":0,"78":0,"79":0,"80":0,"81":0,"82":0,"83":0,"84":0,"85":0,"86":0,"87":0,"88":0,"89":0,"90":0,"91":0,"92":0,"93":0,"94":0,"95":0,"96":0,"97":0,"98":0,"99":0,"100":0,"101":0,"102":0,"103":0,"104":0,"105":0,"106":0,"107":0,"108":0,"109":0,"110":0,"111":0,"112":0,"113":0,"114":0,"115":0,"116":0,"117":0,"118":0,"119":0,"120":0,"121":0,"122":0,"123":0,"124":0,"125":0,"126":0,"127":0,"128":0,"129":0,"130":0,"131":0,"132":0,"133":0,"134":0,"135":0,"136":0,"137":0,"138":0,"139":0,"140":0,"141":0,"142":0,"143":0,"144":0,"145":0,"146":0,"147":0,"148":0,"149":0,"150":0,"151":0,"152":0,"153":0,"154":0,"155":0,"156":0,"157":0,"158":0,"159":0,"160":0,"161":0,"162":0,"163":0,"164":0,"165":0,"166":0,"167":0,"168":0,"169":0,"170":0,"171":0,"172":0,"173":1,"174":0,"175":0,"176":0,"177":0,"178":0,"179":0,"180":0,"181":0,"182":0,"183":0,"184":0,"185":0,"186":1,"187":0,"188":0,"189":0,"190":0,"191":0,"192":0,"193":0,"194":0,"195":0,"196":0,"197":0,"198":0,"199":0,"200":0,"201":0,"202":0,"203":0,"204":0,"205":0,"206":0,"207":0,"208":0,"209":0,"210":0,"211":0,"212":0,"213":0,"214":0,"215":0,"216":0,"217":0,"218":0,"219":0,"220":0,"221":0,"222":1,"223":0,"224":0,"225":0,"226":0,"227":0,"228":0,"229":0,"230":0,"231":0,"232":0,"233":0,"234":0,"235":0,"236":0,"237":0,"238":0,"239":0,"240":0,"241":0,"242":0},"f":{"0":0,"1":0,"2":0,"3":0,"4":6,"5":0,"6":0,"7":0,"8":0,"9":0,"10":0,"11":0,"12":0,"13":0,"14":0},"b":{"0":[0,0],"1":[0,0],"2":[0,0],"3":[0,0],"4":[0,0],"5":[0,0],"6":[0,0],"7":[0,0],"8":[1,5],"9":[6,5],"10":[1,4],"11":[5,4],"12":[1,3],"13":[1,2],"14":[0,2],"15":[2,0],"16":[1,1],"17":[1,0],"18":[0,0],"19":[0,0],"20":[0,0],"21":[0,0],"22":[0,0],"23":[0,0],"24":[0,0],"25":[0,0],"26":[0,0],"27":[0,0],"28":[0,0],"29":[0,0],"30":[0,0,0,0],"31":[0,0],"32":[0,0],"33":[0,0],"34":[0,0],"35":[0,0],"36":[0,0],"37":[0,0],"38":[0,0],"39":[0,0],"40":[0,0],"41":[0,0],"42":[0,0],"43":[0,0],"44":[0,0],"45":[0,0],"46":[0,0],"47":[0,0],"48":[0,0],"49":[0,0],"50":[0,0],"51":[0,0],"52":[0,0],"53":[0,0],"54":[0,0],"55":[0,0],"56":[0,0],"57":[0,0],"58":[0,0],"59":[0,0],"60":[0,0],"61":[0,0],"62":[0,0],"63":[0,0],"64":[0,0],"65":[0,0],"66":[0,0],"67":[0,0],"68":[0,0],"69":[0,0],"70":[0,0],"71":[0,0],"72":[0,0],"73":[0,0,0],"74":[0,0,0],"75":[0,0],"76":[0,0],"77":[0,0],"78":[0,0],"79":[0,0],"80":[0,0,0],"81":[0,0,0],"82":[0,0,0],"83":[0,0],"84":[0,0],"85":[0,0],"86":[0,0],"87":[0,0]},"_coverageSchema":"1a1c01bbd47fc00a2c39e90264f33305004495a9","hash":"28f360af7fa00e5d259af80bf5f762720474aa6b"}
,"/home/jobaa/Desktop/Misrify Project/Graduation-Project/server/controllers/user.controllers.js": {"path":"/home/jobaa/Desktop/Misrify Project/Graduation-Project/server/controllers/user.controllers.js","statementMap":{"0":{"start":{"line":7,"column":26},"end":{"line":9,"column":1}},"1":{"start":{"line":8,"column":4},"end":{"line":8,"column":59}},"2":{"start":{"line":11,"column":29},"end":{"line":66,"column":1}},"3":{"start":{"line":12,"column":19},"end":{"line":12,"column":30}},"4":{"start":{"line":13,"column":88},"end":{"line":13,"column":96}},"5":{"start":{"line":14,"column":21},"end":{"line":14,"column":29}},"6":{"start":{"line":16,"column":15},"end":{"line":16,"column":42}},"7":{"start":{"line":18,"column":4},"end":{"line":20,"column":5}},"8":{"start":{"line":19,"column":8},"end":{"line":19,"column":56}},"9":{"start":{"line":22,"column":4},"end":{"line":24,"column":5}},"10":{"start":{"line":23,"column":8},"end":{"line":23,"column":95}},"11":{"start":{"line":26,"column":4},"end":{"line":34,"column":5}},"12":{"start":{"line":27,"column":24},"end":{"line":27,"column":67}},"13":{"start":{"line":29,"column":8},"end":{"line":31,"column":9}},"14":{"start":{"line":30,"column":12},"end":{"line":30,"column":75}},"15":{"start":{"line":33,"column":8},"end":{"line":33,"column":36}},"16":{"start":{"line":36,"column":4},"end":{"line":43,"column":5}},"17":{"start":{"line":37,"column":8},"end":{"line":39,"column":9}},"18":{"start":{"line":38,"column":12},"end":{"line":38,"column":90}},"19":{"start":{"line":41,"column":33},"end":{"line":41,"column":73}},"20":{"start":{"line":42,"column":8},"end":{"line":42,"column":45}},"21":{"start":{"line":45,"column":4},"end":{"line":45,"column":34}},"22":{"start":{"line":46,"column":4},"end":{"line":46,"column":37}},"23":{"start":{"line":47,"column":4},"end":{"line":47,"column":55}},"24":{"start":{"line":48,"column":4},"end":{"line":48,"column":43}},"25":{"start":{"line":49,"column":4},"end":{"line":49,"column":40}},"26":{"start":{"line":50,"column":4},"end":{"line":50,"column":40}},"27":{"start":{"line":52,"column":4},"end":{"line":52,"column":29}},"28":{"start":{"line":54,"column":4},"end":{"line":54,"column":25}},"29":{"start":{"line":56,"column":4},"end":{"line":62,"column":6}},"30":{"start":{"line":64,"column":4},"end":{"line":64,"column":98}},"31":{"start":{"line":69,"column":27},"end":{"line":77,"column":1}},"32":{"start":{"line":70,"column":18},"end":{"line":70,"column":71}},"33":{"start":{"line":72,"column":4},"end":{"line":74,"column":5}},"34":{"start":{"line":73,"column":8},"end":{"line":73,"column":62}},"35":{"start":{"line":76,"column":4},"end":{"line":76,"column":51}},"36":{"start":{"line":79,"column":31},"end":{"line":87,"column":1}},"37":{"start":{"line":80,"column":22},"end":{"line":80,"column":79}},"38":{"start":{"line":82,"column":4},"end":{"line":84,"column":5}},"39":{"start":{"line":83,"column":8},"end":{"line":83,"column":66}},"40":{"start":{"line":86,"column":4},"end":{"line":86,"column":55}},"41":{"start":{"line":89,"column":26},"end":{"line":116,"column":1}},"42":{"start":{"line":90,"column":74},"end":{"line":90,"column":82}},"43":{"start":{"line":92,"column":24},"end":{"line":92,"column":53}},"44":{"start":{"line":94,"column":4},"end":{"line":96,"column":5}},"45":{"start":{"line":95,"column":8},"end":{"line":95,"column":60}},"46":{"start":{"line":98,"column":17},"end":{"line":98,"column":106}},"47":{"start":{"line":100,"column":4},"end":{"line":100,"column":22}},"48":{"start":{"line":102,"column":38},"end":{"line":105,"column":20}},"49":{"start":{"line":107,"column":4},"end":{"line":113,"column":6}},"50":{"start":{"line":108,"column":58},"end":{"line":108,"column":67}},"51":{"start":{"line":115,"column":4},"end":{"line":115,"column":81}},"52":{"start":{"line":118,"column":24},"end":{"line":154,"column":1}},"53":{"start":{"line":120,"column":19},"end":{"line":120,"column":32}},"54":{"start":{"line":121,"column":49},"end":{"line":121,"column":57}},"55":{"start":{"line":123,"column":4},"end":{"line":125,"column":5}},"56":{"start":{"line":124,"column":8},"end":{"line":124,"column":55}},"57":{"start":{"line":127,"column":17},"end":{"line":127,"column":44}},"58":{"start":{"line":129,"column":4},"end":{"line":131,"column":5}},"59":{"start":{"line":130,"column":8},"end":{"line":130,"column":59}},"60":{"start":{"line":133,"column":4},"end":{"line":133,"column":34}},"61":{"start":{"line":134,"column":4},"end":{"line":134,"column":55}},"62":{"start":{"line":135,"column":4},"end":{"line":135,"column":43}},"63":{"start":{"line":136,"column":4},"end":{"line":136,"column":34}},"64":{"start":{"line":138,"column":4},"end":{"line":138,"column":22}},"65":{"start":{"line":140,"column":4},"end":{"line":146,"column":6}},"66":{"start":{"line":148,"column":4},"end":{"line":152,"column":7}},"67":{"start":{"line":156,"column":26},"end":{"line":176,"column":1}},"68":{"start":{"line":158,"column":19},"end":{"line":158,"column":32}},"69":{"start":{"line":160,"column":4},"end":{"line":162,"column":5}},"70":{"start":{"line":161,"column":8},"end":{"line":161,"column":55}},"71":{"start":{"line":164,"column":17},"end":{"line":164,"column":44}},"72":{"start":{"line":166,"column":4},"end":{"line":168,"column":5}},"73":{"start":{"line":167,"column":8},"end":{"line":167,"column":59}},"74":{"start":{"line":170,"column":4},"end":{"line":170,"column":27}},"75":{"start":{"line":172,"column":4},"end":{"line":175,"column":7}}},"fnMap":{"0":{"name":"(anonymous_0)","decl":{"start":{"line":7,"column":26},"end":{"line":7,"column":27}},"loc":{"start":{"line":7,"column":46},"end":{"line":9,"column":1}},"line":7},"1":{"name":"(anonymous_1)","decl":{"start":{"line":11,"column":29},"end":{"line":11,"column":30}},"loc":{"start":{"line":11,"column":55},"end":{"line":66,"column":1}},"line":11},"2":{"name":"(anonymous_2)","decl":{"start":{"line":69,"column":27},"end":{"line":69,"column":28}},"loc":{"start":{"line":69,"column":53},"end":{"line":77,"column":1}},"line":69},"3":{"name":"(anonymous_3)","decl":{"start":{"line":79,"column":31},"end":{"line":79,"column":32}},"loc":{"start":{"line":79,"column":57},"end":{"line":87,"column":1}},"line":79},"4":{"name":"(anonymous_4)","decl":{"start":{"line":89,"column":26},"end":{"line":89,"column":27}},"loc":{"start":{"line":89,"column":52},"end":{"line":116,"column":1}},"line":89},"5":{"name":"(anonymous_5)","decl":{"start":{"line":108,"column":49},"end":{"line":108,"column":50}},"loc":{"start":{"line":108,"column":58},"end":{"line":108,"column":67}},"line":108},"6":{"name":"(anonymous_6)","decl":{"start":{"line":118,"column":24},"end":{"line":118,"column":25}},"loc":{"start":{"line":118,"column":50},"end":{"line":154,"column":1}},"line":118},"7":{"name":"(anonymous_7)","decl":{"start":{"line":156,"column":26},"end":{"line":156,"column":27}},"loc":{"start":{"line":156,"column":52},"end":{"line":176,"column":1}},"line":156}},"branchMap":{"0":{"loc":{"start":{"line":18,"column":4},"end":{"line":20,"column":5}},"type":"if","locations":[{"start":{"line":18,"column":4},"end":{"line":20,"column":5}},{"start":{},"end":{}}],"line":18},"1":{"loc":{"start":{"line":22,"column":4},"end":{"line":24,"column":5}},"type":"if","locations":[{"start":{"line":22,"column":4},"end":{"line":24,"column":5}},{"start":{},"end":{}}],"line":22},"2":{"loc":{"start":{"line":22,"column":8},"end":{"line":22,"column":78}},"type":"binary-expr","locations":[{"start":{"line":22,"column":9},"end":{"line":22,"column":21}},{"start":{"line":22,"column":25},"end":{"line":22,"column":40}},{"start":{"line":22,"column":46},"end":{"line":22,"column":62}},{"start":{"line":22,"column":66},"end":{"line":22,"column":77}}],"line":22},"3":{"loc":{"start":{"line":26,"column":4},"end":{"line":34,"column":5}},"type":"if","locations":[{"start":{"line":26,"column":4},"end":{"line":34,"column":5}},{"start":{},"end":{}}],"line":26},"4":{"loc":{"start":{"line":26,"column":8},"end":{"line":26,"column":38}},"type":"binary-expr","locations":[{"start":{"line":26,"column":8},"end":{"line":26,"column":23}},{"start":{"line":26,"column":27},"end":{"line":26,"column":38}}],"line":26},"5":{"loc":{"start":{"line":29,"column":8},"end":{"line":31,"column":9}},"type":"if","locations":[{"start":{"line":29,"column":8},"end":{"line":31,"column":9}},{"start":{},"end":{}}],"line":29},"6":{"loc":{"start":{"line":36,"column":4},"end":{"line":43,"column":5}},"type":"if","locations":[{"start":{"line":36,"column":4},"end":{"line":43,"column":5}},{"start":{},"end":{}}],"line":36},"7":{"loc":{"start":{"line":37,"column":8},"end":{"line":39,"column":9}},"type":"if","locations":[{"start":{"line":37,"column":8},"end":{"line":39,"column":9}},{"start":{},"end":{}}],"line":37},"8":{"loc":{"start":{"line":45,"column":16},"end":{"line":45,"column":33}},"type":"binary-expr","locations":[{"start":{"line":45,"column":16},"end":{"line":45,"column":20}},{"start":{"line":45,"column":24},"end":{"line":45,"column":33}}],"line":45},"9":{"loc":{"start":{"line":46,"column":17},"end":{"line":46,"column":36}},"type":"binary-expr","locations":[{"start":{"line":46,"column":17},"end":{"line":46,"column":22}},{"start":{"line":46,"column":26},"end":{"line":46,"column":36}}],"line":46},"10":{"loc":{"start":{"line":47,"column":23},"end":{"line":47,"column":54}},"type":"binary-expr","locations":[{"start":{"line":47,"column":23},"end":{"line":47,"column":34}},{"start":{"line":47,"column":38},"end":{"line":47,"column":54}}],"line":47},"11":{"loc":{"start":{"line":48,"column":19},"end":{"line":48,"column":42}},"type":"binary-expr","locations":[{"start":{"line":48,"column":19},"end":{"line":48,"column":26}},{"start":{"line":48,"column":30},"end":{"line":48,"column":42}}],"line":48},"12":{"loc":{"start":{"line":49,"column":18},"end":{"line":49,"column":39}},"type":"binary-expr","locations":[{"start":{"line":49,"column":18},"end":{"line":49,"column":24}},{"start":{"line":49,"column":28},"end":{"line":49,"column":39}}],"line":49},"13":{"loc":{"start":{"line":50,"column":18},"end":{"line":50,"column":39}},"type":"binary-expr","locations":[{"start":{"line":50,"column":18},"end":{"line":50,"column":24}},{"start":{"line":50,"column":28},"end":{"line":50,"column":39}}],"line":50},"14":{"loc":{"start":{"line":72,"column":4},"end":{"line":74,"column":5}},"type":"if","locations":[{"start":{"line":72,"column":4},"end":{"line":74,"column":5}},{"start":{},"end":{}}],"line":72},"15":{"loc":{"start":{"line":82,"column":4},"end":{"line":84,"column":5}},"type":"if","locations":[{"start":{"line":82,"column":4},"end":{"line":84,"column":5}},{"start":{},"end":{}}],"line":82},"16":{"loc":{"start":{"line":94,"column":4},"end":{"line":96,"column":5}},"type":"if","locations":[{"start":{"line":94,"column":4},"end":{"line":96,"column":5}},{"start":{},"end":{}}],"line":94},"17":{"loc":{"start":{"line":123,"column":4},"end":{"line":125,"column":5}},"type":"if","locations":[{"start":{"line":123,"column":4},"end":{"line":125,"column":5}},{"start":{},"end":{}}],"line":123},"18":{"loc":{"start":{"line":129,"column":4},"end":{"line":131,"column":5}},"type":"if","locations":[{"start":{"line":129,"column":4},"end":{"line":131,"column":5}},{"start":{},"end":{}}],"line":129},"19":{"loc":{"start":{"line":133,"column":16},"end":{"line":133,"column":33}},"type":"binary-expr","locations":[{"start":{"line":133,"column":16},"end":{"line":133,"column":20}},{"start":{"line":133,"column":24},"end":{"line":133,"column":33}}],"line":133},"20":{"loc":{"start":{"line":134,"column":23},"end":{"line":134,"column":54}},"type":"binary-expr","locations":[{"start":{"line":134,"column":23},"end":{"line":134,"column":34}},{"start":{"line":134,"column":38},"end":{"line":134,"column":54}}],"line":134},"21":{"loc":{"start":{"line":135,"column":19},"end":{"line":135,"column":42}},"type":"binary-expr","locations":[{"start":{"line":135,"column":19},"end":{"line":135,"column":26}},{"start":{"line":135,"column":30},"end":{"line":135,"column":42}}],"line":135},"22":{"loc":{"start":{"line":136,"column":16},"end":{"line":136,"column":33}},"type":"binary-expr","locations":[{"start":{"line":136,"column":16},"end":{"line":136,"column":20}},{"start":{"line":136,"column":24},"end":{"line":136,"column":33}}],"line":136},"23":{"loc":{"start":{"line":160,"column":4},"end":{"line":162,"column":5}},"type":"if","locations":[{"start":{"line":160,"column":4},"end":{"line":162,"column":5}},{"start":{},"end":{}}],"line":160},"24":{"loc":{"start":{"line":166,"column":4},"end":{"line":168,"column":5}},"type":"if","locations":[{"start":{"line":166,"column":4},"end":{"line":168,"column":5}},{"start":{},"end":{}}],"line":166}},"s":{"0":1,"1":1,"2":1,"3":5,"4":5,"5":5,"6":5,"7":5,"8":1,"9":4,"10":1,"11":3,"12":1,"13":1,"14":1,"15":0,"16":2,"17":1,"18":0,"19":1,"20":1,"21":2,"22":2,"23":2,"24":2,"25":2,"26":2,"27":2,"28":2,"29":2,"30":2,"31":1,"32":0,"33":0,"34":0,"35":0,"36":1,"37":0,"38":0,"39":0,"40":0,"41":1,"42":0,"43":0,"44":0,"45":0,"46":0,"47":0,"48":0,"49":0,"50":0,"51":0,"52":1,"53":0,"54":0,"55":0,"56":0,"57":0,"58":0,"59":0,"60":0,"61":0,"62":0,"63":0,"64":0,"65":0,"66":0,"67":1,"68":0,"69":0,"70":0,"71":0,"72":0,"73":0,"74":0,"75":0},"f":{"0":1,"1":5,"2":0,"3":0,"4":0,"5":0,"6":0,"7":0},"b":{"0":[1,4],"1":[1,3],"2":[4,2,4,3],"3":[1,2],"4":[3,1],"5":[1,0],"6":[1,1],"7":[0,1],"8":[2,0],"9":[2,1],"10":[2,2],"11":[2,2],"12":[2,2],"13":[2,1],"14":[0,0],"15":[0,0],"16":[0,0],"17":[0,0],"18":[0,0],"19":[0,0],"20":[0,0],"21":[0,0],"22":[0,0],"23":[0,0],"24":[0,0]},"_coverageSchema":"1a1c01bbd47fc00a2c39e90264f33305004495a9","hash":"d93f9b968c88b372cf8fa7a8ef301e560ba75c62"}
,"/home/jobaa/Desktop/Misrify Project/Graduation-Project/server/errors/AppError.js": {"path":"/home/jobaa/Desktop/Misrify Project/Graduation-Project/server/errors/AppError.js","statementMap":{"0":{"start":{"line":3,"column":8},"end":{"line":3,"column":23}},"1":{"start":{"line":4,"column":8},"end":{"line":4,"column":37}},"2":{"start":{"line":5,"column":8},"end":{"line":5,"column":34}},"3":{"start":{"line":6,"column":8},"end":{"line":6,"column":56}}},"fnMap":{"0":{"name":"(anonymous_0)","decl":{"start":{"line":2,"column":4},"end":{"line":2,"column":5}},"loc":{"start":{"line":2,"column":37},"end":{"line":7,"column":5}},"line":2}},"branchMap":{},"s":{"0":11,"1":11,"2":11,"3":11},"f":{"0":11},"b":{},"_coverageSchema":"1a1c01bbd47fc00a2c39e90264f33305004495a9","hash":"0dd4b021347e024be22fcc563285e03ad4bcb10f"}
,"/home/jobaa/Desktop/Misrify Project/Graduation-Project/server/lib/cloudinary.js": {"path":"/home/jobaa/Desktop/Misrify Project/Graduation-Project/server/lib/cloudinary.js","statementMap":{"0":{"start":{"line":4,"column":0},"end":{"line":4,"column":15}},"1":{"start":{"line":7,"column":0},"end":{"line":11,"column":2}}},"fnMap":{},"branchMap":{},"s":{"0":1,"1":1},"f":{},"b":{},"_coverageSchema":"1a1c01bbd47fc00a2c39e90264f33305004495a9","hash":"6b51743e41981ca5147d18bef54189dabac93831"}
,"/home/jobaa/Desktop/Misrify Project/Graduation-Project/server/lib/nodemailer.js": {"path":"/home/jobaa/Desktop/Misrify Project/Graduation-Project/server/lib/nodemailer.js","statementMap":{"0":{"start":{"line":3,"column":20},"end":{"line":9,"column":2}}},"fnMap":{},"branchMap":{},"s":{"0":1},"f":{},"b":{},"_coverageSchema":"1a1c01bbd47fc00a2c39e90264f33305004495a9","hash":"92af361a920f0091a290b513d2c0307068952374"}
,"/home/jobaa/Desktop/Misrify Project/Graduation-Project/server/lib/paymob.js": {"path":"/home/jobaa/Desktop/Misrify Project/Graduation-Project/server/lib/paymob.js","statementMap":{"0":{"start":{"line":1,"column":30},"end":{"line":1,"column":56}},"1":{"start":{"line":2,"column":37},"end":{"line":2,"column":70}},"2":{"start":{"line":3,"column":32},"end":{"line":3,"column":60}},"3":{"start":{"line":4,"column":31},"end":{"line":4,"column":62}},"4":{"start":{"line":5,"column":34},"end":{"line":5,"column":64}},"5":{"start":{"line":6,"column":34},"end":{"line":6,"column":64}},"6":{"start":{"line":7,"column":19},"end":{"line":7,"column":49}}},"fnMap":{},"branchMap":{},"s":{"0":1,"1":1,"2":1,"3":1,"4":1,"5":1,"6":1},"f":{},"b":{},"_coverageSchema":"1a1c01bbd47fc00a2c39e90264f33305004495a9","hash":"b09b9c0cd15f9b2d6494a7a9c7849cb0887c4e5d"}
,"/home/jobaa/Desktop/Misrify Project/Graduation-Project/server/lib/redis.js": {"path":"/home/jobaa/Desktop/Misrify Project/Graduation-Project/server/lib/redis.js","statementMap":{"0":{"start":{"line":4,"column":0},"end":{"line":4,"column":15}},"1":{"start":{"line":6,"column":14},"end":{"line":6,"column":46}}},"fnMap":{},"branchMap":{},"s":{"0":1,"1":1},"f":{},"b":{},"_coverageSchema":"1a1c01bbd47fc00a2c39e90264f33305004495a9","hash":"cbd43f712ee6770520168a2adc352b060adc7270"}
,"/home/jobaa/Desktop/Misrify Project/Graduation-Project/server/models/coupon.model.js": {"path":"/home/jobaa/Desktop/Misrify Project/Graduation-Project/server/models/coupon.model.js","statementMap":{"0":{"start":{"line":3,"column":21},"end":{"line":30,"column":24}},"1":{"start":{"line":32,"column":15},"end":{"line":32,"column":53}}},"fnMap":{},"branchMap":{},"s":{"0":1,"1":1},"f":{},"b":{},"_coverageSchema":"1a1c01bbd47fc00a2c39e90264f33305004495a9","hash":"b8607d9c3d04b77bb38b8b192e353afed918877c"}
,"/home/jobaa/Desktop/Misrify Project/Graduation-Project/server/models/loginAttempt.model.js": {"path":"/home/jobaa/Desktop/Misrify Project/Graduation-Project/server/models/loginAttempt.model.js","statementMap":{"0":{"start":{"line":3,"column":27},"end":{"line":12,"column":24}},"1":{"start":{"line":14,"column":21},"end":{"line":14,"column":71}}},"fnMap":{},"branchMap":{},"s":{"0":1,"1":1},"f":{},"b":{},"_coverageSchema":"1a1c01bbd47fc00a2c39e90264f33305004495a9","hash":"960dcda7fc265bc9c71dbc2b9326cdff08093ed3"}
,"/home/jobaa/Desktop/Misrify Project/Graduation-Project/server/models/notification.model.js": {"path":"/home/jobaa/Desktop/Misrify Project/Graduation-Project/server/models/notification.model.js","statementMap":{"0":{"start":{"line":3,"column":27},"end":{"line":35,"column":24}},"1":{"start":{"line":17,"column":8},"end":{"line":17,"column":83}},"2":{"start":{"line":37,"column":21},"end":{"line":37,"column":71}}},"fnMap":{"0":{"name":"(anonymous_0)","decl":{"start":{"line":15,"column":17},"end":{"line":15,"column":18}},"loc":{"start":{"line":15,"column":34},"end":{"line":18,"column":7}},"line":15}},"branchMap":{"0":{"loc":{"start":{"line":17,"column":15},"end":{"line":17,"column":82}},"type":"binary-expr","locations":[{"start":{"line":17,"column":15},"end":{"line":17,"column":40}},{"start":{"line":17,"column":44},"end":{"line":17,"column":82}}],"line":17}},"s":{"0":2,"1":0,"2":2},"f":{"0":0},"b":{"0":[0,0]},"_coverageSchema":"1a1c01bbd47fc00a2c39e90264f33305004495a9","hash":"887b9569e253939795ece0956323d919177912f1"}
,"/home/jobaa/Desktop/Misrify Project/Graduation-Project/server/models/order.model.js": {"path":"/home/jobaa/Desktop/Misrify Project/Graduation-Project/server/models/order.model.js","statementMap":{"0":{"start":{"line":3,"column":20},"end":{"line":39,"column":24}},"1":{"start":{"line":41,"column":14},"end":{"line":41,"column":50}}},"fnMap":{},"branchMap":{},"s":{"0":1,"1":1},"f":{},"b":{},"_coverageSchema":"1a1c01bbd47fc00a2c39e90264f33305004495a9","hash":"cbb4fdbb6d48b87b9ae197147a9cccad54c0353c"}
,"/home/jobaa/Desktop/Misrify Project/Graduation-Project/server/models/orderItem.model.js": {"path":"/home/jobaa/Desktop/Misrify Project/Graduation-Project/server/models/orderItem.model.js","statementMap":{"0":{"start":{"line":3,"column":25},"end":{"line":29,"column":2}},"1":{"start":{"line":31,"column":18},"end":{"line":31,"column":63}}},"fnMap":{},"branchMap":{},"s":{"0":1,"1":1},"f":{},"b":{},"_coverageSchema":"1a1c01bbd47fc00a2c39e90264f33305004495a9","hash":"19dae57e6aa656f721948b8e59dd55252482e860"}
,"/home/jobaa/Desktop/Misrify Project/Graduation-Project/server/models/payment.model.js": {"path":"/home/jobaa/Desktop/Misrify Project/Graduation-Project/server/models/payment.model.js","statementMap":{"0":{"start":{"line":3,"column":22},"end":{"line":40,"column":24}},"1":{"start":{"line":42,"column":16},"end":{"line":42,"column":56}}},"fnMap":{},"branchMap":{},"s":{"0":1,"1":1},"f":{},"b":{},"_coverageSchema":"1a1c01bbd47fc00a2c39e90264f33305004495a9","hash":"df39a3d9219544d3797d1ac922f5343bf1bb56c2"}
,"/home/jobaa/Desktop/Misrify Project/Graduation-Project/server/models/product.model.js": {"path":"/home/jobaa/Desktop/Misrify Project/Graduation-Project/server/models/product.model.js","statementMap":{"0":{"start":{"line":3,"column":22},"end":{"line":60,"column":24}},"1":{"start":{"line":63,"column":16},"end":{"line":63,"column":56}}},"fnMap":{},"branchMap":{},"s":{"0":1,"1":1},"f":{},"b":{},"_coverageSchema":"1a1c01bbd47fc00a2c39e90264f33305004495a9","hash":"82e7b027a540f5dd34ea6fa41ea823e10f9bd835"}
,"/home/jobaa/Desktop/Misrify Project/Graduation-Project/server/models/user.model.js": {"path":"/home/jobaa/Desktop/Misrify Project/Graduation-Project/server/models/user.model.js","statementMap":{"0":{"start":{"line":4,"column":19},"end":{"line":74,"column":24}},"1":{"start":{"line":76,"column":0},"end":{"line":86,"column":2}},"2":{"start":{"line":77,"column":4},"end":{"line":77,"column":52}},"3":{"start":{"line":77,"column":38},"end":{"line":77,"column":52}},"4":{"start":{"line":79,"column":4},"end":{"line":85,"column":5}},"5":{"start":{"line":80,"column":21},"end":{"line":80,"column":45}},"6":{"start":{"line":81,"column":8},"end":{"line":81,"column":63}},"7":{"start":{"line":82,"column":8},"end":{"line":82,"column":15}},"8":{"start":{"line":84,"column":8},"end":{"line":84,"column":27}},"9":{"start":{"line":88,"column":0},"end":{"line":90,"column":1}},"10":{"start":{"line":89,"column":4},"end":{"line":89,"column":57}},"11":{"start":{"line":92,"column":13},"end":{"line":92,"column":47}}},"fnMap":{"0":{"name":"(anonymous_0)","decl":{"start":{"line":76,"column":23},"end":{"line":76,"column":24}},"loc":{"start":{"line":76,"column":45},"end":{"line":86,"column":1}},"line":76},"1":{"name":"(anonymous_1)","decl":{"start":{"line":88,"column":37},"end":{"line":88,"column":38}},"loc":{"start":{"line":88,"column":63},"end":{"line":90,"column":1}},"line":88}},"branchMap":{"0":{"loc":{"start":{"line":77,"column":4},"end":{"line":77,"column":52}},"type":"if","locations":[{"start":{"line":77,"column":4},"end":{"line":77,"column":52}},{"start":{},"end":{}}],"line":77}},"s":{"0":3,"1":3,"2":0,"3":0,"4":0,"5":0,"6":0,"7":0,"8":0,"9":3,"10":0,"11":3},"f":{"0":0,"1":0},"b":{"0":[0,0]},"_coverageSchema":"1a1c01bbd47fc00a2c39e90264f33305004495a9","hash":"e0ac935ca9cc9d5dd300c527482cf575faa10b54"}
,"/home/jobaa/Desktop/Misrify Project/Graduation-Project/server/services/nodemailer.service.js": {"path":"/home/jobaa/Desktop/Misrify Project/Graduation-Project/server/services/nodemailer.service.js","statementMap":{"0":{"start":{"line":4,"column":25},"end":{"line":15,"column":1}},"1":{"start":{"line":5,"column":4},"end":{"line":14,"column":5}},"2":{"start":{"line":6,"column":8},"end":{"line":11,"column":10}},"3":{"start":{"line":13,"column":8},"end":{"line":13,"column":27}},"4":{"start":{"line":17,"column":32},"end":{"line":26,"column":1}},"5":{"start":{"line":18,"column":4},"end":{"line":25,"column":5}},"6":{"start":{"line":19,"column":29},"end":{"line":19,"column":55}},"7":{"start":{"line":21,"column":8},"end":{"line":21,"column":62}},"8":{"start":{"line":24,"column":8},"end":{"line":24,"column":27}}},"fnMap":{"0":{"name":"(anonymous_0)","decl":{"start":{"line":4,"column":25},"end":{"line":4,"column":26}},"loc":{"start":{"line":4,"column":57},"end":{"line":15,"column":1}},"line":4},"1":{"name":"(anonymous_1)","decl":{"start":{"line":17,"column":32},"end":{"line":17,"column":33}},"loc":{"start":{"line":17,"column":55},"end":{"line":26,"column":1}},"line":17}},"branchMap":{},"s":{"0":1,"1":0,"2":0,"3":0,"4":1,"5":0,"6":0,"7":0,"8":0},"f":{"0":0,"1":0},"b":{},"_coverageSchema":"1a1c01bbd47fc00a2c39e90264f33305004495a9","hash":"85821ec04eeaf9817e4845a9e2a1f8a2e6a2aeae"}
,"/home/jobaa/Desktop/Misrify Project/Graduation-Project/server/services/otp.service.js": {"path":"/home/jobaa/Desktop/Misrify Project/Graduation-Project/server/services/otp.service.js","statementMap":{"0":{"start":{"line":5,"column":29},"end":{"line":14,"column":1}},"1":{"start":{"line":6,"column":4},"end":{"line":13,"column":5}},"2":{"start":{"line":7,"column":29},"end":{"line":7,"column":59}},"3":{"start":{"line":9,"column":8},"end":{"line":9,"column":61}},"4":{"start":{"line":12,"column":8},"end":{"line":12,"column":27}},"5":{"start":{"line":16,"column":28},"end":{"line":25,"column":1}},"6":{"start":{"line":17,"column":4},"end":{"line":24,"column":5}},"7":{"start":{"line":18,"column":29},"end":{"line":18,"column":63}},"8":{"start":{"line":20,"column":8},"end":{"line":20,"column":63}},"9":{"start":{"line":23,"column":8},"end":{"line":23,"column":27}}},"fnMap":{"0":{"name":"(anonymous_0)","decl":{"start":{"line":5,"column":29},"end":{"line":5,"column":30}},"loc":{"start":{"line":5,"column":57},"end":{"line":14,"column":1}},"line":5},"1":{"name":"(anonymous_1)","decl":{"start":{"line":16,"column":28},"end":{"line":16,"column":29}},"loc":{"start":{"line":16,"column":61},"end":{"line":25,"column":1}},"line":16}},"branchMap":{},"s":{"0":1,"1":0,"2":0,"3":0,"4":0,"5":1,"6":0,"7":0,"8":0,"9":0},"f":{"0":0,"1":0},"b":{},"_coverageSchema":"1a1c01bbd47fc00a2c39e90264f33305004495a9","hash":"fc7abffcbf9c91d46979e7285a2dbabb17f74310"}
,"/home/jobaa/Desktop/Misrify Project/Graduation-Project/server/utils/generators.js": {"path":"/home/jobaa/Desktop/Misrify Project/Graduation-Project/server/utils/generators.js","statementMap":{"0":{"start":{"line":3,"column":27},"end":{"line":10,"column":1}},"1":{"start":{"line":5,"column":16},"end":{"line":5,"column":55}},"2":{"start":{"line":7,"column":22},"end":{"line":7,"column":49}},"3":{"start":{"line":9,"column":4},"end":{"line":9,"column":29}},"4":{"start":{"line":12,"column":40},"end":{"line":19,"column":1}},"5":{"start":{"line":14,"column":29},"end":{"line":14,"column":68}},"6":{"start":{"line":16,"column":35},"end":{"line":16,"column":62}},"7":{"start":{"line":18,"column":4},"end":{"line":18,"column":55}},"8":{"start":{"line":21,"column":33},"end":{"line":33,"column":1}},"9":{"start":{"line":22,"column":4},"end":{"line":24,"column":5}},"10":{"start":{"line":23,"column":8},"end":{"line":23,"column":73}},"11":{"start":{"line":27,"column":4},"end":{"line":27,"column":47}},"12":{"start":{"line":27,"column":38},"end":{"line":27,"column":47}},"13":{"start":{"line":28,"column":4},"end":{"line":28,"column":49}},"14":{"start":{"line":28,"column":39},"end":{"line":28,"column":49}},"15":{"start":{"line":29,"column":4},"end":{"line":29,"column":51}},"16":{"start":{"line":29,"column":39},"end":{"line":29,"column":51}},"17":{"start":{"line":30,"column":4},"end":{"line":30,"column":33}},"18":{"start":{"line":30,"column":23},"end":{"line":30,"column":33}},"19":{"start":{"line":32,"column":4},"end":{"line":32,"column":13}}},"fnMap":{"0":{"name":"(anonymous_0)","decl":{"start":{"line":3,"column":27},"end":{"line":3,"column":28}},"loc":{"start":{"line":3,"column":33},"end":{"line":10,"column":1}},"line":3},"1":{"name":"(anonymous_1)","decl":{"start":{"line":12,"column":40},"end":{"line":12,"column":41}},"loc":{"start":{"line":12,"column":46},"end":{"line":19,"column":1}},"line":12},"2":{"name":"(anonymous_2)","decl":{"start":{"line":21,"column":33},"end":{"line":21,"column":34}},"loc":{"start":{"line":21,"column":45},"end":{"line":33,"column":1}},"line":21}},"branchMap":{"0":{"loc":{"start":{"line":22,"column":4},"end":{"line":24,"column":5}},"type":"if","locations":[{"start":{"line":22,"column":4},"end":{"line":24,"column":5}},{"start":{},"end":{}}],"line":22},"1":{"loc":{"start":{"line":27,"column":4},"end":{"line":27,"column":47}},"type":"if","locations":[{"start":{"line":27,"column":4},"end":{"line":27,"column":47}},{"start":{},"end":{}}],"line":27},"2":{"loc":{"start":{"line":27,"column":8},"end":{"line":27,"column":36}},"type":"binary-expr","locations":[{"start":{"line":27,"column":8},"end":{"line":27,"column":20}},{"start":{"line":27,"column":24},"end":{"line":27,"column":36}}],"line":27},"3":{"loc":{"start":{"line":28,"column":4},"end":{"line":28,"column":49}},"type":"if","locations":[{"start":{"line":28,"column":4},"end":{"line":28,"column":49}},{"start":{},"end":{}}],"line":28},"4":{"loc":{"start":{"line":28,"column":8},"end":{"line":28,"column":37}},"type":"binary-expr","locations":[{"start":{"line":28,"column":8},"end":{"line":28,"column":21}},{"start":{"line":28,"column":25},"end":{"line":28,"column":37}}],"line":28},"5":{"loc":{"start":{"line":29,"column":4},"end":{"line":29,"column":51}},"type":"if","locations":[{"start":{"line":29,"column":4},"end":{"line":29,"column":51}},{"start":{},"end":{}}],"line":29},"6":{"loc":{"start":{"line":29,"column":8},"end":{"line":29,"column":37}},"type":"binary-expr","locations":[{"start":{"line":29,"column":8},"end":{"line":29,"column":21}},{"start":{"line":29,"column":25},"end":{"line":29,"column":37}}],"line":29},"7":{"loc":{"start":{"line":30,"column":4},"end":{"line":30,"column":33}},"type":"if","locations":[{"start":{"line":30,"column":4},"end":{"line":30,"column":33}},{"start":{},"end":{}}],"line":30}},"s":{"0":2,"1":0,"2":0,"3":0,"4":2,"5":0,"6":0,"7":0,"8":2,"9":0,"10":0,"11":0,"12":0,"13":0,"14":0,"15":0,"16":0,"17":0,"18":0,"19":0},"f":{"0":0,"1":0,"2":0},"b":{"0":[0,0],"1":[0,0],"2":[0,0],"3":[0,0],"4":[0,0],"5":[0,0],"6":[0,0],"7":[0,0]},"_coverageSchema":"1a1c01bbd47fc00a2c39e90264f33305004495a9","hash":"816ac92765a2eb10bfdf63942b8110e4e8dcbd6d"}
,"/home/jobaa/Desktop/Misrify Project/Graduation-Project/server/validators/validateCollegeEmail.js": {"path":"/home/jobaa/Desktop/Misrify Project/Graduation-Project/server/validators/validateCollegeEmail.js","statementMap":{"0":{"start":{"line":1,"column":36},"end":{"line":3,"column":1}},"1":{"start":{"line":2,"column":4},"end":{"line":2,"column":45}},"2":{"start":{"line":5,"column":31},"end":{"line":5,"column":74}},"3":{"start":{"line":5,"column":39},"end":{"line":5,"column":74}}},"fnMap":{"0":{"name":"(anonymous_0)","decl":{"start":{"line":1,"column":36},"end":{"line":1,"column":37}},"loc":{"start":{"line":1,"column":47},"end":{"line":3,"column":1}},"line":1},"1":{"name":"(anonymous_1)","decl":{"start":{"line":5,"column":31},"end":{"line":5,"column":32}},"loc":{"start":{"line":5,"column":39},"end":{"line":5,"column":74}},"line":5}},"branchMap":{},"s":{"0":1,"1":0,"2":1,"3":0},"f":{"0":0,"1":0},"b":{},"_coverageSchema":"1a1c01bbd47fc00a2c39e90264f33305004495a9","hash":"ff5342a2c092345f81e9777894121c78641c0114"}
,"/home/jobaa/Desktop/Misrify Project/Graduation-Project/server/views/resetEmailTemplate.js": {"path":"/home/jobaa/Desktop/Misrify Project/Graduation-Project/server/views/resetEmailTemplate.js","statementMap":{"0":{"start":{"line":1,"column":34},"end":{"line":91,"column":1}},"1":{"start":{"line":2,"column":4},"end":{"line":90,"column":5}}},"fnMap":{"0":{"name":"(anonymous_0)","decl":{"start":{"line":1,"column":34},"end":{"line":1,"column":35}},"loc":{"start":{"line":1,"column":54},"end":{"line":91,"column":1}},"line":1}},"branchMap":{},"s":{"0":1,"1":0},"f":{"0":0},"b":{},"_coverageSchema":"1a1c01bbd47fc00a2c39e90264f33305004495a9","hash":"058d6ab11afb497c0356ae29e4b5942c409d008b"}
,"/home/jobaa/Desktop/Misrify Project/Graduation-Project/server/views/verifyEmailTemplate.js": {"path":"/home/jobaa/Desktop/Misrify Project/Graduation-Project/server/views/verifyEmailTemplate.js","statementMap":{"0":{"start":{"line":1,"column":35},"end":{"line":91,"column":1}},"1":{"start":{"line":2,"column":4},"end":{"line":90,"column":5}}},"fnMap":{"0":{"name":"(anonymous_0)","decl":{"start":{"line":1,"column":35},"end":{"line":1,"column":36}},"loc":{"start":{"line":1,"column":50},"end":{"line":91,"column":1}},"line":1}},"branchMap":{},"s":{"0":1,"1":0},"f":{"0":0},"b":{},"_coverageSchema":"1a1c01bbd47fc00a2c39e90264f33305004495a9","hash":"5f7db7c8111da7ad8c79f6aaf486c40ca763813c"}
,"/home/jobaa/Desktop/Misrify Project/Graduation-Project/server/views/welcomeEmail.js": {"path":"/home/jobaa/Desktop/Misrify Project/Graduation-Project/server/views/welcomeEmail.js","statementMap":{"0":{"start":{"line":1,"column":36},"end":{"line":97,"column":1}},"1":{"start":{"line":2,"column":4},"end":{"line":96,"column":5}}},"fnMap":{"0":{"name":"(anonymous_0)","decl":{"start":{"line":1,"column":36},"end":{"line":1,"column":37}},"loc":{"start":{"line":1,"column":46},"end":{"line":97,"column":1}},"line":1}},"branchMap":{},"s":{"0":1,"1":0},"f":{"0":0},"b":{},"_coverageSchema":"1a1c01bbd47fc00a2c39e90264f33305004495a9","hash":"1655787fc7e3f4108b5d2ea0f7c7d6dabb326209"}
}
