{"D:\\Work\\Web\\Z Graduation Project\\Graduation-Project\\server\\controllers\\auth.controllers.js": {"path":"D:\\Work\\Web\\Z Graduation Project\\Graduation-Project\\server\\controllers\\auth.controllers.js","statementMap":{"0":{"start":{"line":13,"column":0},"end":{"line":13,"column":16}},"1":{"start":{"line":15,"column":22},"end":{"line":49,"column":1}},"2":{"start":{"line":16,"column":68},"end":{"line":16,"column":76}},"3":{"start":{"line":18,"column":24},"end":{"line":18,"column":53}},"4":{"start":{"line":20,"column":4},"end":{"line":22,"column":5}},"5":{"start":{"line":21,"column":8},"end":{"line":21,"column":60}},"6":{"start":{"line":24,"column":17},"end":{"line":24,"column":82}},"7":{"start":{"line":26,"column":4},"end":{"line":28,"column":5}},"8":{"start":{"line":27,"column":8},"end":{"line":27,"column":26}},"9":{"start":{"line":30,"column":31},"end":{"line":30,"column":44}},"10":{"start":{"line":32,"column":4},"end":{"line":32,"column":19}},"11":{"start":{"line":33,"column":4},"end":{"line":33,"column":31}},"12":{"start":{"line":35,"column":4},"end":{"line":35,"column":51}},"13":{"start":{"line":37,"column":42},"end":{"line":37,"column":65}},"14":{"start":{"line":39,"column":4},"end":{"line":39,"column":52}},"15":{"start":{"line":41,"column":4},"end":{"line":41,"column":56}},"16":{"start":{"line":43,"column":4},"end":{"line":43,"column":22}},"17":{"start":{"line":45,"column":4},"end":{"line":45,"column":30}},"18":{"start":{"line":46,"column":4},"end":{"line":46,"column":25}},"19":{"start":{"line":48,"column":4},"end":{"line":48,"column":87}},"20":{"start":{"line":51,"column":27},"end":{"line":78,"column":1}},"21":{"start":{"line":52,"column":27},"end":{"line":52,"column":35}},"22":{"start":{"line":54,"column":17},"end":{"line":54,"column":66}},"23":{"start":{"line":56,"column":4},"end":{"line":58,"column":5}},"24":{"start":{"line":57,"column":8},"end":{"line":57,"column":61}},"25":{"start":{"line":60,"column":4},"end":{"line":62,"column":5}},"26":{"start":{"line":61,"column":8},"end":{"line":61,"column":53}},"27":{"start":{"line":64,"column":4},"end":{"line":66,"column":5}},"28":{"start":{"line":65,"column":8},"end":{"line":65,"column":53}},"29":{"start":{"line":68,"column":4},"end":{"line":68,"column":20}},"30":{"start":{"line":69,"column":4},"end":{"line":69,"column":26}},"31":{"start":{"line":71,"column":4},"end":{"line":71,"column":27}},"32":{"start":{"line":73,"column":4},"end":{"line":73,"column":22}},"33":{"start":{"line":75,"column":4},"end":{"line":75,"column":50}},"34":{"start":{"line":77,"column":4},"end":{"line":77,"column":89}},"35":{"start":{"line":80,"column":21},"end":{"line":112,"column":1}},"36":{"start":{"line":81,"column":32},"end":{"line":81,"column":40}},"37":{"start":{"line":83,"column":17},"end":{"line":83,"column":46}},"38":{"start":{"line":85,"column":4},"end":{"line":87,"column":5}},"39":{"start":{"line":86,"column":8},"end":{"line":86,"column":81}},"40":{"start":{"line":89,"column":4},"end":{"line":89,"column":50}},"41":{"start":{"line":91,"column":4},"end":{"line":93,"column":5}},"42":{"start":{"line":92,"column":8},"end":{"line":92,"column":59}},"43":{"start":{"line":95,"column":28},"end":{"line":95,"column":64}},"44":{"start":{"line":97,"column":4},"end":{"line":99,"column":5}},"45":{"start":{"line":98,"column":8},"end":{"line":98,"column":81}},"46":{"start":{"line":101,"column":42},"end":{"line":101,"column":65}},"47":{"start":{"line":103,"column":4},"end":{"line":103,"column":52}},"48":{"start":{"line":105,"column":4},"end":{"line":105,"column":56}},"49":{"start":{"line":107,"column":4},"end":{"line":107,"column":29}},"50":{"start":{"line":109,"column":4},"end":{"line":109,"column":81}},"51":{"start":{"line":111,"column":4},"end":{"line":111,"column":89}},"52":{"start":{"line":114,"column":30},"end":{"line":133,"column":1}},"53":{"start":{"line":115,"column":22},"end":{"line":115,"column":30}},"54":{"start":{"line":117,"column":17},"end":{"line":117,"column":46}},"55":{"start":{"line":119,"column":4},"end":{"line":121,"column":5}},"56":{"start":{"line":120,"column":8},"end":{"line":120,"column":56}},"57":{"start":{"line":123,"column":57},"end":{"line":123,"column":83}},"58":{"start":{"line":125,"column":4},"end":{"line":125,"column":45}},"59":{"start":{"line":126,"column":4},"end":{"line":126,"column":57}},"60":{"start":{"line":128,"column":4},"end":{"line":128,"column":22}},"61":{"start":{"line":130,"column":4},"end":{"line":130,"column":53}},"62":{"start":{"line":132,"column":4},"end":{"line":132,"column":115}},"63":{"start":{"line":135,"column":29},"end":{"line":162,"column":1}},"64":{"start":{"line":136,"column":53},"end":{"line":136,"column":61}},"65":{"start":{"line":138,"column":17},"end":{"line":138,"column":46}},"66":{"start":{"line":140,"column":4},"end":{"line":142,"column":5}},"67":{"start":{"line":141,"column":8},"end":{"line":141,"column":61}},"68":{"start":{"line":144,"column":4},"end":{"line":146,"column":5}},"69":{"start":{"line":145,"column":8},"end":{"line":145,"column":53}},"70":{"start":{"line":148,"column":4},"end":{"line":150,"column":5}},"71":{"start":{"line":149,"column":8},"end":{"line":149,"column":53}},"72":{"start":{"line":152,"column":4},"end":{"line":152,"column":32}},"73":{"start":{"line":154,"column":4},"end":{"line":154,"column":33}},"74":{"start":{"line":155,"column":4},"end":{"line":155,"column":39}},"75":{"start":{"line":157,"column":4},"end":{"line":157,"column":22}},"76":{"start":{"line":159,"column":4},"end":{"line":159,"column":29}},"77":{"start":{"line":161,"column":4},"end":{"line":161,"column":89}},"78":{"start":{"line":164,"column":22},"end":{"line":179,"column":1}},"79":{"start":{"line":166,"column":25},"end":{"line":166,"column":49}},"80":{"start":{"line":168,"column":4},"end":{"line":172,"column":5}},"81":{"start":{"line":169,"column":29},"end":{"line":169,"column":84}},"82":{"start":{"line":171,"column":8},"end":{"line":171,"column":63}},"83":{"start":{"line":174,"column":4},"end":{"line":174,"column":35}},"84":{"start":{"line":176,"column":4},"end":{"line":176,"column":36}},"85":{"start":{"line":178,"column":4},"end":{"line":178,"column":87}},"86":{"start":{"line":181,"column":35},"end":{"line":207,"column":1}},"87":{"start":{"line":183,"column":25},"end":{"line":183,"column":49}},"88":{"start":{"line":185,"column":4},"end":{"line":187,"column":5}},"89":{"start":{"line":186,"column":8},"end":{"line":186,"column":54}},"90":{"start":{"line":189,"column":25},"end":{"line":189,"column":80}},"91":{"start":{"line":191,"column":24},"end":{"line":191,"column":78}},"92":{"start":{"line":193,"column":4},"end":{"line":195,"column":5}},"93":{"start":{"line":194,"column":8},"end":{"line":194,"column":77}},"94":{"start":{"line":197,"column":27},"end":{"line":197,"column":114}},"95":{"start":{"line":199,"column":4},"end":{"line":204,"column":6}},"96":{"start":{"line":206,"column":4},"end":{"line":206,"column":85}},"97":{"start":{"line":209,"column":25},"end":{"line":211,"column":1}},"98":{"start":{"line":210,"column":4},"end":{"line":210,"column":85}}},"fnMap":{"0":{"name":"(anonymous_0)","decl":{"start":{"line":15,"column":22},"end":{"line":15,"column":23}},"loc":{"start":{"line":15,"column":48},"end":{"line":49,"column":1}},"line":15},"1":{"name":"(anonymous_1)","decl":{"start":{"line":51,"column":27},"end":{"line":51,"column":28}},"loc":{"start":{"line":51,"column":53},"end":{"line":78,"column":1}},"line":51},"2":{"name":"(anonymous_2)","decl":{"start":{"line":80,"column":21},"end":{"line":80,"column":22}},"loc":{"start":{"line":80,"column":47},"end":{"line":112,"column":1}},"line":80},"3":{"name":"(anonymous_3)","decl":{"start":{"line":114,"column":30},"end":{"line":114,"column":31}},"loc":{"start":{"line":114,"column":56},"end":{"line":133,"column":1}},"line":114},"4":{"name":"(anonymous_4)","decl":{"start":{"line":135,"column":29},"end":{"line":135,"column":30}},"loc":{"start":{"line":135,"column":55},"end":{"line":162,"column":1}},"line":135},"5":{"name":"(anonymous_5)","decl":{"start":{"line":164,"column":22},"end":{"line":164,"column":23}},"loc":{"start":{"line":164,"column":42},"end":{"line":179,"column":1}},"line":164},"6":{"name":"(anonymous_6)","decl":{"start":{"line":181,"column":35},"end":{"line":181,"column":36}},"loc":{"start":{"line":181,"column":61},"end":{"line":207,"column":1}},"line":181},"7":{"name":"(anonymous_7)","decl":{"start":{"line":209,"column":25},"end":{"line":209,"column":26}},"loc":{"start":{"line":209,"column":45},"end":{"line":211,"column":1}},"line":209}},"branchMap":{"0":{"loc":{"start":{"line":20,"column":4},"end":{"line":22,"column":5}},"type":"if","locations":[{"start":{"line":20,"column":4},"end":{"line":22,"column":5}},{"start":{},"end":{}}],"line":20},"1":{"loc":{"start":{"line":26,"column":4},"end":{"line":28,"column":5}},"type":"if","locations":[{"start":{"line":26,"column":4},"end":{"line":28,"column":5}},{"start":{},"end":{}}],"line":26},"2":{"loc":{"start":{"line":56,"column":4},"end":{"line":58,"column":5}},"type":"if","locations":[{"start":{"line":56,"column":4},"end":{"line":58,"column":5}},{"start":{},"end":{}}],"line":56},"3":{"loc":{"start":{"line":60,"column":4},"end":{"line":62,"column":5}},"type":"if","locations":[{"start":{"line":60,"column":4},"end":{"line":62,"column":5}},{"start":{},"end":{}}],"line":60},"4":{"loc":{"start":{"line":64,"column":4},"end":{"line":66,"column":5}},"type":"if","locations":[{"start":{"line":64,"column":4},"end":{"line":66,"column":5}},{"start":{},"end":{}}],"line":64},"5":{"loc":{"start":{"line":85,"column":4},"end":{"line":87,"column":5}},"type":"if","locations":[{"start":{"line":85,"column":4},"end":{"line":87,"column":5}},{"start":{},"end":{}}],"line":85},"6":{"loc":{"start":{"line":91,"column":4},"end":{"line":93,"column":5}},"type":"if","locations":[{"start":{"line":91,"column":4},"end":{"line":93,"column":5}},{"start":{},"end":{}}],"line":91},"7":{"loc":{"start":{"line":97,"column":4},"end":{"line":99,"column":5}},"type":"if","locations":[{"start":{"line":97,"column":4},"end":{"line":99,"column":5}},{"start":{},"end":{}}],"line":97},"8":{"loc":{"start":{"line":119,"column":4},"end":{"line":121,"column":5}},"type":"if","locations":[{"start":{"line":119,"column":4},"end":{"line":121,"column":5}},{"start":{},"end":{}}],"line":119},"9":{"loc":{"start":{"line":140,"column":4},"end":{"line":142,"column":5}},"type":"if","locations":[{"start":{"line":140,"column":4},"end":{"line":142,"column":5}},{"start":{},"end":{}}],"line":140},"10":{"loc":{"start":{"line":144,"column":4},"end":{"line":146,"column":5}},"type":"if","locations":[{"start":{"line":144,"column":4},"end":{"line":146,"column":5}},{"start":{},"end":{}}],"line":144},"11":{"loc":{"start":{"line":148,"column":4},"end":{"line":150,"column":5}},"type":"if","locations":[{"start":{"line":148,"column":4},"end":{"line":150,"column":5}},{"start":{},"end":{}}],"line":148},"12":{"loc":{"start":{"line":168,"column":4},"end":{"line":172,"column":5}},"type":"if","locations":[{"start":{"line":168,"column":4},"end":{"line":172,"column":5}},{"start":{},"end":{}}],"line":168},"13":{"loc":{"start":{"line":185,"column":4},"end":{"line":187,"column":5}},"type":"if","locations":[{"start":{"line":185,"column":4},"end":{"line":187,"column":5}},{"start":{},"end":{}}],"line":185},"14":{"loc":{"start":{"line":193,"column":4},"end":{"line":195,"column":5}},"type":"if","locations":[{"start":{"line":193,"column":4},"end":{"line":195,"column":5}},{"start":{},"end":{}}],"line":193}},"s":{"0":1,"1":1,"2":0,"3":0,"4":0,"5":0,"6":0,"7":0,"8":0,"9":0,"10":0,"11":0,"12":0,"13":0,"14":0,"15":0,"16":0,"17":0,"18":0,"19":0,"20":1,"21":0,"22":0,"23":0,"24":0,"25":0,"26":0,"27":0,"28":0,"29":0,"30":0,"31":0,"32":0,"33":0,"34":0,"35":1,"36":4,"37":4,"38":4,"39":1,"40":3,"41":3,"42":1,"43":2,"44":2,"45":1,"46":1,"47":1,"48":1,"49":1,"50":1,"51":1,"52":1,"53":0,"54":0,"55":0,"56":0,"57":0,"58":0,"59":0,"60":0,"61":0,"62":0,"63":1,"64":0,"65":0,"66":0,"67":0,"68":0,"69":0,"70":0,"71":0,"72":0,"73":0,"74":0,"75":0,"76":0,"77":0,"78":1,"79":0,"80":0,"81":0,"82":0,"83":0,"84":0,"85":0,"86":1,"87":0,"88":0,"89":0,"90":0,"91":0,"92":0,"93":0,"94":0,"95":0,"96":0,"97":1,"98":0},"f":{"0":0,"1":0,"2":4,"3":0,"4":0,"5":0,"6":0,"7":0},"b":{"0":[0,0],"1":[0,0],"2":[0,0],"3":[0,0],"4":[0,0],"5":[1,3],"6":[1,2],"7":[1,1],"8":[0,0],"9":[0,0],"10":[0,0],"11":[0,0],"12":[0,0],"13":[0,0],"14":[0,0]},"_coverageSchema":"1a1c01bbd47fc00a2c39e90264f33305004495a9","hash":"91ef69ac0501b7c45b9a336abecc8b5a6768d2b7"}
,"D:\\Work\\Web\\Z Graduation Project\\Graduation-Project\\server\\controllers\\checkout.controllers.js": {"path":"D:\\Work\\Web\\Z Graduation Project\\Graduation-Project\\server\\controllers\\checkout.controllers.js","statementMap":{"0":{"start":{"line":16,"column":26},"end":{"line":24,"column":1}},"1":{"start":{"line":17,"column":20},"end":{"line":17,"column":61}},"2":{"start":{"line":19,"column":4},"end":{"line":21,"column":5}},"3":{"start":{"line":20,"column":8},"end":{"line":20,"column":72}},"4":{"start":{"line":23,"column":4},"end":{"line":23,"column":62}},"5":{"start":{"line":26,"column":39},"end":{"line":69,"column":1}},"6":{"start":{"line":28,"column":23},"end":{"line":28,"column":31}},"7":{"start":{"line":30,"column":4},"end":{"line":32,"column":5}},"8":{"start":{"line":31,"column":8},"end":{"line":31,"column":65}},"9":{"start":{"line":34,"column":17},"end":{"line":34,"column":50}},"10":{"start":{"line":36,"column":4},"end":{"line":38,"column":5}},"11":{"start":{"line":37,"column":8},"end":{"line":37,"column":59}},"12":{"start":{"line":40,"column":21},"end":{"line":40,"column":46}},"13":{"start":{"line":42,"column":4},"end":{"line":42,"column":26}},"14":{"start":{"line":43,"column":4},"end":{"line":43,"column":22}},"15":{"start":{"line":45,"column":19},"end":{"line":51,"column":6}},"16":{"start":{"line":53,"column":4},"end":{"line":53,"column":24}},"17":{"start":{"line":55,"column":4},"end":{"line":61,"column":6}},"18":{"start":{"line":63,"column":4},"end":{"line":67,"column":6}},"19":{"start":{"line":71,"column":25},"end":{"line":86,"column":1}},"20":{"start":{"line":72,"column":19},"end":{"line":79,"column":10}},"21":{"start":{"line":81,"column":4},"end":{"line":83,"column":5}},"22":{"start":{"line":82,"column":8},"end":{"line":82,"column":71}},"23":{"start":{"line":85,"column":4},"end":{"line":85,"column":60}},"24":{"start":{"line":88,"column":28},"end":{"line":109,"column":1}},"25":{"start":{"line":89,"column":15},"end":{"line":89,"column":28}},"26":{"start":{"line":91,"column":4},"end":{"line":93,"column":5}},"27":{"start":{"line":92,"column":8},"end":{"line":92,"column":67}},"28":{"start":{"line":95,"column":18},"end":{"line":102,"column":10}},"29":{"start":{"line":104,"column":4},"end":{"line":106,"column":5}},"30":{"start":{"line":105,"column":8},"end":{"line":105,"column":57}},"31":{"start":{"line":108,"column":4},"end":{"line":108,"column":53}},"32":{"start":{"line":112,"column":26},"end":{"line":214,"column":1}},"33":{"start":{"line":118,"column":8},"end":{"line":118,"column":16}},"34":{"start":{"line":120,"column":26},"end":{"line":120,"column":28}},"35":{"start":{"line":121,"column":21},"end":{"line":121,"column":22}},"36":{"start":{"line":123,"column":4},"end":{"line":146,"column":5}},"37":{"start":{"line":124,"column":24},"end":{"line":124,"column":60}},"38":{"start":{"line":126,"column":8},"end":{"line":128,"column":9}},"39":{"start":{"line":127,"column":12},"end":{"line":127,"column":67}},"40":{"start":{"line":130,"column":8},"end":{"line":132,"column":9}},"41":{"start":{"line":131,"column":12},"end":{"line":131,"column":85}},"42":{"start":{"line":134,"column":29},"end":{"line":134,"column":63}},"43":{"start":{"line":136,"column":26},"end":{"line":142,"column":10}},"44":{"start":{"line":144,"column":8},"end":{"line":144,"column":42}},"45":{"start":{"line":145,"column":8},"end":{"line":145,"column":51}},"46":{"start":{"line":148,"column":30},"end":{"line":148,"column":72}},"47":{"start":{"line":149,"column":24},"end":{"line":149,"column":50}},"48":{"start":{"line":151,"column":24},"end":{"line":151,"column":28}},"49":{"start":{"line":152,"column":25},"end":{"line":152,"column":26}},"50":{"start":{"line":154,"column":4},"end":{"line":162,"column":5}},"51":{"start":{"line":155,"column":25},"end":{"line":155,"column":63}},"52":{"start":{"line":156,"column":8},"end":{"line":161,"column":9}},"53":{"start":{"line":157,"column":12},"end":{"line":157,"column":47}},"54":{"start":{"line":158,"column":12},"end":{"line":158,"column":41}},"55":{"start":{"line":159,"column":12},"end":{"line":159,"column":38}},"56":{"start":{"line":160,"column":12},"end":{"line":160,"column":34}},"57":{"start":{"line":165,"column":30},"end":{"line":165,"column":54}},"58":{"start":{"line":166,"column":21},"end":{"line":166,"column":38}},"59":{"start":{"line":168,"column":4},"end":{"line":170,"column":5}},"60":{"start":{"line":169,"column":8},"end":{"line":169,"column":68}},"61":{"start":{"line":172,"column":23},"end":{"line":172,"column":57}},"62":{"start":{"line":174,"column":22},"end":{"line":174,"column":77}},"63":{"start":{"line":176,"column":18},"end":{"line":185,"column":6}},"64":{"start":{"line":187,"column":4},"end":{"line":191,"column":6}},"65":{"start":{"line":193,"column":27},"end":{"line":200,"column":44}},"66":{"start":{"line":202,"column":4},"end":{"line":208,"column":7}},"67":{"start":{"line":210,"column":4},"end":{"line":213,"column":7}},"68":{"start":{"line":217,"column":27},"end":{"line":471,"column":1}},"69":{"start":{"line":218,"column":20},"end":{"line":218,"column":33}},"70":{"start":{"line":219,"column":88},"end":{"line":219,"column":96}},"71":{"start":{"line":221,"column":18},"end":{"line":221,"column":47}},"72":{"start":{"line":223,"column":4},"end":{"line":225,"column":5}},"73":{"start":{"line":224,"column":8},"end":{"line":224,"column":58}},"74":{"start":{"line":228,"column":4},"end":{"line":230,"column":5}},"75":{"start":{"line":229,"column":8},"end":{"line":229,"column":76}},"76":{"start":{"line":233,"column":4},"end":{"line":235,"column":5}},"77":{"start":{"line":234,"column":8},"end":{"line":234,"column":76}},"78":{"start":{"line":238,"column":4},"end":{"line":238,"column":69}},"79":{"start":{"line":239,"column":4},"end":{"line":239,"column":66}},"80":{"start":{"line":242,"column":4},"end":{"line":263,"column":5}},"81":{"start":{"line":244,"column":23},"end":{"line":244,"column":65}},"82":{"start":{"line":246,"column":8},"end":{"line":248,"column":9}},"83":{"start":{"line":247,"column":12},"end":{"line":247,"column":66}},"84":{"start":{"line":251,"column":8},"end":{"line":253,"column":9}},"85":{"start":{"line":252,"column":12},"end":{"line":252,"column":72}},"86":{"start":{"line":256,"column":28},"end":{"line":256,"column":38}},"87":{"start":{"line":257,"column":8},"end":{"line":259,"column":9}},"88":{"start":{"line":258,"column":12},"end":{"line":258,"column":70}},"89":{"start":{"line":262,"column":8},"end":{"line":262,"column":34}},"90":{"start":{"line":266,"column":4},"end":{"line":379,"column":5}},"91":{"start":{"line":267,"column":8},"end":{"line":378,"column":9}},"92":{"start":{"line":268,"column":76},"end":{"line":268,"column":85}},"93":{"start":{"line":270,"column":12},"end":{"line":377,"column":13}},"94":{"start":{"line":273,"column":20},"end":{"line":275,"column":21}},"95":{"start":{"line":274,"column":24},"end":{"line":274,"column":106}},"96":{"start":{"line":278,"column":39},"end":{"line":278,"column":72}},"97":{"start":{"line":279,"column":20},"end":{"line":281,"column":21}},"98":{"start":{"line":280,"column":24},"end":{"line":280,"column":97}},"99":{"start":{"line":284,"column":20},"end":{"line":286,"column":21}},"100":{"start":{"line":285,"column":24},"end":{"line":285,"column":100}},"101":{"start":{"line":289,"column":41},"end":{"line":295,"column":22}},"102":{"start":{"line":298,"column":20},"end":{"line":298,"column":60}},"103":{"start":{"line":299,"column":20},"end":{"line":299,"column":26}},"104":{"start":{"line":303,"column":20},"end":{"line":305,"column":21}},"105":{"start":{"line":304,"column":24},"end":{"line":304,"column":102}},"106":{"start":{"line":308,"column":38},"end":{"line":308,"column":75}},"107":{"start":{"line":309,"column":20},"end":{"line":311,"column":21}},"108":{"start":{"line":310,"column":24},"end":{"line":310,"column":102}},"109":{"start":{"line":314,"column":52},"end":{"line":316,"column":21}},"110":{"start":{"line":315,"column":32},"end":{"line":315,"column":63}},"111":{"start":{"line":318,"column":20},"end":{"line":320,"column":21}},"112":{"start":{"line":319,"column":24},"end":{"line":319,"column":99}},"113":{"start":{"line":323,"column":36},"end":{"line":323,"column":77}},"114":{"start":{"line":324,"column":20},"end":{"line":326,"column":21}},"115":{"start":{"line":325,"column":24},"end":{"line":325,"column":103}},"116":{"start":{"line":329,"column":20},"end":{"line":335,"column":21}},"117":{"start":{"line":330,"column":24},"end":{"line":332,"column":25}},"118":{"start":{"line":331,"column":28},"end":{"line":331,"column":101}},"119":{"start":{"line":333,"column":24},"end":{"line":333,"column":54}},"120":{"start":{"line":334,"column":24},"end":{"line":334,"column":67}},"121":{"start":{"line":338,"column":20},"end":{"line":340,"column":21}},"122":{"start":{"line":339,"column":24},"end":{"line":339,"column":48}},"123":{"start":{"line":343,"column":20},"end":{"line":345,"column":21}},"124":{"start":{"line":344,"column":24},"end":{"line":344,"column":46}},"125":{"start":{"line":348,"column":20},"end":{"line":348,"column":43}},"126":{"start":{"line":349,"column":20},"end":{"line":349,"column":26}},"127":{"start":{"line":353,"column":20},"end":{"line":355,"column":21}},"128":{"start":{"line":354,"column":24},"end":{"line":354,"column":102}},"129":{"start":{"line":358,"column":47},"end":{"line":360,"column":21}},"130":{"start":{"line":359,"column":32},"end":{"line":359,"column":63}},"131":{"start":{"line":362,"column":20},"end":{"line":364,"column":21}},"132":{"start":{"line":363,"column":24},"end":{"line":363,"column":99}},"133":{"start":{"line":367,"column":20},"end":{"line":369,"column":22}},"134":{"start":{"line":368,"column":32},"end":{"line":368,"column":63}},"135":{"start":{"line":372,"column":20},"end":{"line":372,"column":67}},"136":{"start":{"line":373,"column":20},"end":{"line":373,"column":26}},"137":{"start":{"line":376,"column":20},"end":{"line":376,"column":86}},"138":{"start":{"line":382,"column":4},"end":{"line":431,"column":5}},"139":{"start":{"line":383,"column":8},"end":{"line":430,"column":9}},"140":{"start":{"line":384,"column":59},"end":{"line":384,"column":63}},"141":{"start":{"line":387,"column":30},"end":{"line":387,"column":67}},"142":{"start":{"line":389,"column":12},"end":{"line":391,"column":13}},"143":{"start":{"line":390,"column":16},"end":{"line":390,"column":94}},"144":{"start":{"line":394,"column":44},"end":{"line":396,"column":13}},"145":{"start":{"line":395,"column":24},"end":{"line":395,"column":55}},"146":{"start":{"line":398,"column":12},"end":{"line":400,"column":13}},"147":{"start":{"line":399,"column":16},"end":{"line":399,"column":91}},"148":{"start":{"line":403,"column":28},"end":{"line":403,"column":69}},"149":{"start":{"line":405,"column":12},"end":{"line":407,"column":13}},"150":{"start":{"line":406,"column":16},"end":{"line":406,"column":95}},"151":{"start":{"line":410,"column":12},"end":{"line":416,"column":13}},"152":{"start":{"line":411,"column":16},"end":{"line":413,"column":17}},"153":{"start":{"line":412,"column":20},"end":{"line":412,"column":93}},"154":{"start":{"line":414,"column":16},"end":{"line":414,"column":46}},"155":{"start":{"line":415,"column":16},"end":{"line":415,"column":59}},"156":{"start":{"line":419,"column":12},"end":{"line":421,"column":13}},"157":{"start":{"line":420,"column":16},"end":{"line":420,"column":40}},"158":{"start":{"line":424,"column":12},"end":{"line":426,"column":13}},"159":{"start":{"line":425,"column":16},"end":{"line":425,"column":38}},"160":{"start":{"line":429,"column":12},"end":{"line":429,"column":35}},"161":{"start":{"line":434,"column":30},"end":{"line":436,"column":6}},"162":{"start":{"line":438,"column":21},"end":{"line":438,"column":81}},"163":{"start":{"line":438,"column":61},"end":{"line":438,"column":77}},"164":{"start":{"line":441,"column":4},"end":{"line":449,"column":5}},"165":{"start":{"line":442,"column":25},"end":{"line":442,"column":60}},"166":{"start":{"line":443,"column":8},"end":{"line":448,"column":9}},"167":{"start":{"line":445,"column":12},"end":{"line":445,"column":68}},"168":{"start":{"line":446,"column":12},"end":{"line":446,"column":38}},"169":{"start":{"line":447,"column":12},"end":{"line":447,"column":33}},"170":{"start":{"line":452,"column":4},"end":{"line":452,"column":34}},"171":{"start":{"line":455,"column":4},"end":{"line":455,"column":23}},"172":{"start":{"line":458,"column":25},"end":{"line":465,"column":45}},"173":{"start":{"line":467,"column":4},"end":{"line":470,"column":7}},"174":{"start":{"line":473,"column":27},"end":{"line":506,"column":1}},"175":{"start":{"line":474,"column":19},"end":{"line":474,"column":29}},"176":{"start":{"line":476,"column":4},"end":{"line":478,"column":5}},"177":{"start":{"line":477,"column":8},"end":{"line":477,"column":63}},"178":{"start":{"line":480,"column":18},"end":{"line":480,"column":42}},"179":{"start":{"line":482,"column":4},"end":{"line":484,"column":5}},"180":{"start":{"line":483,"column":8},"end":{"line":483,"column":58}},"181":{"start":{"line":487,"column":4},"end":{"line":489,"column":5}},"182":{"start":{"line":488,"column":8},"end":{"line":488,"column":78}},"183":{"start":{"line":491,"column":4},"end":{"line":493,"column":5}},"184":{"start":{"line":492,"column":8},"end":{"line":492,"column":78}},"185":{"start":{"line":500,"column":4},"end":{"line":500,"column":38}},"186":{"start":{"line":502,"column":4},"end":{"line":505,"column":7}},"187":{"start":{"line":508,"column":33},"end":{"line":652,"column":1}},"188":{"start":{"line":511,"column":19},"end":{"line":511,"column":31}},"189":{"start":{"line":512,"column":24},"end":{"line":512,"column":32}},"190":{"start":{"line":514,"column":4},"end":{"line":514,"column":83}},"191":{"start":{"line":517,"column":18},"end":{"line":517,"column":70}},"192":{"start":{"line":518,"column":4},"end":{"line":520,"column":5}},"193":{"start":{"line":519,"column":8},"end":{"line":519,"column":57}},"194":{"start":{"line":523,"column":4},"end":{"line":525,"column":5}},"195":{"start":{"line":524,"column":8},"end":{"line":524,"column":57}},"196":{"start":{"line":528,"column":4},"end":{"line":533,"column":5}},"197":{"start":{"line":529,"column":8},"end":{"line":532,"column":11}},"198":{"start":{"line":537,"column":4},"end":{"line":548,"column":5}},"199":{"start":{"line":538,"column":8},"end":{"line":540,"column":11}},"200":{"start":{"line":542,"column":8},"end":{"line":542,"column":93}},"201":{"start":{"line":543,"column":8},"end":{"line":547,"column":11}},"202":{"start":{"line":550,"column":22},"end":{"line":550,"column":45}},"203":{"start":{"line":554,"column":4},"end":{"line":575,"column":5}},"204":{"start":{"line":555,"column":27},"end":{"line":559,"column":11}},"205":{"start":{"line":555,"column":57},"end":{"line":559,"column":9}},"206":{"start":{"line":561,"column":8},"end":{"line":567,"column":11}},"207":{"start":{"line":569,"column":8},"end":{"line":569,"column":93}},"208":{"start":{"line":570,"column":8},"end":{"line":574,"column":11}},"209":{"start":{"line":577,"column":26},"end":{"line":577,"column":47}},"210":{"start":{"line":581,"column":4},"end":{"line":619,"column":5}},"211":{"start":{"line":583,"column":26},"end":{"line":583,"column":66}},"212":{"start":{"line":584,"column":26},"end":{"line":584,"column":90}},"213":{"start":{"line":585,"column":25},"end":{"line":585,"column":104}},"214":{"start":{"line":586,"column":22},"end":{"line":586,"column":53}},"215":{"start":{"line":588,"column":8},"end":{"line":611,"column":11}},"216":{"start":{"line":613,"column":8},"end":{"line":613,"column":92}},"217":{"start":{"line":614,"column":8},"end":{"line":618,"column":11}},"218":{"start":{"line":621,"column":25},"end":{"line":621,"column":54}},"219":{"start":{"line":624,"column":20},"end":{"line":634,"column":6}},"220":{"start":{"line":636,"column":4},"end":{"line":636,"column":25}},"221":{"start":{"line":639,"column":22},"end":{"line":639,"column":122}},"222":{"start":{"line":642,"column":4},"end":{"line":651,"column":7}},"223":{"start":{"line":654,"column":37},"end":{"line":719,"column":1}},"224":{"start":{"line":655,"column":65},"end":{"line":655,"column":73}},"225":{"start":{"line":658,"column":4},"end":{"line":660,"column":5}},"226":{"start":{"line":659,"column":8},"end":{"line":659,"column":77}},"227":{"start":{"line":663,"column":32},"end":{"line":663,"column":70}},"228":{"start":{"line":666,"column":20},"end":{"line":666,"column":49}},"229":{"start":{"line":667,"column":4},"end":{"line":718,"column":5}},"230":{"start":{"line":668,"column":8},"end":{"line":668,"column":35}},"231":{"start":{"line":671,"column":27},"end":{"line":675,"column":9}},"232":{"start":{"line":677,"column":8},"end":{"line":680,"column":9}},"233":{"start":{"line":678,"column":12},"end":{"line":678,"column":45}},"234":{"start":{"line":679,"column":12},"end":{"line":679,"column":71}},"235":{"start":{"line":683,"column":8},"end":{"line":683,"column":71}},"236":{"start":{"line":684,"column":8},"end":{"line":684,"column":64}},"237":{"start":{"line":685,"column":8},"end":{"line":685,"column":43}},"238":{"start":{"line":688,"column":8},"end":{"line":700,"column":9}},"239":{"start":{"line":689,"column":29},"end":{"line":689,"column":86}},"240":{"start":{"line":690,"column":12},"end":{"line":693,"column":13}},"241":{"start":{"line":691,"column":16},"end":{"line":691,"column":49}},"242":{"start":{"line":692,"column":16},"end":{"line":692,"column":66}},"243":{"start":{"line":694,"column":12},"end":{"line":697,"column":13}},"244":{"start":{"line":695,"column":16},"end":{"line":695,"column":49}},"245":{"start":{"line":696,"column":16},"end":{"line":696,"column":82}},"246":{"start":{"line":698,"column":12},"end":{"line":698,"column":37}},"247":{"start":{"line":699,"column":12},"end":{"line":699,"column":45}},"248":{"start":{"line":703,"column":8},"end":{"line":703,"column":42}},"249":{"start":{"line":706,"column":8},"end":{"line":711,"column":11}},"250":{"start":{"line":713,"column":8},"end":{"line":713,"column":41}},"251":{"start":{"line":714,"column":8},"end":{"line":714,"column":64}},"252":{"start":{"line":715,"column":8},"end":{"line":715,"column":77}},"253":{"start":{"line":717,"column":8},"end":{"line":717,"column":29}}},"fnMap":{"0":{"name":"(anonymous_0)","decl":{"start":{"line":16,"column":26},"end":{"line":16,"column":27}},"loc":{"start":{"line":16,"column":52},"end":{"line":24,"column":1}},"line":16},"1":{"name":"(anonymous_1)","decl":{"start":{"line":26,"column":39},"end":{"line":26,"column":40}},"loc":{"start":{"line":26,"column":65},"end":{"line":69,"column":1}},"line":26},"2":{"name":"(anonymous_2)","decl":{"start":{"line":71,"column":25},"end":{"line":71,"column":26}},"loc":{"start":{"line":71,"column":51},"end":{"line":86,"column":1}},"line":71},"3":{"name":"(anonymous_3)","decl":{"start":{"line":88,"column":28},"end":{"line":88,"column":29}},"loc":{"start":{"line":88,"column":54},"end":{"line":109,"column":1}},"line":88},"4":{"name":"(anonymous_4)","decl":{"start":{"line":112,"column":26},"end":{"line":112,"column":27}},"loc":{"start":{"line":112,"column":52},"end":{"line":214,"column":1}},"line":112},"5":{"name":"(anonymous_5)","decl":{"start":{"line":217,"column":27},"end":{"line":217,"column":28}},"loc":{"start":{"line":217,"column":53},"end":{"line":471,"column":1}},"line":217},"6":{"name":"(anonymous_6)","decl":{"start":{"line":315,"column":24},"end":{"line":315,"column":25}},"loc":{"start":{"line":315,"column":32},"end":{"line":315,"column":63}},"line":315},"7":{"name":"(anonymous_7)","decl":{"start":{"line":359,"column":24},"end":{"line":359,"column":25}},"loc":{"start":{"line":359,"column":32},"end":{"line":359,"column":63}},"line":359},"8":{"name":"(anonymous_8)","decl":{"start":{"line":368,"column":24},"end":{"line":368,"column":25}},"loc":{"start":{"line":368,"column":32},"end":{"line":368,"column":63}},"line":368},"9":{"name":"(anonymous_9)","decl":{"start":{"line":395,"column":16},"end":{"line":395,"column":17}},"loc":{"start":{"line":395,"column":24},"end":{"line":395,"column":55}},"line":395},"10":{"name":"(anonymous_10)","decl":{"start":{"line":438,"column":46},"end":{"line":438,"column":47}},"loc":{"start":{"line":438,"column":61},"end":{"line":438,"column":77}},"line":438},"11":{"name":"(anonymous_11)","decl":{"start":{"line":473,"column":27},"end":{"line":473,"column":28}},"loc":{"start":{"line":473,"column":53},"end":{"line":506,"column":1}},"line":473},"12":{"name":"(anonymous_12)","decl":{"start":{"line":508,"column":33},"end":{"line":508,"column":34}},"loc":{"start":{"line":508,"column":59},"end":{"line":652,"column":1}},"line":508},"13":{"name":"(anonymous_13)","decl":{"start":{"line":555,"column":48},"end":{"line":555,"column":49}},"loc":{"start":{"line":555,"column":57},"end":{"line":559,"column":9}},"line":555},"14":{"name":"(anonymous_14)","decl":{"start":{"line":654,"column":37},"end":{"line":654,"column":38}},"loc":{"start":{"line":654,"column":63},"end":{"line":719,"column":1}},"line":654}},"branchMap":{"0":{"loc":{"start":{"line":19,"column":4},"end":{"line":21,"column":5}},"type":"if","locations":[{"start":{"line":19,"column":4},"end":{"line":21,"column":5}},{"start":{},"end":{}}],"line":19},"1":{"loc":{"start":{"line":19,"column":8},"end":{"line":19,"column":40}},"type":"binary-expr","locations":[{"start":{"line":19,"column":8},"end":{"line":19,"column":16}},{"start":{"line":19,"column":20},"end":{"line":19,"column":40}}],"line":19},"2":{"loc":{"start":{"line":30,"column":4},"end":{"line":32,"column":5}},"type":"if","locations":[{"start":{"line":30,"column":4},"end":{"line":32,"column":5}},{"start":{},"end":{}}],"line":30},"3":{"loc":{"start":{"line":36,"column":4},"end":{"line":38,"column":5}},"type":"if","locations":[{"start":{"line":36,"column":4},"end":{"line":38,"column":5}},{"start":{},"end":{}}],"line":36},"4":{"loc":{"start":{"line":81,"column":4},"end":{"line":83,"column":5}},"type":"if","locations":[{"start":{"line":81,"column":4},"end":{"line":83,"column":5}},{"start":{},"end":{}}],"line":81},"5":{"loc":{"start":{"line":81,"column":8},"end":{"line":81,"column":38}},"type":"binary-expr","locations":[{"start":{"line":81,"column":8},"end":{"line":81,"column":15}},{"start":{"line":81,"column":19},"end":{"line":81,"column":38}}],"line":81},"6":{"loc":{"start":{"line":91,"column":4},"end":{"line":93,"column":5}},"type":"if","locations":[{"start":{"line":91,"column":4},"end":{"line":93,"column":5}},{"start":{},"end":{}}],"line":91},"7":{"loc":{"start":{"line":104,"column":4},"end":{"line":106,"column":5}},"type":"if","locations":[{"start":{"line":104,"column":4},"end":{"line":106,"column":5}},{"start":{},"end":{}}],"line":104},"8":{"loc":{"start":{"line":126,"column":8},"end":{"line":128,"column":9}},"type":"if","locations":[{"start":{"line":126,"column":8},"end":{"line":128,"column":9}},{"start":{},"end":{}}],"line":126},"9":{"loc":{"start":{"line":130,"column":8},"end":{"line":132,"column":9}},"type":"if","locations":[{"start":{"line":130,"column":8},"end":{"line":132,"column":9}},{"start":{},"end":{}}],"line":130},"10":{"loc":{"start":{"line":149,"column":24},"end":{"line":149,"column":50}},"type":"cond-expr","locations":[{"start":{"line":149,"column":44},"end":{"line":149,"column":46}},{"start":{"line":149,"column":49},"end":{"line":149,"column":50}}],"line":149},"11":{"loc":{"start":{"line":154,"column":4},"end":{"line":162,"column":5}},"type":"if","locations":[{"start":{"line":154,"column":4},"end":{"line":162,"column":5}},{"start":{},"end":{}}],"line":154},"12":{"loc":{"start":{"line":156,"column":8},"end":{"line":161,"column":9}},"type":"if","locations":[{"start":{"line":156,"column":8},"end":{"line":161,"column":9}},{"start":{},"end":{}}],"line":156},"13":{"loc":{"start":{"line":156,"column":12},"end":{"line":156,"column":41}},"type":"binary-expr","locations":[{"start":{"line":156,"column":12},"end":{"line":156,"column":20}},{"start":{"line":156,"column":24},"end":{"line":156,"column":41}}],"line":156},"14":{"loc":{"start":{"line":168,"column":4},"end":{"line":170,"column":5}},"type":"if","locations":[{"start":{"line":168,"column":4},"end":{"line":170,"column":5}},{"start":{},"end":{}}],"line":168},"15":{"loc":{"start":{"line":180,"column":24},"end":{"line":180,"column":52}},"type":"binary-expr","locations":[{"start":{"line":180,"column":24},"end":{"line":180,"column":38}},{"start":{"line":180,"column":42},"end":{"line":180,"column":52}}],"line":180},"16":{"loc":{"start":{"line":223,"column":4},"end":{"line":225,"column":5}},"type":"if","locations":[{"start":{"line":223,"column":4},"end":{"line":225,"column":5}},{"start":{},"end":{}}],"line":223},"17":{"loc":{"start":{"line":228,"column":4},"end":{"line":230,"column":5}},"type":"if","locations":[{"start":{"line":228,"column":4},"end":{"line":230,"column":5}},{"start":{},"end":{}}],"line":228},"18":{"loc":{"start":{"line":233,"column":4},"end":{"line":235,"column":5}},"type":"if","locations":[{"start":{"line":233,"column":4},"end":{"line":235,"column":5}},{"start":{},"end":{}}],"line":233},"19":{"loc":{"start":{"line":238,"column":28},"end":{"line":238,"column":68}},"type":"binary-expr","locations":[{"start":{"line":238,"column":28},"end":{"line":238,"column":43}},{"start":{"line":238,"column":47},"end":{"line":238,"column":68}}],"line":238},"20":{"loc":{"start":{"line":239,"column":27},"end":{"line":239,"column":65}},"type":"binary-expr","locations":[{"start":{"line":239,"column":27},"end":{"line":239,"column":41}},{"start":{"line":239,"column":45},"end":{"line":239,"column":65}}],"line":239},"21":{"loc":{"start":{"line":242,"column":4},"end":{"line":263,"column":5}},"type":"if","locations":[{"start":{"line":242,"column":4},"end":{"line":263,"column":5}},{"start":{},"end":{}}],"line":242},"22":{"loc":{"start":{"line":246,"column":8},"end":{"line":248,"column":9}},"type":"if","locations":[{"start":{"line":246,"column":8},"end":{"line":248,"column":9}},{"start":{},"end":{}}],"line":246},"23":{"loc":{"start":{"line":251,"column":8},"end":{"line":253,"column":9}},"type":"if","locations":[{"start":{"line":251,"column":8},"end":{"line":253,"column":9}},{"start":{},"end":{}}],"line":251},"24":{"loc":{"start":{"line":257,"column":8},"end":{"line":259,"column":9}},"type":"if","locations":[{"start":{"line":257,"column":8},"end":{"line":259,"column":9}},{"start":{},"end":{}}],"line":257},"25":{"loc":{"start":{"line":257,"column":12},"end":{"line":257,"column":82}},"type":"binary-expr","locations":[{"start":{"line":257,"column":12},"end":{"line":257,"column":33}},{"start":{"line":257,"column":37},"end":{"line":257,"column":82}}],"line":257},"26":{"loc":{"start":{"line":266,"column":4},"end":{"line":379,"column":5}},"type":"if","locations":[{"start":{"line":266,"column":4},"end":{"line":379,"column":5}},{"start":{},"end":{}}],"line":266},"27":{"loc":{"start":{"line":266,"column":8},"end":{"line":266,"column":51}},"type":"binary-expr","locations":[{"start":{"line":266,"column":8},"end":{"line":266,"column":22}},{"start":{"line":266,"column":26},"end":{"line":266,"column":51}}],"line":266},"28":{"loc":{"start":{"line":270,"column":12},"end":{"line":377,"column":13}},"type":"switch","locations":[{"start":{"line":271,"column":16},"end":{"line":299,"column":26}},{"start":{"line":301,"column":16},"end":{"line":349,"column":26}},{"start":{"line":351,"column":16},"end":{"line":373,"column":26}},{"start":{"line":375,"column":16},"end":{"line":376,"column":86}}],"line":270},"29":{"loc":{"start":{"line":273,"column":20},"end":{"line":275,"column":21}},"type":"if","locations":[{"start":{"line":273,"column":20},"end":{"line":275,"column":21}},{"start":{},"end":{}}],"line":273},"30":{"loc":{"start":{"line":273,"column":24},"end":{"line":273,"column":47}},"type":"binary-expr","locations":[{"start":{"line":273,"column":24},"end":{"line":273,"column":34}},{"start":{"line":273,"column":38},"end":{"line":273,"column":47}}],"line":273},"31":{"loc":{"start":{"line":279,"column":20},"end":{"line":281,"column":21}},"type":"if","locations":[{"start":{"line":279,"column":20},"end":{"line":281,"column":21}},{"start":{},"end":{}}],"line":279},"32":{"loc":{"start":{"line":284,"column":20},"end":{"line":286,"column":21}},"type":"if","locations":[{"start":{"line":284,"column":20},"end":{"line":286,"column":21}},{"start":{},"end":{}}],"line":284},"33":{"loc":{"start":{"line":293,"column":31},"end":{"line":293,"column":49}},"type":"binary-expr","locations":[{"start":{"line":293,"column":31},"end":{"line":293,"column":36}},{"start":{"line":293,"column":40},"end":{"line":293,"column":49}}],"line":293},"34":{"loc":{"start":{"line":294,"column":30},"end":{"line":294,"column":47}},"type":"binary-expr","locations":[{"start":{"line":294,"column":30},"end":{"line":294,"column":34}},{"start":{"line":294,"column":38},"end":{"line":294,"column":47}}],"line":294},"35":{"loc":{"start":{"line":303,"column":20},"end":{"line":305,"column":21}},"type":"if","locations":[{"start":{"line":303,"column":20},"end":{"line":305,"column":21}},{"start":{},"end":{}}],"line":303},"36":{"loc":{"start":{"line":309,"column":20},"end":{"line":311,"column":21}},"type":"if","locations":[{"start":{"line":309,"column":20},"end":{"line":311,"column":21}},{"start":{},"end":{}}],"line":309},"37":{"loc":{"start":{"line":318,"column":20},"end":{"line":320,"column":21}},"type":"if","locations":[{"start":{"line":318,"column":20},"end":{"line":320,"column":21}},{"start":{},"end":{}}],"line":318},"38":{"loc":{"start":{"line":324,"column":20},"end":{"line":326,"column":21}},"type":"if","locations":[{"start":{"line":324,"column":20},"end":{"line":326,"column":21}},{"start":{},"end":{}}],"line":324},"39":{"loc":{"start":{"line":329,"column":20},"end":{"line":335,"column":21}},"type":"if","locations":[{"start":{"line":329,"column":20},"end":{"line":335,"column":21}},{"start":{},"end":{}}],"line":329},"40":{"loc":{"start":{"line":330,"column":24},"end":{"line":332,"column":25}},"type":"if","locations":[{"start":{"line":330,"column":24},"end":{"line":332,"column":25}},{"start":{},"end":{}}],"line":330},"41":{"loc":{"start":{"line":338,"column":20},"end":{"line":340,"column":21}},"type":"if","locations":[{"start":{"line":338,"column":20},"end":{"line":340,"column":21}},{"start":{},"end":{}}],"line":338},"42":{"loc":{"start":{"line":343,"column":20},"end":{"line":345,"column":21}},"type":"if","locations":[{"start":{"line":343,"column":20},"end":{"line":345,"column":21}},{"start":{},"end":{}}],"line":343},"43":{"loc":{"start":{"line":353,"column":20},"end":{"line":355,"column":21}},"type":"if","locations":[{"start":{"line":353,"column":20},"end":{"line":355,"column":21}},{"start":{},"end":{}}],"line":353},"44":{"loc":{"start":{"line":362,"column":20},"end":{"line":364,"column":21}},"type":"if","locations":[{"start":{"line":362,"column":20},"end":{"line":364,"column":21}},{"start":{},"end":{}}],"line":362},"45":{"loc":{"start":{"line":382,"column":4},"end":{"line":431,"column":5}},"type":"if","locations":[{"start":{"line":382,"column":4},"end":{"line":431,"column":5}},{"start":{},"end":{}}],"line":382},"46":{"loc":{"start":{"line":382,"column":8},"end":{"line":382,"column":43}},"type":"binary-expr","locations":[{"start":{"line":382,"column":8},"end":{"line":382,"column":18}},{"start":{"line":382,"column":22},"end":{"line":382,"column":43}}],"line":382},"47":{"loc":{"start":{"line":389,"column":12},"end":{"line":391,"column":13}},"type":"if","locations":[{"start":{"line":389,"column":12},"end":{"line":391,"column":13}},{"start":{},"end":{}}],"line":389},"48":{"loc":{"start":{"line":398,"column":12},"end":{"line":400,"column":13}},"type":"if","locations":[{"start":{"line":398,"column":12},"end":{"line":400,"column":13}},{"start":{},"end":{}}],"line":398},"49":{"loc":{"start":{"line":405,"column":12},"end":{"line":407,"column":13}},"type":"if","locations":[{"start":{"line":405,"column":12},"end":{"line":407,"column":13}},{"start":{},"end":{}}],"line":405},"50":{"loc":{"start":{"line":410,"column":12},"end":{"line":416,"column":13}},"type":"if","locations":[{"start":{"line":410,"column":12},"end":{"line":416,"column":13}},{"start":{},"end":{}}],"line":410},"51":{"loc":{"start":{"line":411,"column":16},"end":{"line":413,"column":17}},"type":"if","locations":[{"start":{"line":411,"column":16},"end":{"line":413,"column":17}},{"start":{},"end":{}}],"line":411},"52":{"loc":{"start":{"line":419,"column":12},"end":{"line":421,"column":13}},"type":"if","locations":[{"start":{"line":419,"column":12},"end":{"line":421,"column":13}},{"start":{},"end":{}}],"line":419},"53":{"loc":{"start":{"line":424,"column":12},"end":{"line":426,"column":13}},"type":"if","locations":[{"start":{"line":424,"column":12},"end":{"line":426,"column":13}},{"start":{},"end":{}}],"line":424},"54":{"loc":{"start":{"line":441,"column":4},"end":{"line":449,"column":5}},"type":"if","locations":[{"start":{"line":441,"column":4},"end":{"line":449,"column":5}},{"start":{},"end":{}}],"line":441},"55":{"loc":{"start":{"line":443,"column":8},"end":{"line":448,"column":9}},"type":"if","locations":[{"start":{"line":443,"column":8},"end":{"line":448,"column":9}},{"start":{},"end":{}}],"line":443},"56":{"loc":{"start":{"line":443,"column":12},"end":{"line":443,"column":41}},"type":"binary-expr","locations":[{"start":{"line":443,"column":12},"end":{"line":443,"column":20}},{"start":{"line":443,"column":24},"end":{"line":443,"column":41}}],"line":443},"57":{"loc":{"start":{"line":476,"column":4},"end":{"line":478,"column":5}},"type":"if","locations":[{"start":{"line":476,"column":4},"end":{"line":478,"column":5}},{"start":{},"end":{}}],"line":476},"58":{"loc":{"start":{"line":482,"column":4},"end":{"line":484,"column":5}},"type":"if","locations":[{"start":{"line":482,"column":4},"end":{"line":484,"column":5}},{"start":{},"end":{}}],"line":482},"59":{"loc":{"start":{"line":487,"column":4},"end":{"line":489,"column":5}},"type":"if","locations":[{"start":{"line":487,"column":4},"end":{"line":489,"column":5}},{"start":{},"end":{}}],"line":487},"60":{"loc":{"start":{"line":487,"column":8},"end":{"line":487,"column":86}},"type":"binary-expr","locations":[{"start":{"line":487,"column":8},"end":{"line":487,"column":57}},{"start":{"line":487,"column":61},"end":{"line":487,"column":86}}],"line":487},"61":{"loc":{"start":{"line":491,"column":4},"end":{"line":493,"column":5}},"type":"if","locations":[{"start":{"line":491,"column":4},"end":{"line":493,"column":5}},{"start":{},"end":{}}],"line":491},"62":{"loc":{"start":{"line":518,"column":4},"end":{"line":520,"column":5}},"type":"if","locations":[{"start":{"line":518,"column":4},"end":{"line":520,"column":5}},{"start":{},"end":{}}],"line":518},"63":{"loc":{"start":{"line":523,"column":4},"end":{"line":525,"column":5}},"type":"if","locations":[{"start":{"line":523,"column":4},"end":{"line":525,"column":5}},{"start":{},"end":{}}],"line":523},"64":{"loc":{"start":{"line":528,"column":4},"end":{"line":533,"column":5}},"type":"if","locations":[{"start":{"line":528,"column":4},"end":{"line":533,"column":5}},{"start":{},"end":{}}],"line":528},"65":{"loc":{"start":{"line":542,"column":54},"end":{"line":542,"column":91}},"type":"binary-expr","locations":[{"start":{"line":542,"column":54},"end":{"line":542,"column":74}},{"start":{"line":542,"column":78},"end":{"line":542,"column":91}}],"line":542},"66":{"loc":{"start":{"line":546,"column":19},"end":{"line":546,"column":56}},"type":"binary-expr","locations":[{"start":{"line":546,"column":19},"end":{"line":546,"column":39}},{"start":{"line":546,"column":43},"end":{"line":546,"column":56}}],"line":546},"67":{"loc":{"start":{"line":556,"column":18},"end":{"line":556,"column":49}},"type":"binary-expr","locations":[{"start":{"line":556,"column":18},"end":{"line":556,"column":36}},{"start":{"line":556,"column":40},"end":{"line":556,"column":49}}],"line":556},"68":{"loc":{"start":{"line":569,"column":54},"end":{"line":569,"column":91}},"type":"binary-expr","locations":[{"start":{"line":569,"column":54},"end":{"line":569,"column":74}},{"start":{"line":569,"column":78},"end":{"line":569,"column":91}}],"line":569},"69":{"loc":{"start":{"line":573,"column":19},"end":{"line":573,"column":56}},"type":"binary-expr","locations":[{"start":{"line":573,"column":19},"end":{"line":573,"column":39}},{"start":{"line":573,"column":43},"end":{"line":573,"column":56}}],"line":573},"70":{"loc":{"start":{"line":583,"column":26},"end":{"line":583,"column":66}},"type":"binary-expr","locations":[{"start":{"line":583,"column":26},"end":{"line":583,"column":40}},{"start":{"line":583,"column":44},"end":{"line":583,"column":66}}],"line":583},"71":{"loc":{"start":{"line":584,"column":26},"end":{"line":584,"column":90}},"type":"binary-expr","locations":[{"start":{"line":584,"column":26},"end":{"line":584,"column":44}},{"start":{"line":584,"column":48},"end":{"line":584,"column":76}},{"start":{"line":584,"column":80},"end":{"line":584,"column":90}}],"line":584},"72":{"loc":{"start":{"line":585,"column":25},"end":{"line":585,"column":104}},"type":"binary-expr","locations":[{"start":{"line":585,"column":25},"end":{"line":585,"column":42}},{"start":{"line":585,"column":46},"end":{"line":585,"column":90}},{"start":{"line":585,"column":94},"end":{"line":585,"column":104}}],"line":585},"73":{"loc":{"start":{"line":586,"column":22},"end":{"line":586,"column":53}},"type":"binary-expr","locations":[{"start":{"line":586,"column":22},"end":{"line":586,"column":36}},{"start":{"line":586,"column":40},"end":{"line":586,"column":53}}],"line":586},"74":{"loc":{"start":{"line":601,"column":33},"end":{"line":601,"column":61}},"type":"binary-expr","locations":[{"start":{"line":601,"column":33},"end":{"line":601,"column":53}},{"start":{"line":601,"column":57},"end":{"line":601,"column":61}}],"line":601},"75":{"loc":{"start":{"line":613,"column":53},"end":{"line":613,"column":90}},"type":"binary-expr","locations":[{"start":{"line":613,"column":53},"end":{"line":613,"column":73}},{"start":{"line":613,"column":77},"end":{"line":613,"column":90}}],"line":613},"76":{"loc":{"start":{"line":617,"column":19},"end":{"line":617,"column":56}},"type":"binary-expr","locations":[{"start":{"line":617,"column":19},"end":{"line":617,"column":39}},{"start":{"line":617,"column":43},"end":{"line":617,"column":56}}],"line":617},"77":{"loc":{"start":{"line":658,"column":4},"end":{"line":660,"column":5}},"type":"if","locations":[{"start":{"line":658,"column":4},"end":{"line":660,"column":5}},{"start":{},"end":{}}],"line":658},"78":{"loc":{"start":{"line":658,"column":8},"end":{"line":658,"column":65}},"type":"binary-expr","locations":[{"start":{"line":658,"column":8},"end":{"line":658,"column":22}},{"start":{"line":658,"column":26},"end":{"line":658,"column":40}},{"start":{"line":658,"column":44},"end":{"line":658,"column":65}}],"line":658},"79":{"loc":{"start":{"line":663,"column":32},"end":{"line":663,"column":70}},"type":"binary-expr","locations":[{"start":{"line":663,"column":32},"end":{"line":663,"column":48}},{"start":{"line":663,"column":52},"end":{"line":663,"column":70}}],"line":663},"80":{"loc":{"start":{"line":677,"column":8},"end":{"line":680,"column":9}},"type":"if","locations":[{"start":{"line":677,"column":8},"end":{"line":680,"column":9}},{"start":{},"end":{}}],"line":677},"81":{"loc":{"start":{"line":683,"column":28},"end":{"line":683,"column":70}},"type":"cond-expr","locations":[{"start":{"line":683,"column":50},"end":{"line":683,"column":59}},{"start":{"line":683,"column":62},"end":{"line":683,"column":70}}],"line":683},"82":{"loc":{"start":{"line":688,"column":8},"end":{"line":700,"column":9}},"type":"if","locations":[{"start":{"line":688,"column":8},"end":{"line":700,"column":9}},{"start":{},"end":{}}],"line":688},"83":{"loc":{"start":{"line":690,"column":12},"end":{"line":693,"column":13}},"type":"if","locations":[{"start":{"line":690,"column":12},"end":{"line":693,"column":13}},{"start":{},"end":{}}],"line":690},"84":{"loc":{"start":{"line":694,"column":12},"end":{"line":697,"column":13}},"type":"if","locations":[{"start":{"line":694,"column":12},"end":{"line":697,"column":13}},{"start":{},"end":{}}],"line":694},"85":{"loc":{"start":{"line":708,"column":21},"end":{"line":710,"column":47}},"type":"cond-expr","locations":[{"start":{"line":709,"column":18},"end":{"line":709,"column":50}},{"start":{"line":710,"column":18},"end":{"line":710,"column":47}}],"line":708}},"s":{"0":1,"1":0,"2":0,"3":0,"4":0,"5":1,"6":0,"7":0,"8":0,"9":0,"10":0,"11":0,"12":0,"13":0,"14":0,"15":0,"16":0,"17":0,"18":0,"19":1,"20":0,"21":0,"22":0,"23":0,"24":1,"25":0,"26":0,"27":0,"28":0,"29":0,"30":0,"31":0,"32":1,"33":6,"34":6,"35":6,"36":6,"37":6,"38":6,"39":1,"40":5,"41":0,"42":5,"43":5,"44":5,"45":2,"46":2,"47":2,"48":2,"49":2,"50":2,"51":2,"52":2,"53":1,"54":1,"55":1,"56":1,"57":2,"58":2,"59":2,"60":1,"61":2,"62":2,"63":2,"64":2,"65":1,"66":1,"67":1,"68":1,"69":0,"70":0,"71":0,"72":0,"73":0,"74":0,"75":0,"76":0,"77":0,"78":0,"79":0,"80":0,"81":0,"82":0,"83":0,"84":0,"85":0,"86":0,"87":0,"88":0,"89":0,"90":0,"91":0,"92":0,"93":0,"94":0,"95":0,"96":0,"97":0,"98":0,"99":0,"100":0,"101":0,"102":0,"103":0,"104":0,"105":0,"106":0,"107":0,"108":0,"109":0,"110":0,"111":0,"112":0,"113":0,"114":0,"115":0,"116":0,"117":0,"118":0,"119":0,"120":0,"121":0,"122":0,"123":0,"124":0,"125":0,"126":0,"127":0,"128":0,"129":0,"130":0,"131":0,"132":0,"133":0,"134":0,"135":0,"136":0,"137":0,"138":0,"139":0,"140":0,"141":0,"142":0,"143":0,"144":0,"145":0,"146":0,"147":0,"148":0,"149":0,"150":0,"151":0,"152":0,"153":0,"154":0,"155":0,"156":0,"157":0,"158":0,"159":0,"160":0,"161":0,"162":0,"163":0,"164":0,"165":0,"166":0,"167":0,"168":0,"169":0,"170":0,"171":0,"172":0,"173":0,"174":1,"175":0,"176":0,"177":0,"178":0,"179":0,"180":0,"181":0,"182":0,"183":0,"184":0,"185":0,"186":0,"187":1,"188":0,"189":0,"190":0,"191":0,"192":0,"193":0,"194":0,"195":0,"196":0,"197":0,"198":0,"199":0,"200":0,"201":0,"202":0,"203":0,"204":0,"205":0,"206":0,"207":0,"208":0,"209":0,"210":0,"211":0,"212":0,"213":0,"214":0,"215":0,"216":0,"217":0,"218":0,"219":0,"220":0,"221":0,"222":0,"223":1,"224":0,"225":0,"226":0,"227":0,"228":0,"229":0,"230":0,"231":0,"232":0,"233":0,"234":0,"235":0,"236":0,"237":0,"238":0,"239":0,"240":0,"241":0,"242":0,"243":0,"244":0,"245":0,"246":0,"247":0,"248":0,"249":0,"250":0,"251":0,"252":0,"253":0},"f":{"0":0,"1":0,"2":0,"3":0,"4":6,"5":0,"6":0,"7":0,"8":0,"9":0,"10":0,"11":0,"12":0,"13":0,"14":0},"b":{"0":[0,0],"1":[0,0],"2":[0,0],"3":[0,0],"4":[0,0],"5":[0,0],"6":[0,0],"7":[0,0],"8":[1,5],"9":[0,5],"10":[0,2],"11":[2,0],"12":[1,1],"13":[2,1],"14":[1,1],"15":[2,0],"16":[0,0],"17":[0,0],"18":[0,0],"19":[0,0],"20":[0,0],"21":[0,0],"22":[0,0],"23":[0,0],"24":[0,0],"25":[0,0],"26":[0,0],"27":[0,0],"28":[0,0,0,0],"29":[0,0],"30":[0,0],"31":[0,0],"32":[0,0],"33":[0,0],"34":[0,0],"35":[0,0],"36":[0,0],"37":[0,0],"38":[0,0],"39":[0,0],"40":[0,0],"41":[0,0],"42":[0,0],"43":[0,0],"44":[0,0],"45":[0,0],"46":[0,0],"47":[0,0],"48":[0,0],"49":[0,0],"50":[0,0],"51":[0,0],"52":[0,0],"53":[0,0],"54":[0,0],"55":[0,0],"56":[0,0],"57":[0,0],"58":[0,0],"59":[0,0],"60":[0,0],"61":[0,0],"62":[0,0],"63":[0,0],"64":[0,0],"65":[0,0],"66":[0,0],"67":[0,0],"68":[0,0],"69":[0,0],"70":[0,0],"71":[0,0,0],"72":[0,0,0],"73":[0,0],"74":[0,0],"75":[0,0],"76":[0,0],"77":[0,0],"78":[0,0,0],"79":[0,0],"80":[0,0],"81":[0,0],"82":[0,0],"83":[0,0],"84":[0,0],"85":[0,0]},"_coverageSchema":"1a1c01bbd47fc00a2c39e90264f33305004495a9","hash":"9862e5f8edf5616f6603b97dd359d60bd8de387e"}
,"D:\\Work\\Web\\Z Graduation Project\\Graduation-Project\\server\\controllers\\user.controllers.js": {"path":"D:\\Work\\Web\\Z Graduation Project\\Graduation-Project\\server\\controllers\\user.controllers.js","statementMap":{"0":{"start":{"line":7,"column":26},"end":{"line":9,"column":1}},"1":{"start":{"line":8,"column":4},"end":{"line":8,"column":59}},"2":{"start":{"line":11,"column":29},"end":{"line":71,"column":1}},"3":{"start":{"line":12,"column":19},"end":{"line":12,"column":30}},"4":{"start":{"line":13,"column":88},"end":{"line":13,"column":96}},"5":{"start":{"line":14,"column":21},"end":{"line":14,"column":29}},"6":{"start":{"line":16,"column":15},"end":{"line":16,"column":42}},"7":{"start":{"line":18,"column":4},"end":{"line":20,"column":5}},"8":{"start":{"line":19,"column":8},"end":{"line":19,"column":56}},"9":{"start":{"line":22,"column":4},"end":{"line":24,"column":5}},"10":{"start":{"line":23,"column":8},"end":{"line":23,"column":95}},"11":{"start":{"line":26,"column":4},"end":{"line":34,"column":5}},"12":{"start":{"line":27,"column":24},"end":{"line":27,"column":67}},"13":{"start":{"line":29,"column":8},"end":{"line":31,"column":9}},"14":{"start":{"line":30,"column":12},"end":{"line":30,"column":75}},"15":{"start":{"line":33,"column":8},"end":{"line":33,"column":36}},"16":{"start":{"line":50,"column":4},"end":{"line":50,"column":34}},"17":{"start":{"line":51,"column":4},"end":{"line":51,"column":37}},"18":{"start":{"line":52,"column":4},"end":{"line":52,"column":55}},"19":{"start":{"line":53,"column":4},"end":{"line":53,"column":43}},"20":{"start":{"line":54,"column":4},"end":{"line":54,"column":40}},"21":{"start":{"line":55,"column":4},"end":{"line":55,"column":40}},"22":{"start":{"line":57,"column":4},"end":{"line":57,"column":29}},"23":{"start":{"line":59,"column":4},"end":{"line":59,"column":25}},"24":{"start":{"line":61,"column":4},"end":{"line":67,"column":6}},"25":{"start":{"line":69,"column":4},"end":{"line":69,"column":98}},"26":{"start":{"line":74,"column":27},"end":{"line":82,"column":1}},"27":{"start":{"line":75,"column":18},"end":{"line":75,"column":71}},"28":{"start":{"line":77,"column":4},"end":{"line":79,"column":5}},"29":{"start":{"line":78,"column":8},"end":{"line":78,"column":62}},"30":{"start":{"line":81,"column":4},"end":{"line":81,"column":51}},"31":{"start":{"line":84,"column":31},"end":{"line":92,"column":1}},"32":{"start":{"line":85,"column":22},"end":{"line":85,"column":79}},"33":{"start":{"line":87,"column":4},"end":{"line":89,"column":5}},"34":{"start":{"line":88,"column":8},"end":{"line":88,"column":66}},"35":{"start":{"line":91,"column":4},"end":{"line":91,"column":55}},"36":{"start":{"line":94,"column":26},"end":{"line":121,"column":1}},"37":{"start":{"line":95,"column":74},"end":{"line":95,"column":82}},"38":{"start":{"line":97,"column":24},"end":{"line":97,"column":53}},"39":{"start":{"line":99,"column":4},"end":{"line":101,"column":5}},"40":{"start":{"line":100,"column":8},"end":{"line":100,"column":60}},"41":{"start":{"line":103,"column":17},"end":{"line":103,"column":106}},"42":{"start":{"line":105,"column":4},"end":{"line":105,"column":22}},"43":{"start":{"line":107,"column":38},"end":{"line":110,"column":20}},"44":{"start":{"line":112,"column":4},"end":{"line":118,"column":6}},"45":{"start":{"line":113,"column":58},"end":{"line":113,"column":67}},"46":{"start":{"line":120,"column":4},"end":{"line":120,"column":81}},"47":{"start":{"line":123,"column":24},"end":{"line":159,"column":1}},"48":{"start":{"line":125,"column":19},"end":{"line":125,"column":32}},"49":{"start":{"line":126,"column":49},"end":{"line":126,"column":57}},"50":{"start":{"line":128,"column":4},"end":{"line":130,"column":5}},"51":{"start":{"line":129,"column":8},"end":{"line":129,"column":55}},"52":{"start":{"line":132,"column":17},"end":{"line":132,"column":44}},"53":{"start":{"line":134,"column":4},"end":{"line":136,"column":5}},"54":{"start":{"line":135,"column":8},"end":{"line":135,"column":59}},"55":{"start":{"line":138,"column":4},"end":{"line":138,"column":34}},"56":{"start":{"line":139,"column":4},"end":{"line":139,"column":55}},"57":{"start":{"line":140,"column":4},"end":{"line":140,"column":43}},"58":{"start":{"line":141,"column":4},"end":{"line":141,"column":34}},"59":{"start":{"line":143,"column":4},"end":{"line":143,"column":22}},"60":{"start":{"line":145,"column":4},"end":{"line":151,"column":6}},"61":{"start":{"line":153,"column":4},"end":{"line":157,"column":7}},"62":{"start":{"line":161,"column":26},"end":{"line":181,"column":1}},"63":{"start":{"line":163,"column":19},"end":{"line":163,"column":32}},"64":{"start":{"line":165,"column":4},"end":{"line":167,"column":5}},"65":{"start":{"line":166,"column":8},"end":{"line":166,"column":55}},"66":{"start":{"line":169,"column":17},"end":{"line":169,"column":44}},"67":{"start":{"line":171,"column":4},"end":{"line":173,"column":5}},"68":{"start":{"line":172,"column":8},"end":{"line":172,"column":59}},"69":{"start":{"line":175,"column":4},"end":{"line":175,"column":27}},"70":{"start":{"line":177,"column":4},"end":{"line":180,"column":7}}},"fnMap":{"0":{"name":"(anonymous_0)","decl":{"start":{"line":7,"column":26},"end":{"line":7,"column":27}},"loc":{"start":{"line":7,"column":46},"end":{"line":9,"column":1}},"line":7},"1":{"name":"(anonymous_1)","decl":{"start":{"line":11,"column":29},"end":{"line":11,"column":30}},"loc":{"start":{"line":11,"column":55},"end":{"line":71,"column":1}},"line":11},"2":{"name":"(anonymous_2)","decl":{"start":{"line":74,"column":27},"end":{"line":74,"column":28}},"loc":{"start":{"line":74,"column":53},"end":{"line":82,"column":1}},"line":74},"3":{"name":"(anonymous_3)","decl":{"start":{"line":84,"column":31},"end":{"line":84,"column":32}},"loc":{"start":{"line":84,"column":57},"end":{"line":92,"column":1}},"line":84},"4":{"name":"(anonymous_4)","decl":{"start":{"line":94,"column":26},"end":{"line":94,"column":27}},"loc":{"start":{"line":94,"column":52},"end":{"line":121,"column":1}},"line":94},"5":{"name":"(anonymous_5)","decl":{"start":{"line":113,"column":49},"end":{"line":113,"column":50}},"loc":{"start":{"line":113,"column":58},"end":{"line":113,"column":67}},"line":113},"6":{"name":"(anonymous_6)","decl":{"start":{"line":123,"column":24},"end":{"line":123,"column":25}},"loc":{"start":{"line":123,"column":50},"end":{"line":159,"column":1}},"line":123},"7":{"name":"(anonymous_7)","decl":{"start":{"line":161,"column":26},"end":{"line":161,"column":27}},"loc":{"start":{"line":161,"column":52},"end":{"line":181,"column":1}},"line":161}},"branchMap":{"0":{"loc":{"start":{"line":18,"column":4},"end":{"line":20,"column":5}},"type":"if","locations":[{"start":{"line":18,"column":4},"end":{"line":20,"column":5}},{"start":{},"end":{}}],"line":18},"1":{"loc":{"start":{"line":22,"column":4},"end":{"line":24,"column":5}},"type":"if","locations":[{"start":{"line":22,"column":4},"end":{"line":24,"column":5}},{"start":{},"end":{}}],"line":22},"2":{"loc":{"start":{"line":22,"column":8},"end":{"line":22,"column":78}},"type":"binary-expr","locations":[{"start":{"line":22,"column":9},"end":{"line":22,"column":21}},{"start":{"line":22,"column":25},"end":{"line":22,"column":40}},{"start":{"line":22,"column":46},"end":{"line":22,"column":62}},{"start":{"line":22,"column":66},"end":{"line":22,"column":77}}],"line":22},"3":{"loc":{"start":{"line":26,"column":4},"end":{"line":34,"column":5}},"type":"if","locations":[{"start":{"line":26,"column":4},"end":{"line":34,"column":5}},{"start":{},"end":{}}],"line":26},"4":{"loc":{"start":{"line":26,"column":8},"end":{"line":26,"column":38}},"type":"binary-expr","locations":[{"start":{"line":26,"column":8},"end":{"line":26,"column":23}},{"start":{"line":26,"column":27},"end":{"line":26,"column":38}}],"line":26},"5":{"loc":{"start":{"line":29,"column":8},"end":{"line":31,"column":9}},"type":"if","locations":[{"start":{"line":29,"column":8},"end":{"line":31,"column":9}},{"start":{},"end":{}}],"line":29},"6":{"loc":{"start":{"line":50,"column":16},"end":{"line":50,"column":33}},"type":"binary-expr","locations":[{"start":{"line":50,"column":16},"end":{"line":50,"column":20}},{"start":{"line":50,"column":24},"end":{"line":50,"column":33}}],"line":50},"7":{"loc":{"start":{"line":51,"column":17},"end":{"line":51,"column":36}},"type":"binary-expr","locations":[{"start":{"line":51,"column":17},"end":{"line":51,"column":22}},{"start":{"line":51,"column":26},"end":{"line":51,"column":36}}],"line":51},"8":{"loc":{"start":{"line":52,"column":23},"end":{"line":52,"column":54}},"type":"binary-expr","locations":[{"start":{"line":52,"column":23},"end":{"line":52,"column":34}},{"start":{"line":52,"column":38},"end":{"line":52,"column":54}}],"line":52},"9":{"loc":{"start":{"line":53,"column":19},"end":{"line":53,"column":42}},"type":"binary-expr","locations":[{"start":{"line":53,"column":19},"end":{"line":53,"column":26}},{"start":{"line":53,"column":30},"end":{"line":53,"column":42}}],"line":53},"10":{"loc":{"start":{"line":54,"column":18},"end":{"line":54,"column":39}},"type":"binary-expr","locations":[{"start":{"line":54,"column":18},"end":{"line":54,"column":24}},{"start":{"line":54,"column":28},"end":{"line":54,"column":39}}],"line":54},"11":{"loc":{"start":{"line":55,"column":18},"end":{"line":55,"column":39}},"type":"binary-expr","locations":[{"start":{"line":55,"column":18},"end":{"line":55,"column":24}},{"start":{"line":55,"column":28},"end":{"line":55,"column":39}}],"line":55},"12":{"loc":{"start":{"line":77,"column":4},"end":{"line":79,"column":5}},"type":"if","locations":[{"start":{"line":77,"column":4},"end":{"line":79,"column":5}},{"start":{},"end":{}}],"line":77},"13":{"loc":{"start":{"line":87,"column":4},"end":{"line":89,"column":5}},"type":"if","locations":[{"start":{"line":87,"column":4},"end":{"line":89,"column":5}},{"start":{},"end":{}}],"line":87},"14":{"loc":{"start":{"line":99,"column":4},"end":{"line":101,"column":5}},"type":"if","locations":[{"start":{"line":99,"column":4},"end":{"line":101,"column":5}},{"start":{},"end":{}}],"line":99},"15":{"loc":{"start":{"line":128,"column":4},"end":{"line":130,"column":5}},"type":"if","locations":[{"start":{"line":128,"column":4},"end":{"line":130,"column":5}},{"start":{},"end":{}}],"line":128},"16":{"loc":{"start":{"line":134,"column":4},"end":{"line":136,"column":5}},"type":"if","locations":[{"start":{"line":134,"column":4},"end":{"line":136,"column":5}},{"start":{},"end":{}}],"line":134},"17":{"loc":{"start":{"line":138,"column":16},"end":{"line":138,"column":33}},"type":"binary-expr","locations":[{"start":{"line":138,"column":16},"end":{"line":138,"column":20}},{"start":{"line":138,"column":24},"end":{"line":138,"column":33}}],"line":138},"18":{"loc":{"start":{"line":139,"column":23},"end":{"line":139,"column":54}},"type":"binary-expr","locations":[{"start":{"line":139,"column":23},"end":{"line":139,"column":34}},{"start":{"line":139,"column":38},"end":{"line":139,"column":54}}],"line":139},"19":{"loc":{"start":{"line":140,"column":19},"end":{"line":140,"column":42}},"type":"binary-expr","locations":[{"start":{"line":140,"column":19},"end":{"line":140,"column":26}},{"start":{"line":140,"column":30},"end":{"line":140,"column":42}}],"line":140},"20":{"loc":{"start":{"line":141,"column":16},"end":{"line":141,"column":33}},"type":"binary-expr","locations":[{"start":{"line":141,"column":16},"end":{"line":141,"column":20}},{"start":{"line":141,"column":24},"end":{"line":141,"column":33}}],"line":141},"21":{"loc":{"start":{"line":165,"column":4},"end":{"line":167,"column":5}},"type":"if","locations":[{"start":{"line":165,"column":4},"end":{"line":167,"column":5}},{"start":{},"end":{}}],"line":165},"22":{"loc":{"start":{"line":171,"column":4},"end":{"line":173,"column":5}},"type":"if","locations":[{"start":{"line":171,"column":4},"end":{"line":173,"column":5}},{"start":{},"end":{}}],"line":171}},"s":{"0":1,"1":1,"2":1,"3":5,"4":5,"5":5,"6":5,"7":5,"8":1,"9":4,"10":1,"11":3,"12":1,"13":1,"14":1,"15":0,"16":2,"17":2,"18":2,"19":2,"20":2,"21":2,"22":2,"23":2,"24":2,"25":2,"26":1,"27":0,"28":0,"29":0,"30":0,"31":1,"32":0,"33":0,"34":0,"35":0,"36":1,"37":0,"38":0,"39":0,"40":0,"41":0,"42":0,"43":0,"44":0,"45":0,"46":0,"47":1,"48":0,"49":0,"50":0,"51":0,"52":0,"53":0,"54":0,"55":0,"56":0,"57":0,"58":0,"59":0,"60":0,"61":0,"62":1,"63":0,"64":0,"65":0,"66":0,"67":0,"68":0,"69":0,"70":0},"f":{"0":1,"1":5,"2":0,"3":0,"4":0,"5":0,"6":0,"7":0},"b":{"0":[1,4],"1":[1,3],"2":[4,2,4,3],"3":[1,2],"4":[3,1],"5":[1,0],"6":[2,0],"7":[2,1],"8":[2,2],"9":[2,2],"10":[2,2],"11":[2,1],"12":[0,0],"13":[0,0],"14":[0,0],"15":[0,0],"16":[0,0],"17":[0,0],"18":[0,0],"19":[0,0],"20":[0,0],"21":[0,0],"22":[0,0]},"_coverageSchema":"1a1c01bbd47fc00a2c39e90264f33305004495a9","hash":"3050cfdbdc22a404ebc09209a3a6b0e609410a31"}
,"D:\\Work\\Web\\Z Graduation Project\\Graduation-Project\\server\\errors\\AppError.js": {"path":"D:\\Work\\Web\\Z Graduation Project\\Graduation-Project\\server\\errors\\AppError.js","statementMap":{"0":{"start":{"line":3,"column":8},"end":{"line":3,"column":23}},"1":{"start":{"line":4,"column":8},"end":{"line":4,"column":37}},"2":{"start":{"line":5,"column":8},"end":{"line":5,"column":34}},"3":{"start":{"line":6,"column":8},"end":{"line":6,"column":56}}},"fnMap":{"0":{"name":"(anonymous_0)","decl":{"start":{"line":2,"column":4},"end":{"line":2,"column":5}},"loc":{"start":{"line":2,"column":37},"end":{"line":7,"column":5}},"line":2}},"branchMap":{},"s":{"0":7,"1":7,"2":7,"3":7},"f":{"0":7},"b":{},"_coverageSchema":"1a1c01bbd47fc00a2c39e90264f33305004495a9","hash":"daec453c4ea5e3a9fc2dad61a52ec8e2b639095c"}
,"D:\\Work\\Web\\Z Graduation Project\\Graduation-Project\\server\\lib\\cloudinary.js": {"path":"D:\\Work\\Web\\Z Graduation Project\\Graduation-Project\\server\\lib\\cloudinary.js","statementMap":{"0":{"start":{"line":4,"column":0},"end":{"line":4,"column":15}},"1":{"start":{"line":7,"column":0},"end":{"line":12,"column":2}}},"fnMap":{},"branchMap":{},"s":{"0":1,"1":1},"f":{},"b":{},"_coverageSchema":"1a1c01bbd47fc00a2c39e90264f33305004495a9","hash":"c93af8088c67d095cab8175e42d97a23c06822a4"}
,"D:\\Work\\Web\\Z Graduation Project\\Graduation-Project\\server\\lib\\nodemailer.js": {"path":"D:\\Work\\Web\\Z Graduation Project\\Graduation-Project\\server\\lib\\nodemailer.js","statementMap":{"0":{"start":{"line":3,"column":20},"end":{"line":9,"column":2}}},"fnMap":{},"branchMap":{},"s":{"0":1},"f":{},"b":{},"_coverageSchema":"1a1c01bbd47fc00a2c39e90264f33305004495a9","hash":"b43d4fabf138749d6ff640032bc81c655e753500"}
,"D:\\Work\\Web\\Z Graduation Project\\Graduation-Project\\server\\lib\\paymob.js": {"path":"D:\\Work\\Web\\Z Graduation Project\\Graduation-Project\\server\\lib\\paymob.js","statementMap":{"0":{"start":{"line":1,"column":30},"end":{"line":1,"column":56}},"1":{"start":{"line":2,"column":37},"end":{"line":2,"column":70}},"2":{"start":{"line":3,"column":32},"end":{"line":3,"column":60}},"3":{"start":{"line":4,"column":31},"end":{"line":4,"column":62}},"4":{"start":{"line":5,"column":34},"end":{"line":5,"column":64}},"5":{"start":{"line":6,"column":34},"end":{"line":6,"column":64}},"6":{"start":{"line":7,"column":19},"end":{"line":7,"column":49}}},"fnMap":{},"branchMap":{},"s":{"0":1,"1":1,"2":1,"3":1,"4":1,"5":1,"6":1},"f":{},"b":{},"_coverageSchema":"1a1c01bbd47fc00a2c39e90264f33305004495a9","hash":"747da696b7e0e8b0f2742949a9452358760e53f4"}
,"D:\\Work\\Web\\Z Graduation Project\\Graduation-Project\\server\\lib\\redis.js": {"path":"D:\\Work\\Web\\Z Graduation Project\\Graduation-Project\\server\\lib\\redis.js","statementMap":{"0":{"start":{"line":4,"column":0},"end":{"line":4,"column":15}},"1":{"start":{"line":6,"column":14},"end":{"line":6,"column":46}}},"fnMap":{},"branchMap":{},"s":{"0":1,"1":1},"f":{},"b":{},"_coverageSchema":"1a1c01bbd47fc00a2c39e90264f33305004495a9","hash":"78641d7edf07280da435f5f3bed229b55921bc07"}
,"D:\\Work\\Web\\Z Graduation Project\\Graduation-Project\\server\\models\\coupon.model.js": {"path":"D:\\Work\\Web\\Z Graduation Project\\Graduation-Project\\server\\models\\coupon.model.js","statementMap":{"0":{"start":{"line":3,"column":21},"end":{"line":30,"column":24}},"1":{"start":{"line":32,"column":15},"end":{"line":32,"column":53}}},"fnMap":{},"branchMap":{},"s":{"0":1,"1":1},"f":{},"b":{},"_coverageSchema":"1a1c01bbd47fc00a2c39e90264f33305004495a9","hash":"20d114a71dc1b42c4f387487f0dcb38279e5cb06"}
,"D:\\Work\\Web\\Z Graduation Project\\Graduation-Project\\server\\models\\loginAttempt.model.js": {"path":"D:\\Work\\Web\\Z Graduation Project\\Graduation-Project\\server\\models\\loginAttempt.model.js","statementMap":{"0":{"start":{"line":3,"column":27},"end":{"line":12,"column":24}},"1":{"start":{"line":14,"column":21},"end":{"line":14,"column":71}}},"fnMap":{},"branchMap":{},"s":{"0":1,"1":1},"f":{},"b":{},"_coverageSchema":"1a1c01bbd47fc00a2c39e90264f33305004495a9","hash":"20eb88b4529b30d321a3023b35828b8cc94e18b4"}
,"D:\\Work\\Web\\Z Graduation Project\\Graduation-Project\\server\\models\\notification.model.js": {"path":"D:\\Work\\Web\\Z Graduation Project\\Graduation-Project\\server\\models\\notification.model.js","statementMap":{"0":{"start":{"line":3,"column":27},"end":{"line":35,"column":24}},"1":{"start":{"line":17,"column":8},"end":{"line":17,"column":83}},"2":{"start":{"line":37,"column":21},"end":{"line":37,"column":71}}},"fnMap":{"0":{"name":"(anonymous_0)","decl":{"start":{"line":15,"column":17},"end":{"line":15,"column":18}},"loc":{"start":{"line":15,"column":34},"end":{"line":18,"column":7}},"line":15}},"branchMap":{"0":{"loc":{"start":{"line":17,"column":15},"end":{"line":17,"column":82}},"type":"binary-expr","locations":[{"start":{"line":17,"column":15},"end":{"line":17,"column":40}},{"start":{"line":17,"column":44},"end":{"line":17,"column":82}}],"line":17}},"s":{"0":2,"1":0,"2":2},"f":{"0":0},"b":{"0":[0,0]},"_coverageSchema":"1a1c01bbd47fc00a2c39e90264f33305004495a9","hash":"02aa3b4dfa25a65b16fe444ed11b9809a636d6c3"}
,"D:\\Work\\Web\\Z Graduation Project\\Graduation-Project\\server\\models\\order.model.js": {"path":"D:\\Work\\Web\\Z Graduation Project\\Graduation-Project\\server\\models\\order.model.js","statementMap":{"0":{"start":{"line":3,"column":20},"end":{"line":39,"column":24}},"1":{"start":{"line":41,"column":14},"end":{"line":41,"column":50}}},"fnMap":{},"branchMap":{},"s":{"0":1,"1":1},"f":{},"b":{},"_coverageSchema":"1a1c01bbd47fc00a2c39e90264f33305004495a9","hash":"1c76e39741498c788b6805de8a7ae447ea2f4a60"}
,"D:\\Work\\Web\\Z Graduation Project\\Graduation-Project\\server\\models\\orderItem.model.js": {"path":"D:\\Work\\Web\\Z Graduation Project\\Graduation-Project\\server\\models\\orderItem.model.js","statementMap":{"0":{"start":{"line":3,"column":25},"end":{"line":29,"column":2}},"1":{"start":{"line":31,"column":18},"end":{"line":31,"column":63}}},"fnMap":{},"branchMap":{},"s":{"0":1,"1":1},"f":{},"b":{},"_coverageSchema":"1a1c01bbd47fc00a2c39e90264f33305004495a9","hash":"b880765dc41bc329a43a73da1c274eab679aeb19"}
,"D:\\Work\\Web\\Z Graduation Project\\Graduation-Project\\server\\models\\payment.model.js": {"path":"D:\\Work\\Web\\Z Graduation Project\\Graduation-Project\\server\\models\\payment.model.js","statementMap":{"0":{"start":{"line":3,"column":22},"end":{"line":40,"column":24}},"1":{"start":{"line":42,"column":16},"end":{"line":42,"column":56}}},"fnMap":{},"branchMap":{},"s":{"0":1,"1":1},"f":{},"b":{},"_coverageSchema":"1a1c01bbd47fc00a2c39e90264f33305004495a9","hash":"faa5b96642cacf7f37bbd230936cbfac2fa2d4f6"}
,"D:\\Work\\Web\\Z Graduation Project\\Graduation-Project\\server\\models\\product.model.js": {"path":"D:\\Work\\Web\\Z Graduation Project\\Graduation-Project\\server\\models\\product.model.js","statementMap":{"0":{"start":{"line":3,"column":22},"end":{"line":68,"column":24}},"1":{"start":{"line":71,"column":16},"end":{"line":71,"column":56}}},"fnMap":{},"branchMap":{},"s":{"0":1,"1":1},"f":{},"b":{},"_coverageSchema":"1a1c01bbd47fc00a2c39e90264f33305004495a9","hash":"294189f505f7289ff197a6413921655b2f051875"}
,"D:\\Work\\Web\\Z Graduation Project\\Graduation-Project\\server\\models\\user.model.js": {"path":"D:\\Work\\Web\\Z Graduation Project\\Graduation-Project\\server\\models\\user.model.js","statementMap":{"0":{"start":{"line":4,"column":19},"end":{"line":75,"column":24}},"1":{"start":{"line":77,"column":0},"end":{"line":87,"column":2}},"2":{"start":{"line":78,"column":4},"end":{"line":78,"column":52}},"3":{"start":{"line":78,"column":38},"end":{"line":78,"column":52}},"4":{"start":{"line":80,"column":4},"end":{"line":86,"column":5}},"5":{"start":{"line":81,"column":21},"end":{"line":81,"column":45}},"6":{"start":{"line":82,"column":8},"end":{"line":82,"column":63}},"7":{"start":{"line":83,"column":8},"end":{"line":83,"column":15}},"8":{"start":{"line":85,"column":8},"end":{"line":85,"column":27}},"9":{"start":{"line":89,"column":0},"end":{"line":91,"column":1}},"10":{"start":{"line":90,"column":4},"end":{"line":90,"column":57}},"11":{"start":{"line":93,"column":13},"end":{"line":93,"column":47}}},"fnMap":{"0":{"name":"(anonymous_0)","decl":{"start":{"line":77,"column":23},"end":{"line":77,"column":24}},"loc":{"start":{"line":77,"column":45},"end":{"line":87,"column":1}},"line":77},"1":{"name":"(anonymous_1)","decl":{"start":{"line":89,"column":37},"end":{"line":89,"column":38}},"loc":{"start":{"line":89,"column":63},"end":{"line":91,"column":1}},"line":89}},"branchMap":{"0":{"loc":{"start":{"line":78,"column":4},"end":{"line":78,"column":52}},"type":"if","locations":[{"start":{"line":78,"column":4},"end":{"line":78,"column":52}},{"start":{},"end":{}}],"line":78}},"s":{"0":3,"1":3,"2":0,"3":0,"4":0,"5":0,"6":0,"7":0,"8":0,"9":3,"10":0,"11":3},"f":{"0":0,"1":0},"b":{"0":[0,0]},"_coverageSchema":"1a1c01bbd47fc00a2c39e90264f33305004495a9","hash":"1c39daac39d86e200682a05ee70e476467b63e16"}
,"D:\\Work\\Web\\Z Graduation Project\\Graduation-Project\\server\\services\\nodemailer.service.js": {"path":"D:\\Work\\Web\\Z Graduation Project\\Graduation-Project\\server\\services\\nodemailer.service.js","statementMap":{"0":{"start":{"line":4,"column":25},"end":{"line":15,"column":1}},"1":{"start":{"line":5,"column":4},"end":{"line":14,"column":5}},"2":{"start":{"line":6,"column":8},"end":{"line":11,"column":10}},"3":{"start":{"line":13,"column":8},"end":{"line":13,"column":27}},"4":{"start":{"line":17,"column":32},"end":{"line":26,"column":1}},"5":{"start":{"line":18,"column":4},"end":{"line":25,"column":5}},"6":{"start":{"line":19,"column":29},"end":{"line":19,"column":55}},"7":{"start":{"line":21,"column":8},"end":{"line":21,"column":62}},"8":{"start":{"line":24,"column":8},"end":{"line":24,"column":27}}},"fnMap":{"0":{"name":"(anonymous_0)","decl":{"start":{"line":4,"column":25},"end":{"line":4,"column":26}},"loc":{"start":{"line":4,"column":57},"end":{"line":15,"column":1}},"line":4},"1":{"name":"(anonymous_1)","decl":{"start":{"line":17,"column":32},"end":{"line":17,"column":33}},"loc":{"start":{"line":17,"column":55},"end":{"line":26,"column":1}},"line":17}},"branchMap":{},"s":{"0":1,"1":0,"2":0,"3":0,"4":1,"5":0,"6":0,"7":0,"8":0},"f":{"0":0,"1":0},"b":{},"_coverageSchema":"1a1c01bbd47fc00a2c39e90264f33305004495a9","hash":"a42ca233c4e719eb2a9b726dfc90a09ce11b59ad"}
,"D:\\Work\\Web\\Z Graduation Project\\Graduation-Project\\server\\services\\otp.service.js": {"path":"D:\\Work\\Web\\Z Graduation Project\\Graduation-Project\\server\\services\\otp.service.js","statementMap":{"0":{"start":{"line":5,"column":29},"end":{"line":14,"column":1}},"1":{"start":{"line":6,"column":4},"end":{"line":13,"column":5}},"2":{"start":{"line":7,"column":29},"end":{"line":7,"column":59}},"3":{"start":{"line":9,"column":8},"end":{"line":9,"column":61}},"4":{"start":{"line":12,"column":8},"end":{"line":12,"column":27}},"5":{"start":{"line":16,"column":28},"end":{"line":25,"column":1}},"6":{"start":{"line":17,"column":4},"end":{"line":24,"column":5}},"7":{"start":{"line":18,"column":29},"end":{"line":18,"column":63}},"8":{"start":{"line":20,"column":8},"end":{"line":20,"column":63}},"9":{"start":{"line":23,"column":8},"end":{"line":23,"column":27}}},"fnMap":{"0":{"name":"(anonymous_0)","decl":{"start":{"line":5,"column":29},"end":{"line":5,"column":30}},"loc":{"start":{"line":5,"column":57},"end":{"line":14,"column":1}},"line":5},"1":{"name":"(anonymous_1)","decl":{"start":{"line":16,"column":28},"end":{"line":16,"column":29}},"loc":{"start":{"line":16,"column":61},"end":{"line":25,"column":1}},"line":16}},"branchMap":{},"s":{"0":1,"1":0,"2":0,"3":0,"4":0,"5":1,"6":0,"7":0,"8":0,"9":0},"f":{"0":0,"1":0},"b":{},"_coverageSchema":"1a1c01bbd47fc00a2c39e90264f33305004495a9","hash":"e780e0400268f5def7e1b451d0bef3176b35ddf0"}
,"D:\\Work\\Web\\Z Graduation Project\\Graduation-Project\\server\\utils\\generators.js": {"path":"D:\\Work\\Web\\Z Graduation Project\\Graduation-Project\\server\\utils\\generators.js","statementMap":{"0":{"start":{"line":3,"column":27},"end":{"line":10,"column":1}},"1":{"start":{"line":5,"column":16},"end":{"line":5,"column":55}},"2":{"start":{"line":7,"column":22},"end":{"line":7,"column":49}},"3":{"start":{"line":9,"column":4},"end":{"line":9,"column":29}},"4":{"start":{"line":12,"column":40},"end":{"line":19,"column":1}},"5":{"start":{"line":14,"column":29},"end":{"line":14,"column":68}},"6":{"start":{"line":16,"column":35},"end":{"line":16,"column":62}},"7":{"start":{"line":18,"column":4},"end":{"line":18,"column":55}},"8":{"start":{"line":21,"column":33},"end":{"line":33,"column":1}},"9":{"start":{"line":22,"column":4},"end":{"line":24,"column":5}},"10":{"start":{"line":23,"column":8},"end":{"line":23,"column":73}},"11":{"start":{"line":27,"column":4},"end":{"line":27,"column":47}},"12":{"start":{"line":27,"column":38},"end":{"line":27,"column":47}},"13":{"start":{"line":28,"column":4},"end":{"line":28,"column":49}},"14":{"start":{"line":28,"column":39},"end":{"line":28,"column":49}},"15":{"start":{"line":29,"column":4},"end":{"line":29,"column":51}},"16":{"start":{"line":29,"column":39},"end":{"line":29,"column":51}},"17":{"start":{"line":30,"column":4},"end":{"line":30,"column":33}},"18":{"start":{"line":30,"column":23},"end":{"line":30,"column":33}},"19":{"start":{"line":32,"column":4},"end":{"line":32,"column":13}}},"fnMap":{"0":{"name":"(anonymous_0)","decl":{"start":{"line":3,"column":27},"end":{"line":3,"column":28}},"loc":{"start":{"line":3,"column":33},"end":{"line":10,"column":1}},"line":3},"1":{"name":"(anonymous_1)","decl":{"start":{"line":12,"column":40},"end":{"line":12,"column":41}},"loc":{"start":{"line":12,"column":46},"end":{"line":19,"column":1}},"line":12},"2":{"name":"(anonymous_2)","decl":{"start":{"line":21,"column":33},"end":{"line":21,"column":34}},"loc":{"start":{"line":21,"column":45},"end":{"line":33,"column":1}},"line":21}},"branchMap":{"0":{"loc":{"start":{"line":22,"column":4},"end":{"line":24,"column":5}},"type":"if","locations":[{"start":{"line":22,"column":4},"end":{"line":24,"column":5}},{"start":{},"end":{}}],"line":22},"1":{"loc":{"start":{"line":27,"column":4},"end":{"line":27,"column":47}},"type":"if","locations":[{"start":{"line":27,"column":4},"end":{"line":27,"column":47}},{"start":{},"end":{}}],"line":27},"2":{"loc":{"start":{"line":27,"column":8},"end":{"line":27,"column":36}},"type":"binary-expr","locations":[{"start":{"line":27,"column":8},"end":{"line":27,"column":20}},{"start":{"line":27,"column":24},"end":{"line":27,"column":36}}],"line":27},"3":{"loc":{"start":{"line":28,"column":4},"end":{"line":28,"column":49}},"type":"if","locations":[{"start":{"line":28,"column":4},"end":{"line":28,"column":49}},{"start":{},"end":{}}],"line":28},"4":{"loc":{"start":{"line":28,"column":8},"end":{"line":28,"column":37}},"type":"binary-expr","locations":[{"start":{"line":28,"column":8},"end":{"line":28,"column":21}},{"start":{"line":28,"column":25},"end":{"line":28,"column":37}}],"line":28},"5":{"loc":{"start":{"line":29,"column":4},"end":{"line":29,"column":51}},"type":"if","locations":[{"start":{"line":29,"column":4},"end":{"line":29,"column":51}},{"start":{},"end":{}}],"line":29},"6":{"loc":{"start":{"line":29,"column":8},"end":{"line":29,"column":37}},"type":"binary-expr","locations":[{"start":{"line":29,"column":8},"end":{"line":29,"column":21}},{"start":{"line":29,"column":25},"end":{"line":29,"column":37}}],"line":29},"7":{"loc":{"start":{"line":30,"column":4},"end":{"line":30,"column":33}},"type":"if","locations":[{"start":{"line":30,"column":4},"end":{"line":30,"column":33}},{"start":{},"end":{}}],"line":30}},"s":{"0":2,"1":0,"2":0,"3":0,"4":2,"5":0,"6":0,"7":0,"8":2,"9":0,"10":0,"11":0,"12":0,"13":0,"14":0,"15":0,"16":0,"17":0,"18":0,"19":0},"f":{"0":0,"1":0,"2":0},"b":{"0":[0,0],"1":[0,0],"2":[0,0],"3":[0,0],"4":[0,0],"5":[0,0],"6":[0,0],"7":[0,0]},"_coverageSchema":"1a1c01bbd47fc00a2c39e90264f33305004495a9","hash":"84fc765f99a6631dd30e0bb33924c3d6da290304"}
,"D:\\Work\\Web\\Z Graduation Project\\Graduation-Project\\server\\validators\\validateCollegeEmail.js": {"path":"D:\\Work\\Web\\Z Graduation Project\\Graduation-Project\\server\\validators\\validateCollegeEmail.js","statementMap":{"0":{"start":{"line":1,"column":36},"end":{"line":3,"column":1}},"1":{"start":{"line":2,"column":4},"end":{"line":2,"column":45}},"2":{"start":{"line":5,"column":31},"end":{"line":5,"column":74}},"3":{"start":{"line":5,"column":39},"end":{"line":5,"column":74}}},"fnMap":{"0":{"name":"(anonymous_0)","decl":{"start":{"line":1,"column":36},"end":{"line":1,"column":37}},"loc":{"start":{"line":1,"column":47},"end":{"line":3,"column":1}},"line":1},"1":{"name":"(anonymous_1)","decl":{"start":{"line":5,"column":31},"end":{"line":5,"column":32}},"loc":{"start":{"line":5,"column":39},"end":{"line":5,"column":74}},"line":5}},"branchMap":{},"s":{"0":1,"1":0,"2":1,"3":0},"f":{"0":0,"1":0},"b":{},"_coverageSchema":"1a1c01bbd47fc00a2c39e90264f33305004495a9","hash":"eae701aac9cf20fa49a57936e3183e308c1218d4"}
,"D:\\Work\\Web\\Z Graduation Project\\Graduation-Project\\server\\views\\resetEmailTemplate.js": {"path":"D:\\Work\\Web\\Z Graduation Project\\Graduation-Project\\server\\views\\resetEmailTemplate.js","statementMap":{"0":{"start":{"line":1,"column":34},"end":{"line":91,"column":1}},"1":{"start":{"line":2,"column":4},"end":{"line":90,"column":5}}},"fnMap":{"0":{"name":"(anonymous_0)","decl":{"start":{"line":1,"column":34},"end":{"line":1,"column":35}},"loc":{"start":{"line":1,"column":54},"end":{"line":91,"column":1}},"line":1}},"branchMap":{},"s":{"0":1,"1":0},"f":{"0":0},"b":{},"_coverageSchema":"1a1c01bbd47fc00a2c39e90264f33305004495a9","hash":"3852d2c38ff87389e5c2fa261d2b03ce51d23c8f"}
,"D:\\Work\\Web\\Z Graduation Project\\Graduation-Project\\server\\views\\verifyEmailTemplate.js": {"path":"D:\\Work\\Web\\Z Graduation Project\\Graduation-Project\\server\\views\\verifyEmailTemplate.js","statementMap":{"0":{"start":{"line":1,"column":35},"end":{"line":91,"column":1}},"1":{"start":{"line":2,"column":4},"end":{"line":90,"column":5}}},"fnMap":{"0":{"name":"(anonymous_0)","decl":{"start":{"line":1,"column":35},"end":{"line":1,"column":36}},"loc":{"start":{"line":1,"column":50},"end":{"line":91,"column":1}},"line":1}},"branchMap":{},"s":{"0":1,"1":0},"f":{"0":0},"b":{},"_coverageSchema":"1a1c01bbd47fc00a2c39e90264f33305004495a9","hash":"98878584c8f97ffd2bdcda0fe31cae100f9a76d5"}
,"D:\\Work\\Web\\Z Graduation Project\\Graduation-Project\\server\\views\\welcomeEmail.js": {"path":"D:\\Work\\Web\\Z Graduation Project\\Graduation-Project\\server\\views\\welcomeEmail.js","statementMap":{"0":{"start":{"line":1,"column":36},"end":{"line":97,"column":1}},"1":{"start":{"line":2,"column":4},"end":{"line":96,"column":5}}},"fnMap":{"0":{"name":"(anonymous_0)","decl":{"start":{"line":1,"column":36},"end":{"line":1,"column":37}},"loc":{"start":{"line":1,"column":46},"end":{"line":97,"column":1}},"line":1}},"branchMap":{},"s":{"0":1,"1":0},"f":{"0":0},"b":{},"_coverageSchema":"1a1c01bbd47fc00a2c39e90264f33305004495a9","hash":"b8a270072d900fc162ee9cd3564e3feb4428269e"}
}
