TN:
SF:server\controllers\auth.controllers.js
FN:15,(anonymous_0)
FN:51,(anonymous_1)
FN:80,(anonymous_2)
FN:114,(anonymous_3)
FN:135,(anonymous_4)
FN:164,(anonymous_5)
FN:181,(anonymous_6)
FN:209,(anonymous_7)
FNF:8
FNH:1
FNDA:0,(anonymous_0)
FNDA:0,(anonymous_1)
FNDA:4,(anonymous_2)
FNDA:0,(anonymous_3)
FNDA:0,(anonymous_4)
FNDA:0,(anonymous_5)
FNDA:0,(anonymous_6)
FNDA:0,(anonymous_7)
DA:13,1
DA:15,1
DA:16,0
DA:18,0
DA:20,0
DA:21,0
DA:24,0
DA:26,0
DA:27,0
DA:30,0
DA:32,0
DA:33,0
DA:35,0
DA:37,0
DA:39,0
DA:41,0
DA:43,0
DA:45,0
DA:46,0
DA:48,0
DA:51,1
DA:52,0
DA:54,0
DA:56,0
DA:57,0
DA:60,0
DA:61,0
DA:64,0
DA:65,0
DA:68,0
DA:69,0
DA:71,0
DA:73,0
DA:75,0
DA:77,0
DA:80,1
DA:81,4
DA:83,4
DA:85,4
DA:86,1
DA:89,3
DA:91,3
DA:92,1
DA:95,2
DA:97,2
DA:98,1
DA:101,1
DA:103,1
DA:105,1
DA:107,1
DA:109,1
DA:111,1
DA:114,1
DA:115,0
DA:117,0
DA:119,0
DA:120,0
DA:123,0
DA:125,0
DA:126,0
DA:128,0
DA:130,0
DA:132,0
DA:135,1
DA:136,0
DA:138,0
DA:140,0
DA:141,0
DA:144,0
DA:145,0
DA:148,0
DA:149,0
DA:152,0
DA:154,0
DA:155,0
DA:157,0
DA:159,0
DA:161,0
DA:164,1
DA:166,0
DA:168,0
DA:169,0
DA:171,0
DA:174,0
DA:176,0
DA:178,0
DA:181,1
DA:183,0
DA:185,0
DA:186,0
DA:189,0
DA:191,0
DA:193,0
DA:194,0
DA:197,0
DA:199,0
DA:206,0
DA:209,1
DA:210,0
LF:99
LH:25
BRDA:20,0,0,0
BRDA:20,0,1,0
BRDA:26,1,0,0
BRDA:26,1,1,0
BRDA:56,2,0,0
BRDA:56,2,1,0
BRDA:60,3,0,0
BRDA:60,3,1,0
BRDA:64,4,0,0
BRDA:64,4,1,0
BRDA:85,5,0,1
BRDA:85,5,1,3
BRDA:91,6,0,1
BRDA:91,6,1,2
BRDA:97,7,0,1
BRDA:97,7,1,1
BRDA:119,8,0,0
BRDA:119,8,1,0
BRDA:140,9,0,0
BRDA:140,9,1,0
BRDA:144,10,0,0
BRDA:144,10,1,0
BRDA:148,11,0,0
BRDA:148,11,1,0
BRDA:168,12,0,0
BRDA:168,12,1,0
BRDA:185,13,0,0
BRDA:185,13,1,0
BRDA:193,14,0,0
BRDA:193,14,1,0
BRF:30
BRH:6
end_of_record
TN:
SF:server\controllers\checkout.controllers.js
FN:16,(anonymous_0)
FN:26,(anonymous_1)
FN:71,(anonymous_2)
FN:88,(anonymous_3)
FN:112,(anonymous_4)
FN:217,(anonymous_5)
FN:315,(anonymous_6)
FN:359,(anonymous_7)
FN:368,(anonymous_8)
FN:395,(anonymous_9)
FN:438,(anonymous_10)
FN:473,(anonymous_11)
FN:508,(anonymous_12)
FN:555,(anonymous_13)
FN:654,(anonymous_14)
FNF:15
FNH:1
FNDA:0,(anonymous_0)
FNDA:0,(anonymous_1)
FNDA:0,(anonymous_2)
FNDA:0,(anonymous_3)
FNDA:6,(anonymous_4)
FNDA:0,(anonymous_5)
FNDA:0,(anonymous_6)
FNDA:0,(anonymous_7)
FNDA:0,(anonymous_8)
FNDA:0,(anonymous_9)
FNDA:0,(anonymous_10)
FNDA:0,(anonymous_11)
FNDA:0,(anonymous_12)
FNDA:0,(anonymous_13)
FNDA:0,(anonymous_14)
DA:16,1
DA:17,0
DA:19,0
DA:20,0
DA:23,0
DA:26,1
DA:28,0
DA:30,0
DA:31,0
DA:34,0
DA:36,0
DA:37,0
DA:40,0
DA:42,0
DA:43,0
DA:45,0
DA:53,0
DA:55,0
DA:63,0
DA:71,1
DA:72,0
DA:81,0
DA:82,0
DA:85,0
DA:88,1
DA:89,0
DA:91,0
DA:92,0
DA:95,0
DA:104,0
DA:105,0
DA:108,0
DA:112,1
DA:118,6
DA:120,6
DA:121,6
DA:123,6
DA:124,6
DA:126,6
DA:127,1
DA:130,5
DA:131,0
DA:134,5
DA:136,5
DA:144,5
DA:145,2
DA:148,2
DA:149,2
DA:151,2
DA:152,2
DA:154,2
DA:155,2
DA:156,2
DA:157,1
DA:158,1
DA:159,1
DA:160,1
DA:165,2
DA:166,2
DA:168,2
DA:169,1
DA:172,2
DA:174,2
DA:176,2
DA:187,2
DA:193,1
DA:202,1
DA:210,1
DA:217,1
DA:218,0
DA:219,0
DA:221,0
DA:223,0
DA:224,0
DA:228,0
DA:229,0
DA:233,0
DA:234,0
DA:238,0
DA:239,0
DA:242,0
DA:244,0
DA:246,0
DA:247,0
DA:251,0
DA:252,0
DA:256,0
DA:257,0
DA:258,0
DA:262,0
DA:266,0
DA:267,0
DA:268,0
DA:270,0
DA:273,0
DA:274,0
DA:278,0
DA:279,0
DA:280,0
DA:284,0
DA:285,0
DA:289,0
DA:298,0
DA:299,0
DA:303,0
DA:304,0
DA:308,0
DA:309,0
DA:310,0
DA:314,0
DA:315,0
DA:318,0
DA:319,0
DA:323,0
DA:324,0
DA:325,0
DA:329,0
DA:330,0
DA:331,0
DA:333,0
DA:334,0
DA:338,0
DA:339,0
DA:343,0
DA:344,0
DA:348,0
DA:349,0
DA:353,0
DA:354,0
DA:358,0
DA:359,0
DA:362,0
DA:363,0
DA:367,0
DA:368,0
DA:372,0
DA:373,0
DA:376,0
DA:382,0
DA:383,0
DA:384,0
DA:387,0
DA:389,0
DA:390,0
DA:394,0
DA:395,0
DA:398,0
DA:399,0
DA:403,0
DA:405,0
DA:406,0
DA:410,0
DA:411,0
DA:412,0
DA:414,0
DA:415,0
DA:419,0
DA:420,0
DA:424,0
DA:425,0
DA:429,0
DA:434,0
DA:438,0
DA:441,0
DA:442,0
DA:443,0
DA:445,0
DA:446,0
DA:447,0
DA:452,0
DA:455,0
DA:458,0
DA:467,0
DA:473,1
DA:474,0
DA:476,0
DA:477,0
DA:480,0
DA:482,0
DA:483,0
DA:487,0
DA:488,0
DA:491,0
DA:492,0
DA:500,0
DA:502,0
DA:508,1
DA:511,0
DA:512,0
DA:514,0
DA:517,0
DA:518,0
DA:519,0
DA:523,0
DA:524,0
DA:528,0
DA:529,0
DA:537,0
DA:538,0
DA:542,0
DA:543,0
DA:550,0
DA:554,0
DA:555,0
DA:561,0
DA:569,0
DA:570,0
DA:577,0
DA:581,0
DA:583,0
DA:584,0
DA:585,0
DA:586,0
DA:588,0
DA:613,0
DA:614,0
DA:621,0
DA:624,0
DA:636,0
DA:639,0
DA:642,0
DA:654,1
DA:655,0
DA:658,0
DA:659,0
DA:663,0
DA:666,0
DA:667,0
DA:668,0
DA:671,0
DA:677,0
DA:678,0
DA:679,0
DA:683,0
DA:684,0
DA:685,0
DA:688,0
DA:689,0
DA:690,0
DA:691,0
DA:692,0
DA:694,0
DA:695,0
DA:696,0
DA:698,0
DA:699,0
DA:703,0
DA:706,0
DA:713,0
DA:714,0
DA:715,0
DA:717,0
LF:252
LH:43
BRDA:19,0,0,0
BRDA:19,0,1,0
BRDA:19,1,0,0
BRDA:19,1,1,0
BRDA:30,2,0,0
BRDA:30,2,1,0
BRDA:36,3,0,0
BRDA:36,3,1,0
BRDA:81,4,0,0
BRDA:81,4,1,0
BRDA:81,5,0,0
BRDA:81,5,1,0
BRDA:91,6,0,0
BRDA:91,6,1,0
BRDA:104,7,0,0
BRDA:104,7,1,0
BRDA:126,8,0,1
BRDA:126,8,1,5
BRDA:130,9,0,0
BRDA:130,9,1,5
BRDA:149,10,0,0
BRDA:149,10,1,2
BRDA:154,11,0,2
BRDA:154,11,1,0
BRDA:156,12,0,1
BRDA:156,12,1,1
BRDA:156,13,0,2
BRDA:156,13,1,1
BRDA:168,14,0,1
BRDA:168,14,1,1
BRDA:180,15,0,2
BRDA:180,15,1,0
BRDA:223,16,0,0
BRDA:223,16,1,0
BRDA:228,17,0,0
BRDA:228,17,1,0
BRDA:233,18,0,0
BRDA:233,18,1,0
BRDA:238,19,0,0
BRDA:238,19,1,0
BRDA:239,20,0,0
BRDA:239,20,1,0
BRDA:242,21,0,0
BRDA:242,21,1,0
BRDA:246,22,0,0
BRDA:246,22,1,0
BRDA:251,23,0,0
BRDA:251,23,1,0
BRDA:257,24,0,0
BRDA:257,24,1,0
BRDA:257,25,0,0
BRDA:257,25,1,0
BRDA:266,26,0,0
BRDA:266,26,1,0
BRDA:266,27,0,0
BRDA:266,27,1,0
BRDA:270,28,0,0
BRDA:270,28,1,0
BRDA:270,28,2,0
BRDA:270,28,3,0
BRDA:273,29,0,0
BRDA:273,29,1,0
BRDA:273,30,0,0
BRDA:273,30,1,0
BRDA:279,31,0,0
BRDA:279,31,1,0
BRDA:284,32,0,0
BRDA:284,32,1,0
BRDA:293,33,0,0
BRDA:293,33,1,0
BRDA:294,34,0,0
BRDA:294,34,1,0
BRDA:303,35,0,0
BRDA:303,35,1,0
BRDA:309,36,0,0
BRDA:309,36,1,0
BRDA:318,37,0,0
BRDA:318,37,1,0
BRDA:324,38,0,0
BRDA:324,38,1,0
BRDA:329,39,0,0
BRDA:329,39,1,0
BRDA:330,40,0,0
BRDA:330,40,1,0
BRDA:338,41,0,0
BRDA:338,41,1,0
BRDA:343,42,0,0
BRDA:343,42,1,0
BRDA:353,43,0,0
BRDA:353,43,1,0
BRDA:362,44,0,0
BRDA:362,44,1,0
BRDA:382,45,0,0
BRDA:382,45,1,0
BRDA:382,46,0,0
BRDA:382,46,1,0
BRDA:389,47,0,0
BRDA:389,47,1,0
BRDA:398,48,0,0
BRDA:398,48,1,0
BRDA:405,49,0,0
BRDA:405,49,1,0
BRDA:410,50,0,0
BRDA:410,50,1,0
BRDA:411,51,0,0
BRDA:411,51,1,0
BRDA:419,52,0,0
BRDA:419,52,1,0
BRDA:424,53,0,0
BRDA:424,53,1,0
BRDA:441,54,0,0
BRDA:441,54,1,0
BRDA:443,55,0,0
BRDA:443,55,1,0
BRDA:443,56,0,0
BRDA:443,56,1,0
BRDA:476,57,0,0
BRDA:476,57,1,0
BRDA:482,58,0,0
BRDA:482,58,1,0
BRDA:487,59,0,0
BRDA:487,59,1,0
BRDA:487,60,0,0
BRDA:487,60,1,0
BRDA:491,61,0,0
BRDA:491,61,1,0
BRDA:518,62,0,0
BRDA:518,62,1,0
BRDA:523,63,0,0
BRDA:523,63,1,0
BRDA:528,64,0,0
BRDA:528,64,1,0
BRDA:542,65,0,0
BRDA:542,65,1,0
BRDA:546,66,0,0
BRDA:546,66,1,0
BRDA:556,67,0,0
BRDA:556,67,1,0
BRDA:569,68,0,0
BRDA:569,68,1,0
BRDA:573,69,0,0
BRDA:573,69,1,0
BRDA:583,70,0,0
BRDA:583,70,1,0
BRDA:584,71,0,0
BRDA:584,71,1,0
BRDA:584,71,2,0
BRDA:585,72,0,0
BRDA:585,72,1,0
BRDA:585,72,2,0
BRDA:586,73,0,0
BRDA:586,73,1,0
BRDA:601,74,0,0
BRDA:601,74,1,0
BRDA:613,75,0,0
BRDA:613,75,1,0
BRDA:617,76,0,0
BRDA:617,76,1,0
BRDA:658,77,0,0
BRDA:658,77,1,0
BRDA:658,78,0,0
BRDA:658,78,1,0
BRDA:658,78,2,0
BRDA:663,79,0,0
BRDA:663,79,1,0
BRDA:677,80,0,0
BRDA:677,80,1,0
BRDA:683,81,0,0
BRDA:683,81,1,0
BRDA:688,82,0,0
BRDA:688,82,1,0
BRDA:690,83,0,0
BRDA:690,83,1,0
BRDA:694,84,0,0
BRDA:694,84,1,0
BRDA:708,85,0,0
BRDA:708,85,1,0
BRF:177
BRH:12
end_of_record
TN:
SF:server\controllers\user.controllers.js
FN:7,(anonymous_0)
FN:11,(anonymous_1)
FN:74,(anonymous_2)
FN:84,(anonymous_3)
FN:94,(anonymous_4)
FN:113,(anonymous_5)
FN:123,(anonymous_6)
FN:161,(anonymous_7)
FNF:8
FNH:2
FNDA:1,(anonymous_0)
FNDA:5,(anonymous_1)
FNDA:0,(anonymous_2)
FNDA:0,(anonymous_3)
FNDA:0,(anonymous_4)
FNDA:0,(anonymous_5)
FNDA:0,(anonymous_6)
FNDA:0,(anonymous_7)
DA:7,1
DA:8,1
DA:11,1
DA:12,5
DA:13,5
DA:14,5
DA:16,5
DA:18,5
DA:19,1
DA:22,4
DA:23,1
DA:26,3
DA:27,1
DA:29,1
DA:30,1
DA:33,0
DA:50,2
DA:51,2
DA:52,2
DA:53,2
DA:54,2
DA:55,2
DA:57,2
DA:59,2
DA:61,2
DA:69,2
DA:74,1
DA:75,0
DA:77,0
DA:78,0
DA:81,0
DA:84,1
DA:85,0
DA:87,0
DA:88,0
DA:91,0
DA:94,1
DA:95,0
DA:97,0
DA:99,0
DA:100,0
DA:103,0
DA:105,0
DA:107,0
DA:112,0
DA:113,0
DA:120,0
DA:123,1
DA:125,0
DA:126,0
DA:128,0
DA:129,0
DA:132,0
DA:134,0
DA:135,0
DA:138,0
DA:139,0
DA:140,0
DA:141,0
DA:143,0
DA:145,0
DA:153,0
DA:161,1
DA:163,0
DA:165,0
DA:166,0
DA:169,0
DA:171,0
DA:172,0
DA:175,0
DA:177,0
LF:71
LH:30
BRDA:18,0,0,1
BRDA:18,0,1,4
BRDA:22,1,0,1
BRDA:22,1,1,3
BRDA:22,2,0,4
BRDA:22,2,1,2
BRDA:22,2,2,4
BRDA:22,2,3,3
BRDA:26,3,0,1
BRDA:26,3,1,2
BRDA:26,4,0,3
BRDA:26,4,1,1
BRDA:29,5,0,1
BRDA:29,5,1,0
BRDA:50,6,0,2
BRDA:50,6,1,0
BRDA:51,7,0,2
BRDA:51,7,1,1
BRDA:52,8,0,2
BRDA:52,8,1,2
BRDA:53,9,0,2
BRDA:53,9,1,2
BRDA:54,10,0,2
BRDA:54,10,1,2
BRDA:55,11,0,2
BRDA:55,11,1,1
BRDA:77,12,0,0
BRDA:77,12,1,0
BRDA:87,13,0,0
BRDA:87,13,1,0
BRDA:99,14,0,0
BRDA:99,14,1,0
BRDA:128,15,0,0
BRDA:128,15,1,0
BRDA:134,16,0,0
BRDA:134,16,1,0
BRDA:138,17,0,0
BRDA:138,17,1,0
BRDA:139,18,0,0
BRDA:139,18,1,0
BRDA:140,19,0,0
BRDA:140,19,1,0
BRDA:141,20,0,0
BRDA:141,20,1,0
BRDA:165,21,0,0
BRDA:165,21,1,0
BRDA:171,22,0,0
BRDA:171,22,1,0
BRF:48
BRH:24
end_of_record
TN:
SF:server\errors\AppError.js
FN:2,(anonymous_0)
FNF:1
FNH:1
FNDA:7,(anonymous_0)
DA:3,7
DA:4,7
DA:5,7
DA:6,7
LF:4
LH:4
BRF:0
BRH:0
end_of_record
TN:
SF:server\lib\cloudinary.js
FNF:0
FNH:0
DA:4,1
DA:7,1
LF:2
LH:2
BRF:0
BRH:0
end_of_record
TN:
SF:server\lib\nodemailer.js
FNF:0
FNH:0
DA:3,1
LF:1
LH:1
BRF:0
BRH:0
end_of_record
TN:
SF:server\lib\paymob.js
FNF:0
FNH:0
DA:1,1
DA:2,1
DA:3,1
DA:4,1
DA:5,1
DA:6,1
DA:7,1
LF:7
LH:7
BRF:0
BRH:0
end_of_record
TN:
SF:server\lib\redis.js
FNF:0
FNH:0
DA:4,1
DA:6,1
LF:2
LH:2
BRF:0
BRH:0
end_of_record
TN:
SF:server\models\coupon.model.js
FNF:0
FNH:0
DA:3,1
DA:32,1
LF:2
LH:2
BRF:0
BRH:0
end_of_record
TN:
SF:server\models\loginAttempt.model.js
FNF:0
FNH:0
DA:3,1
DA:14,1
LF:2
LH:2
BRF:0
BRH:0
end_of_record
TN:
SF:server\models\notification.model.js
FN:15,(anonymous_0)
FNF:1
FNH:0
FNDA:0,(anonymous_0)
DA:3,2
DA:17,0
DA:37,2
LF:3
LH:2
BRDA:17,0,0,0
BRDA:17,0,1,0
BRF:2
BRH:0
end_of_record
TN:
SF:server\models\order.model.js
FNF:0
FNH:0
DA:3,1
DA:41,1
LF:2
LH:2
BRF:0
BRH:0
end_of_record
TN:
SF:server\models\orderItem.model.js
FNF:0
FNH:0
DA:3,1
DA:31,1
LF:2
LH:2
BRF:0
BRH:0
end_of_record
TN:
SF:server\models\payment.model.js
FNF:0
FNH:0
DA:3,1
DA:42,1
LF:2
LH:2
BRF:0
BRH:0
end_of_record
TN:
SF:server\models\product.model.js
FNF:0
FNH:0
DA:3,1
DA:71,1
LF:2
LH:2
BRF:0
BRH:0
end_of_record
TN:
SF:server\models\user.model.js
FN:77,(anonymous_0)
FN:89,(anonymous_1)
FNF:2
FNH:0
FNDA:0,(anonymous_0)
FNDA:0,(anonymous_1)
DA:4,3
DA:77,3
DA:78,0
DA:80,0
DA:81,0
DA:82,0
DA:83,0
DA:85,0
DA:89,3
DA:90,0
DA:93,3
LF:11
LH:4
BRDA:78,0,0,0
BRDA:78,0,1,0
BRF:2
BRH:0
end_of_record
TN:
SF:server\services\nodemailer.service.js
FN:4,(anonymous_0)
FN:17,(anonymous_1)
FNF:2
FNH:0
FNDA:0,(anonymous_0)
FNDA:0,(anonymous_1)
DA:4,1
DA:5,0
DA:6,0
DA:13,0
DA:17,1
DA:18,0
DA:19,0
DA:21,0
DA:24,0
LF:9
LH:2
BRF:0
BRH:0
end_of_record
TN:
SF:server\services\otp.service.js
FN:5,(anonymous_0)
FN:16,(anonymous_1)
FNF:2
FNH:0
FNDA:0,(anonymous_0)
FNDA:0,(anonymous_1)
DA:5,1
DA:6,0
DA:7,0
DA:9,0
DA:12,0
DA:16,1
DA:17,0
DA:18,0
DA:20,0
DA:23,0
LF:10
LH:2
BRF:0
BRH:0
end_of_record
TN:
SF:server\utils\generators.js
FN:3,(anonymous_0)
FN:12,(anonymous_1)
FN:21,(anonymous_2)
FNF:3
FNH:0
FNDA:0,(anonymous_0)
FNDA:0,(anonymous_1)
FNDA:0,(anonymous_2)
DA:3,2
DA:5,0
DA:7,0
DA:9,0
DA:12,2
DA:14,0
DA:16,0
DA:18,0
DA:21,2
DA:22,0
DA:23,0
DA:27,0
DA:28,0
DA:29,0
DA:30,0
DA:32,0
LF:16
LH:3
BRDA:22,0,0,0
BRDA:22,0,1,0
BRDA:27,1,0,0
BRDA:27,1,1,0
BRDA:27,2,0,0
BRDA:27,2,1,0
BRDA:28,3,0,0
BRDA:28,3,1,0
BRDA:28,4,0,0
BRDA:28,4,1,0
BRDA:29,5,0,0
BRDA:29,5,1,0
BRDA:29,6,0,0
BRDA:29,6,1,0
BRDA:30,7,0,0
BRDA:30,7,1,0
BRF:16
BRH:0
end_of_record
TN:
SF:server\validators\validateCollegeEmail.js
FN:1,(anonymous_0)
FN:5,(anonymous_1)
FNF:2
FNH:0
FNDA:0,(anonymous_0)
FNDA:0,(anonymous_1)
DA:1,1
DA:2,0
DA:5,1
LF:3
LH:2
BRF:0
BRH:0
end_of_record
TN:
SF:server\views\resetEmailTemplate.js
FN:1,(anonymous_0)
FNF:1
FNH:0
FNDA:0,(anonymous_0)
DA:1,1
DA:2,0
LF:2
LH:1
BRF:0
BRH:0
end_of_record
TN:
SF:server\views\verifyEmailTemplate.js
FN:1,(anonymous_0)
FNF:1
FNH:0
FNDA:0,(anonymous_0)
DA:1,1
DA:2,0
LF:2
LH:1
BRF:0
BRH:0
end_of_record
TN:
SF:server\views\welcomeEmail.js
FN:1,(anonymous_0)
FNF:1
FNH:0
FNDA:0,(anonymous_0)
DA:1,1
DA:2,0
LF:2
LH:1
BRF:0
BRH:0
end_of_record
