TN:
SF:server/controllers/auth.controllers.js
FN:15,(anonymous_0)
FN:51,(anonymous_1)
FN:80,(anonymous_2)
FN:112,(anonymous_3)
FN:133,(anonymous_4)
FN:162,(anonymous_5)
FN:179,(anonymous_6)
FN:207,(anonymous_7)
FNF:8
FNH:1
FNDA:0,(anonymous_0)
FNDA:0,(anonymous_1)
FNDA:4,(anonymous_2)
FNDA:0,(anonymous_3)
FNDA:0,(anonymous_4)
FNDA:0,(anonymous_5)
FNDA:0,(anonymous_6)
FNDA:0,(anonymous_7)
DA:13,1
DA:15,1
DA:16,0
DA:18,0
DA:20,0
DA:21,0
DA:24,0
DA:26,0
DA:27,0
DA:30,0
DA:32,0
DA:33,0
DA:35,0
DA:37,0
DA:39,0
DA:41,0
DA:43,0
DA:45,0
DA:46,0
DA:48,0
DA:51,1
DA:52,0
DA:54,0
DA:56,0
DA:57,0
DA:60,0
DA:61,0
DA:64,0
DA:65,0
DA:68,0
DA:69,0
DA:71,0
DA:73,0
DA:75,0
DA:77,0
DA:80,1
DA:81,4
DA:83,4
DA:85,4
DA:86,1
DA:89,3
DA:91,3
DA:92,1
DA:95,2
DA:97,2
DA:98,1
DA:101,1
DA:103,1
DA:105,1
DA:107,1
DA:109,1
DA:112,1
DA:113,0
DA:115,0
DA:117,0
DA:118,0
DA:121,0
DA:123,0
DA:124,0
DA:126,0
DA:128,0
DA:130,0
DA:133,1
DA:134,0
DA:136,0
DA:138,0
DA:139,0
DA:142,0
DA:143,0
DA:146,0
DA:147,0
DA:150,0
DA:152,0
DA:153,0
DA:155,0
DA:157,0
DA:159,0
DA:162,1
DA:164,0
DA:166,0
DA:167,0
DA:169,0
DA:172,0
DA:174,0
DA:176,0
DA:179,1
DA:181,0
DA:183,0
DA:184,0
DA:187,0
DA:189,0
DA:191,0
DA:192,0
DA:195,0
DA:197,0
DA:204,0
DA:207,1
DA:208,0
LF:98
LH:24
BRDA:20,0,0,0
BRDA:20,0,1,0
BRDA:26,1,0,0
BRDA:26,1,1,0
BRDA:56,2,0,0
BRDA:56,2,1,0
BRDA:60,3,0,0
BRDA:60,3,1,0
BRDA:64,4,0,0
BRDA:64,4,1,0
BRDA:85,5,0,1
BRDA:85,5,1,3
BRDA:91,6,0,1
BRDA:91,6,1,2
BRDA:97,7,0,1
BRDA:97,7,1,1
BRDA:117,8,0,0
BRDA:117,8,1,0
BRDA:138,9,0,0
BRDA:138,9,1,0
BRDA:142,10,0,0
BRDA:142,10,1,0
BRDA:146,11,0,0
BRDA:146,11,1,0
BRDA:166,12,0,0
BRDA:166,12,1,0
BRDA:183,13,0,0
BRDA:183,13,1,0
BRDA:191,14,0,0
BRDA:191,14,1,0
BRF:30
BRH:6
end_of_record
TN:
SF:server/controllers/checkout.controllers.js
FN:15,(anonymous_0)
FN:25,(anonymous_1)
FN:70,(anonymous_2)
FN:87,(anonymous_3)
FN:110,(anonymous_4)
FN:216,(anonymous_5)
FN:314,(anonymous_6)
FN:358,(anonymous_7)
FN:367,(anonymous_8)
FN:394,(anonymous_9)
FN:437,(anonymous_10)
FN:472,(anonymous_11)
FN:507,(anonymous_12)
FN:554,(anonymous_13)
FN:653,(anonymous_14)
FNF:15
FNH:1
FNDA:0,(anonymous_0)
FNDA:0,(anonymous_1)
FNDA:0,(anonymous_2)
FNDA:0,(anonymous_3)
FNDA:6,(anonymous_4)
FNDA:0,(anonymous_5)
FNDA:0,(anonymous_6)
FNDA:0,(anonymous_7)
FNDA:0,(anonymous_8)
FNDA:0,(anonymous_9)
FNDA:0,(anonymous_10)
FNDA:0,(anonymous_11)
FNDA:0,(anonymous_12)
FNDA:0,(anonymous_13)
FNDA:0,(anonymous_14)
DA:15,1
DA:16,0
DA:18,0
DA:19,0
DA:22,0
DA:25,1
DA:27,0
DA:29,0
DA:30,0
DA:33,0
DA:35,0
DA:36,0
DA:39,0
DA:41,0
DA:42,0
DA:44,0
DA:52,0
DA:54,0
DA:62,0
DA:70,1
DA:71,0
DA:80,0
DA:81,0
DA:84,0
DA:87,1
DA:88,0
DA:90,0
DA:91,0
DA:94,0
DA:103,0
DA:104,0
DA:107,0
DA:110,1
DA:117,6
DA:118,6
DA:119,1
DA:121,5
DA:122,1
DA:124,4
DA:125,4
DA:127,4
DA:128,4
DA:130,4
DA:131,1
DA:134,3
DA:135,1
DA:138,2
DA:139,0
DA:143,2
DA:151,2
DA:152,2
DA:156,2
DA:157,2
DA:159,2
DA:160,2
DA:161,2
DA:162,1
DA:164,1
DA:165,1
DA:166,1
DA:167,1
DA:171,1
DA:174,1
DA:186,1
DA:193,1
DA:202,1
DA:210,1
DA:216,1
DA:217,0
DA:218,0
DA:220,0
DA:222,0
DA:223,0
DA:227,0
DA:228,0
DA:232,0
DA:233,0
DA:237,0
DA:238,0
DA:241,0
DA:243,0
DA:245,0
DA:246,0
DA:250,0
DA:251,0
DA:255,0
DA:256,0
DA:257,0
DA:261,0
DA:265,0
DA:266,0
DA:267,0
DA:269,0
DA:272,0
DA:273,0
DA:277,0
DA:278,0
DA:279,0
DA:283,0
DA:284,0
DA:288,0
DA:297,0
DA:298,0
DA:302,0
DA:303,0
DA:307,0
DA:308,0
DA:309,0
DA:313,0
DA:314,0
DA:317,0
DA:318,0
DA:322,0
DA:323,0
DA:324,0
DA:328,0
DA:329,0
DA:330,0
DA:332,0
DA:333,0
DA:337,0
DA:338,0
DA:342,0
DA:343,0
DA:347,0
DA:348,0
DA:352,0
DA:353,0
DA:357,0
DA:358,0
DA:361,0
DA:362,0
DA:366,0
DA:367,0
DA:371,0
DA:372,0
DA:375,0
DA:381,0
DA:382,0
DA:383,0
DA:386,0
DA:388,0
DA:389,0
DA:393,0
DA:394,0
DA:397,0
DA:398,0
DA:402,0
DA:404,0
DA:405,0
DA:409,0
DA:410,0
DA:411,0
DA:413,0
DA:414,0
DA:418,0
DA:419,0
DA:423,0
DA:424,0
DA:428,0
DA:433,0
DA:437,0
DA:440,0
DA:441,0
DA:442,0
DA:444,0
DA:445,0
DA:446,0
DA:451,0
DA:454,0
DA:457,0
DA:466,0
DA:472,1
DA:473,0
DA:475,0
DA:476,0
DA:479,0
DA:481,0
DA:482,0
DA:486,0
DA:487,0
DA:490,0
DA:491,0
DA:499,0
DA:501,0
DA:507,1
DA:510,0
DA:511,0
DA:513,0
DA:516,0
DA:517,0
DA:518,0
DA:522,0
DA:523,0
DA:527,0
DA:528,0
DA:536,0
DA:537,0
DA:541,0
DA:542,0
DA:549,0
DA:553,0
DA:554,0
DA:560,0
DA:568,0
DA:569,0
DA:576,0
DA:580,0
DA:582,0
DA:583,0
DA:584,0
DA:585,0
DA:587,0
DA:612,0
DA:613,0
DA:620,0
DA:623,0
DA:635,0
DA:638,0
DA:641,0
DA:653,1
DA:655,0
DA:656,0
DA:659,0
DA:660,0
DA:661,0
DA:663,0
DA:664,0
DA:668,0
DA:670,0
DA:671,0
DA:675,0
DA:676,0
DA:677,0
DA:680,0
DA:681,0
DA:682,0
DA:683,0
DA:684,0
DA:685,0
DA:691,0
LF:241
LH:42
BRDA:18,0,0,0
BRDA:18,0,1,0
BRDA:18,1,0,0
BRDA:18,1,1,0
BRDA:29,2,0,0
BRDA:29,2,1,0
BRDA:35,3,0,0
BRDA:35,3,1,0
BRDA:80,4,0,0
BRDA:80,4,1,0
BRDA:80,5,0,0
BRDA:80,5,1,0
BRDA:90,6,0,0
BRDA:90,6,1,0
BRDA:103,7,0,0
BRDA:103,7,1,0
BRDA:118,8,0,1
BRDA:118,8,1,5
BRDA:118,9,0,6
BRDA:118,9,1,5
BRDA:121,10,0,1
BRDA:121,10,1,4
BRDA:121,11,0,5
BRDA:121,11,1,4
BRDA:130,12,0,1
BRDA:130,12,1,3
BRDA:134,13,0,1
BRDA:134,13,1,2
BRDA:138,14,0,0
BRDA:138,14,1,2
BRDA:159,15,0,2
BRDA:159,15,1,0
BRDA:161,16,0,1
BRDA:161,16,1,1
BRDA:178,17,0,1
BRDA:178,17,1,0
BRDA:222,18,0,0
BRDA:222,18,1,0
BRDA:227,19,0,0
BRDA:227,19,1,0
BRDA:232,20,0,0
BRDA:232,20,1,0
BRDA:237,21,0,0
BRDA:237,21,1,0
BRDA:238,22,0,0
BRDA:238,22,1,0
BRDA:241,23,0,0
BRDA:241,23,1,0
BRDA:245,24,0,0
BRDA:245,24,1,0
BRDA:250,25,0,0
BRDA:250,25,1,0
BRDA:256,26,0,0
BRDA:256,26,1,0
BRDA:256,27,0,0
BRDA:256,27,1,0
BRDA:265,28,0,0
BRDA:265,28,1,0
BRDA:265,29,0,0
BRDA:265,29,1,0
BRDA:269,30,0,0
BRDA:269,30,1,0
BRDA:269,30,2,0
BRDA:269,30,3,0
BRDA:272,31,0,0
BRDA:272,31,1,0
BRDA:272,32,0,0
BRDA:272,32,1,0
BRDA:278,33,0,0
BRDA:278,33,1,0
BRDA:283,34,0,0
BRDA:283,34,1,0
BRDA:292,35,0,0
BRDA:292,35,1,0
BRDA:293,36,0,0
BRDA:293,36,1,0
BRDA:302,37,0,0
BRDA:302,37,1,0
BRDA:308,38,0,0
BRDA:308,38,1,0
BRDA:317,39,0,0
BRDA:317,39,1,0
BRDA:323,40,0,0
BRDA:323,40,1,0
BRDA:328,41,0,0
BRDA:328,41,1,0
BRDA:329,42,0,0
BRDA:329,42,1,0
BRDA:337,43,0,0
BRDA:337,43,1,0
BRDA:342,44,0,0
BRDA:342,44,1,0
BRDA:352,45,0,0
BRDA:352,45,1,0
BRDA:361,46,0,0
BRDA:361,46,1,0
BRDA:381,47,0,0
BRDA:381,47,1,0
BRDA:381,48,0,0
BRDA:381,48,1,0
BRDA:388,49,0,0
BRDA:388,49,1,0
BRDA:397,50,0,0
BRDA:397,50,1,0
BRDA:404,51,0,0
BRDA:404,51,1,0
BRDA:409,52,0,0
BRDA:409,52,1,0
BRDA:410,53,0,0
BRDA:410,53,1,0
BRDA:418,54,0,0
BRDA:418,54,1,0
BRDA:423,55,0,0
BRDA:423,55,1,0
BRDA:440,56,0,0
BRDA:440,56,1,0
BRDA:442,57,0,0
BRDA:442,57,1,0
BRDA:442,58,0,0
BRDA:442,58,1,0
BRDA:475,59,0,0
BRDA:475,59,1,0
BRDA:481,60,0,0
BRDA:481,60,1,0
BRDA:486,61,0,0
BRDA:486,61,1,0
BRDA:486,62,0,0
BRDA:486,62,1,0
BRDA:490,63,0,0
BRDA:490,63,1,0
BRDA:517,64,0,0
BRDA:517,64,1,0
BRDA:522,65,0,0
BRDA:522,65,1,0
BRDA:527,66,0,0
BRDA:527,66,1,0
BRDA:541,67,0,0
BRDA:541,67,1,0
BRDA:545,68,0,0
BRDA:545,68,1,0
BRDA:555,69,0,0
BRDA:555,69,1,0
BRDA:568,70,0,0
BRDA:568,70,1,0
BRDA:572,71,0,0
BRDA:572,71,1,0
BRDA:582,72,0,0
BRDA:582,72,1,0
BRDA:583,73,0,0
BRDA:583,73,1,0
BRDA:583,73,2,0
BRDA:584,74,0,0
BRDA:584,74,1,0
BRDA:584,74,2,0
BRDA:585,75,0,0
BRDA:585,75,1,0
BRDA:600,76,0,0
BRDA:600,76,1,0
BRDA:612,77,0,0
BRDA:612,77,1,0
BRDA:616,78,0,0
BRDA:616,78,1,0
BRDA:655,79,0,0
BRDA:655,79,1,0
BRDA:659,80,0,0
BRDA:659,80,1,0
BRDA:659,80,2,0
BRDA:660,81,0,0
BRDA:660,81,1,0
BRDA:660,81,2,0
BRDA:661,82,0,0
BRDA:661,82,1,0
BRDA:661,82,2,0
BRDA:663,83,0,0
BRDA:663,83,1,0
BRDA:670,84,0,0
BRDA:670,84,1,0
BRDA:675,85,0,0
BRDA:675,85,1,0
BRDA:680,86,0,0
BRDA:680,86,1,0
BRDA:682,87,0,0
BRDA:682,87,1,0
BRF:183
BRH:17
end_of_record
TN:
SF:server/controllers/user.controllers.js
FN:7,(anonymous_0)
FN:11,(anonymous_1)
FN:69,(anonymous_2)
FN:79,(anonymous_3)
FN:89,(anonymous_4)
FN:108,(anonymous_5)
FN:118,(anonymous_6)
FN:156,(anonymous_7)
FNF:8
FNH:2
FNDA:1,(anonymous_0)
FNDA:5,(anonymous_1)
FNDA:0,(anonymous_2)
FNDA:0,(anonymous_3)
FNDA:0,(anonymous_4)
FNDA:0,(anonymous_5)
FNDA:0,(anonymous_6)
FNDA:0,(anonymous_7)
DA:7,1
DA:8,1
DA:11,1
DA:12,5
DA:13,5
DA:14,5
DA:16,5
DA:18,5
DA:19,1
DA:22,4
DA:23,1
DA:26,3
DA:27,1
DA:29,1
DA:30,1
DA:33,0
DA:36,2
DA:37,1
DA:38,0
DA:41,1
DA:42,1
DA:45,2
DA:46,2
DA:47,2
DA:48,2
DA:49,2
DA:50,2
DA:52,2
DA:54,2
DA:56,2
DA:64,2
DA:69,1
DA:70,0
DA:72,0
DA:73,0
DA:76,0
DA:79,1
DA:80,0
DA:82,0
DA:83,0
DA:86,0
DA:89,1
DA:90,0
DA:92,0
DA:94,0
DA:95,0
DA:98,0
DA:100,0
DA:102,0
DA:107,0
DA:108,0
DA:115,0
DA:118,1
DA:120,0
DA:121,0
DA:123,0
DA:124,0
DA:127,0
DA:129,0
DA:130,0
DA:133,0
DA:134,0
DA:135,0
DA:136,0
DA:138,0
DA:140,0
DA:148,0
DA:156,1
DA:158,0
DA:160,0
DA:161,0
DA:164,0
DA:166,0
DA:167,0
DA:170,0
DA:172,0
LF:76
LH:34
BRDA:18,0,0,1
BRDA:18,0,1,4
BRDA:22,1,0,1
BRDA:22,1,1,3
BRDA:22,2,0,4
BRDA:22,2,1,2
BRDA:22,2,2,4
BRDA:22,2,3,3
BRDA:26,3,0,1
BRDA:26,3,1,2
BRDA:26,4,0,3
BRDA:26,4,1,1
BRDA:29,5,0,1
BRDA:29,5,1,0
BRDA:36,6,0,1
BRDA:36,6,1,1
BRDA:37,7,0,0
BRDA:37,7,1,1
BRDA:45,8,0,2
BRDA:45,8,1,0
BRDA:46,9,0,2
BRDA:46,9,1,1
BRDA:47,10,0,2
BRDA:47,10,1,2
BRDA:48,11,0,2
BRDA:48,11,1,2
BRDA:49,12,0,2
BRDA:49,12,1,2
BRDA:50,13,0,2
BRDA:50,13,1,1
BRDA:72,14,0,0
BRDA:72,14,1,0
BRDA:82,15,0,0
BRDA:82,15,1,0
BRDA:94,16,0,0
BRDA:94,16,1,0
BRDA:123,17,0,0
BRDA:123,17,1,0
BRDA:129,18,0,0
BRDA:129,18,1,0
BRDA:133,19,0,0
BRDA:133,19,1,0
BRDA:134,20,0,0
BRDA:134,20,1,0
BRDA:135,21,0,0
BRDA:135,21,1,0
BRDA:136,22,0,0
BRDA:136,22,1,0
BRDA:160,23,0,0
BRDA:160,23,1,0
BRDA:166,24,0,0
BRDA:166,24,1,0
BRF:52
BRH:27
end_of_record
TN:
SF:server/errors/AppError.js
FN:2,(anonymous_0)
FNF:1
FNH:1
FNDA:11,(anonymous_0)
DA:3,11
DA:4,11
DA:5,11
DA:6,11
LF:4
LH:4
BRF:0
BRH:0
end_of_record
TN:
SF:server/lib/cloudinary.js
FNF:0
FNH:0
DA:4,1
DA:7,1
LF:2
LH:2
BRF:0
BRH:0
end_of_record
TN:
SF:server/lib/nodemailer.js
FNF:0
FNH:0
DA:3,1
LF:1
LH:1
BRF:0
BRH:0
end_of_record
TN:
SF:server/lib/paymob.js
FNF:0
FNH:0
DA:1,1
DA:2,1
DA:3,1
DA:4,1
DA:5,1
DA:6,1
DA:7,1
LF:7
LH:7
BRF:0
BRH:0
end_of_record
TN:
SF:server/lib/redis.js
FNF:0
FNH:0
DA:4,1
DA:6,1
LF:2
LH:2
BRF:0
BRH:0
end_of_record
TN:
SF:server/models/coupon.model.js
FNF:0
FNH:0
DA:3,1
DA:32,1
LF:2
LH:2
BRF:0
BRH:0
end_of_record
TN:
SF:server/models/loginAttempt.model.js
FNF:0
FNH:0
DA:3,1
DA:14,1
LF:2
LH:2
BRF:0
BRH:0
end_of_record
TN:
SF:server/models/notification.model.js
FN:15,(anonymous_0)
FNF:1
FNH:0
FNDA:0,(anonymous_0)
DA:3,2
DA:17,0
DA:37,2
LF:3
LH:2
BRDA:17,0,0,0
BRDA:17,0,1,0
BRF:2
BRH:0
end_of_record
TN:
SF:server/models/order.model.js
FNF:0
FNH:0
DA:3,1
DA:41,1
LF:2
LH:2
BRF:0
BRH:0
end_of_record
TN:
SF:server/models/orderItem.model.js
FNF:0
FNH:0
DA:3,1
DA:31,1
LF:2
LH:2
BRF:0
BRH:0
end_of_record
TN:
SF:server/models/payment.model.js
FNF:0
FNH:0
DA:3,1
DA:42,1
LF:2
LH:2
BRF:0
BRH:0
end_of_record
TN:
SF:server/models/product.model.js
FNF:0
FNH:0
DA:3,1
DA:63,1
LF:2
LH:2
BRF:0
BRH:0
end_of_record
TN:
SF:server/models/user.model.js
FN:76,(anonymous_0)
FN:88,(anonymous_1)
FNF:2
FNH:0
FNDA:0,(anonymous_0)
FNDA:0,(anonymous_1)
DA:4,3
DA:76,3
DA:77,0
DA:79,0
DA:80,0
DA:81,0
DA:82,0
DA:84,0
DA:88,3
DA:89,0
DA:92,3
LF:11
LH:4
BRDA:77,0,0,0
BRDA:77,0,1,0
BRF:2
BRH:0
end_of_record
TN:
SF:server/services/nodemailer.service.js
FN:4,(anonymous_0)
FN:17,(anonymous_1)
FNF:2
FNH:0
FNDA:0,(anonymous_0)
FNDA:0,(anonymous_1)
DA:4,1
DA:5,0
DA:6,0
DA:13,0
DA:17,1
DA:18,0
DA:19,0
DA:21,0
DA:24,0
LF:9
LH:2
BRF:0
BRH:0
end_of_record
TN:
SF:server/services/otp.service.js
FN:5,(anonymous_0)
FN:16,(anonymous_1)
FNF:2
FNH:0
FNDA:0,(anonymous_0)
FNDA:0,(anonymous_1)
DA:5,1
DA:6,0
DA:7,0
DA:9,0
DA:12,0
DA:16,1
DA:17,0
DA:18,0
DA:20,0
DA:23,0
LF:10
LH:2
BRF:0
BRH:0
end_of_record
TN:
SF:server/utils/generators.js
FN:3,(anonymous_0)
FN:12,(anonymous_1)
FN:21,(anonymous_2)
FNF:3
FNH:0
FNDA:0,(anonymous_0)
FNDA:0,(anonymous_1)
FNDA:0,(anonymous_2)
DA:3,2
DA:5,0
DA:7,0
DA:9,0
DA:12,2
DA:14,0
DA:16,0
DA:18,0
DA:21,2
DA:22,0
DA:23,0
DA:27,0
DA:28,0
DA:29,0
DA:30,0
DA:32,0
LF:16
LH:3
BRDA:22,0,0,0
BRDA:22,0,1,0
BRDA:27,1,0,0
BRDA:27,1,1,0
BRDA:27,2,0,0
BRDA:27,2,1,0
BRDA:28,3,0,0
BRDA:28,3,1,0
BRDA:28,4,0,0
BRDA:28,4,1,0
BRDA:29,5,0,0
BRDA:29,5,1,0
BRDA:29,6,0,0
BRDA:29,6,1,0
BRDA:30,7,0,0
BRDA:30,7,1,0
BRF:16
BRH:0
end_of_record
TN:
SF:server/validators/validateCollegeEmail.js
FN:1,(anonymous_0)
FN:5,(anonymous_1)
FNF:2
FNH:0
FNDA:0,(anonymous_0)
FNDA:0,(anonymous_1)
DA:1,1
DA:2,0
DA:5,1
LF:3
LH:2
BRF:0
BRH:0
end_of_record
TN:
SF:server/views/resetEmailTemplate.js
FN:1,(anonymous_0)
FNF:1
FNH:0
FNDA:0,(anonymous_0)
DA:1,1
DA:2,0
LF:2
LH:1
BRF:0
BRH:0
end_of_record
TN:
SF:server/views/verifyEmailTemplate.js
FN:1,(anonymous_0)
FNF:1
FNH:0
FNDA:0,(anonymous_0)
DA:1,1
DA:2,0
LF:2
LH:1
BRF:0
BRH:0
end_of_record
TN:
SF:server/views/welcomeEmail.js
FN:1,(anonymous_0)
FNF:1
FNH:0
FNDA:0,(anonymous_0)
DA:1,1
DA:2,0
LF:2
LH:1
BRF:0
BRH:0
end_of_record
